<?xml version="1.0" encoding="UTF-8"?>
<coverage generated="1515978532624" clover="3.2.0">
  <project timestamp="1515978532624" name="All files">
    <metrics statements="1039" coveredstatements="1" conditionals="792" coveredconditionals="0" methods="929" coveredmethods="1" elements="2760" coveredelements="2" complexity="0" loc="1039" ncloc="1039" packages="8" files="28" classes="28">
      <package name="informaportal">
        <metrics statements="16" coveredstatements="0" conditionals="32" coveredconditionals="0" methods="11" coveredmethods="0"/>
        <file name="orig-webpack.config.js" path="/Users/michaelquinlan/Development/informaportal/informaportal/orig-webpack.config.js">
          <metrics statements="2" coveredstatements="0" conditionals="6" coveredconditionals="0" methods="2" coveredmethods="0"/>
          <line num="1" count="0" type="cond" truecount="0" falsecount="6"/>
          <line num="3" count="0" type="stmt"/>
        </file>
        <file name="server.js" path="/Users/michaelquinlan/Development/informaportal/informaportal/server.js">
          <metrics statements="8" coveredstatements="0" conditionals="8" coveredconditionals="0" methods="3" coveredmethods="0"/>
          <line num="1" count="0" type="cond" truecount="0" falsecount="4"/>
          <line num="8" count="0" type="cond" truecount="0" falsecount="4"/>
          <line num="10" count="0" type="stmt"/>
          <line num="24" count="0" type="stmt"/>
          <line num="25" count="0" type="stmt"/>
          <line num="26" count="0" type="stmt"/>
          <line num="30" count="0" type="stmt"/>
          <line num="31" count="0" type="stmt"/>
        </file>
        <file name="store.js" path="/Users/michaelquinlan/Development/informaportal/informaportal/store.js">
          <metrics statements="2" coveredstatements="0" conditionals="10" coveredconditionals="0" methods="3" coveredmethods="0"/>
          <line num="1" count="0" type="cond" truecount="0" falsecount="10"/>
          <line num="8" count="0" type="stmt"/>
        </file>
        <file name="webpack.config.js" path="/Users/michaelquinlan/Development/informaportal/informaportal/webpack.config.js">
          <metrics statements="4" coveredstatements="0" conditionals="8" coveredconditionals="0" methods="3" coveredmethods="0"/>
          <line num="1" count="0" type="cond" truecount="0" falsecount="4"/>
          <line num="2" count="0" type="cond" truecount="0" falsecount="2"/>
          <line num="6" count="0" type="stmt"/>
          <line num="7" count="0" type="stmt"/>
        </file>
      </package>
      <package name="informaportal.actions">
        <metrics statements="11" coveredstatements="0" conditionals="12" coveredconditionals="0" methods="5" coveredmethods="0"/>
        <file name="action-creators.js" path="/Users/michaelquinlan/Development/informaportal/informaportal/actions/action-creators.js">
          <metrics statements="11" coveredstatements="0" conditionals="12" coveredconditionals="0" methods="5" coveredmethods="0"/>
          <line num="1" count="0" type="cond" truecount="0" falsecount="6"/>
          <line num="26" count="0" type="stmt"/>
          <line num="44" count="0" type="cond" truecount="0" falsecount="4"/>
          <line num="46" count="0" type="stmt"/>
          <line num="48" count="0" type="stmt"/>
          <line num="51" count="0" type="cond" truecount="0" falsecount="2"/>
          <line num="54" count="0" type="stmt"/>
          <line num="56" count="0" type="stmt"/>
          <line num="57" count="0" type="stmt"/>
          <line num="59" count="0" type="stmt"/>
          <line num="61" count="0" type="stmt"/>
        </file>
      </package>
      <package name="informaportal.client">
        <metrics statements="24" coveredstatements="0" conditionals="38" coveredconditionals="0" methods="14" coveredmethods="0"/>
        <file name="ClientApp.jsx" path="/Users/michaelquinlan/Development/informaportal/informaportal/client/ClientApp.jsx">
          <metrics statements="3" coveredstatements="0" conditionals="10" coveredconditionals="0" methods="4" coveredmethods="0"/>
          <line num="1" count="0" type="cond" truecount="0" falsecount="10"/>
          <line num="18" count="0" type="stmt"/>
          <line num="37" count="0" type="stmt"/>
        </file>
        <file name="Store.jsx" path="/Users/michaelquinlan/Development/informaportal/informaportal/client/Store.jsx">
          <metrics statements="21" coveredstatements="0" conditionals="28" coveredconditionals="0" methods="10" coveredmethods="0"/>
          <line num="1" count="0" type="cond" truecount="0" falsecount="4"/>
          <line num="3" count="0" type="cond" truecount="0" falsecount="12"/>
          <line num="5" count="0" type="stmt"/>
          <line num="6" count="0" type="stmt"/>
          <line num="11" count="0" type="cond" truecount="0" falsecount="4"/>
          <line num="12" count="0" type="cond" truecount="0" falsecount="2"/>
          <line num="14" count="0" type="stmt"/>
          <line num="16" count="0" type="stmt"/>
          <line num="20" count="0" type="stmt"/>
          <line num="21" count="0" type="stmt"/>
          <line num="22" count="0" type="stmt"/>
          <line num="23" count="0" type="stmt"/>
          <line num="26" count="0" type="stmt"/>
          <line num="27" count="0" type="cond" truecount="0" falsecount="6"/>
          <line num="30" count="0" type="stmt"/>
          <line num="31" count="0" type="stmt"/>
          <line num="41" count="0" type="stmt"/>
          <line num="42" count="0" type="stmt"/>
          <line num="45" count="0" type="stmt"/>
          <line num="50" count="0" type="stmt"/>
          <line num="52" count="0" type="stmt"/>
        </file>
      </package>
      <package name="informaportal.components">
        <metrics statements="85" coveredstatements="1" conditionals="214" coveredconditionals="0" methods="84" coveredmethods="1"/>
        <file name="Chart.jsx" path="/Users/michaelquinlan/Development/informaportal/informaportal/components/Chart.jsx">
          <metrics statements="4" coveredstatements="0" conditionals="10" coveredconditionals="0" methods="5" coveredmethods="0"/>
          <line num="1" count="0" type="cond" truecount="0" falsecount="10"/>
          <line num="6" count="0" type="stmt"/>
          <line num="7" count="0" type="stmt"/>
          <line num="10" count="0" type="stmt"/>
        </file>
        <file name="Footer.jsx" path="/Users/michaelquinlan/Development/informaportal/informaportal/components/Footer.jsx">
          <metrics statements="1" coveredstatements="1" conditionals="0" coveredconditionals="0" methods="1" coveredmethods="1"/>
          <line num="6" count="1" type="stmt"/>
        </file>
        <file name="GoogleMap.jsx" path="/Users/michaelquinlan/Development/informaportal/informaportal/components/GoogleMap.jsx">
          <metrics statements="6" coveredstatements="0" conditionals="29" coveredconditionals="0" methods="10" coveredmethods="0"/>
          <line num="1" count="0" type="cond" truecount="0" falsecount="29"/>
          <line num="3" count="0" type="stmt"/>
          <line num="5" count="0" type="stmt"/>
          <line num="12" count="0" type="stmt"/>
          <line num="15" count="0" type="stmt"/>
          <line num="16" count="0" type="stmt"/>
        </file>
        <file name="Header.jsx" path="/Users/michaelquinlan/Development/informaportal/informaportal/components/Header.jsx">
          <metrics statements="4" coveredstatements="0" conditionals="29" coveredconditionals="0" methods="9" coveredmethods="0"/>
          <line num="1" count="0" type="cond" truecount="0" falsecount="29"/>
          <line num="4" count="0" type="stmt"/>
          <line num="6" count="0" type="stmt"/>
          <line num="20" count="0" type="stmt"/>
        </file>
        <file name="Landing.jsx" path="/Users/michaelquinlan/Development/informaportal/informaportal/components/Landing.jsx">
          <metrics statements="3" coveredstatements="0" conditionals="10" coveredconditionals="0" methods="4" coveredmethods="0"/>
          <line num="1" count="0" type="cond" truecount="0" falsecount="10"/>
          <line num="7" count="0" type="stmt"/>
          <line num="17" count="0" type="stmt"/>
        </file>
        <file name="Loader.jsx" path="/Users/michaelquinlan/Development/informaportal/informaportal/components/Loader.jsx">
          <metrics statements="4" coveredstatements="0" conditionals="10" coveredconditionals="0" methods="4" coveredmethods="0"/>
          <line num="1" count="0" type="cond" truecount="0" falsecount="10"/>
          <line num="4" count="0" type="stmt"/>
          <line num="6" count="0" type="stmt"/>
          <line num="11" count="0" type="stmt"/>
        </file>
        <file name="Login.jsx" path="/Users/michaelquinlan/Development/informaportal/informaportal/components/Login.jsx">
          <metrics statements="4" coveredstatements="0" conditionals="29" coveredconditionals="0" methods="9" coveredmethods="0"/>
          <line num="1" count="0" type="cond" truecount="0" falsecount="29"/>
          <line num="4" count="0" type="stmt"/>
          <line num="6" count="0" type="stmt"/>
          <line num="21" count="0" type="stmt"/>
        </file>
        <file name="News.jsx" path="/Users/michaelquinlan/Development/informaportal/informaportal/components/News.jsx">
          <metrics statements="28" coveredstatements="0" conditionals="33" coveredconditionals="0" methods="14" coveredmethods="0"/>
          <line num="1" count="0" type="cond" truecount="0" falsecount="29"/>
          <line num="9" count="0" type="stmt"/>
          <line num="10" count="0" type="stmt"/>
          <line num="13" count="0" type="stmt"/>
          <line num="15" count="0" type="stmt"/>
          <line num="17" count="0" type="stmt"/>
          <line num="19" count="0" type="stmt"/>
          <line num="22" count="0" type="stmt"/>
          <line num="24" count="0" type="stmt"/>
          <line num="27" count="0" type="stmt"/>
          <line num="28" count="0" type="stmt"/>
          <line num="31" count="0" type="stmt"/>
          <line num="32" count="0" type="stmt"/>
          <line num="35" count="0" type="stmt"/>
          <line num="36" count="0" type="stmt"/>
          <line num="38" count="0" type="stmt"/>
          <line num="39" count="0" type="stmt"/>
          <line num="42" count="0" type="stmt"/>
          <line num="43" count="0" type="stmt"/>
          <line num="44" count="0" type="stmt"/>
          <line num="45" count="0" type="stmt"/>
          <line num="47" count="0" type="stmt"/>
          <line num="60" count="0" type="stmt"/>
          <line num="82" count="0" type="stmt"/>
          <line num="86" count="0" type="stmt"/>
          <line num="88" count="0" type="stmt"/>
          <line num="97" count="0" type="stmt"/>
          <line num="98" count="0" type="stmt"/>
        </file>
        <file name="Signup.jsx" path="/Users/michaelquinlan/Development/informaportal/informaportal/components/Signup.jsx">
          <metrics statements="4" coveredstatements="0" conditionals="29" coveredconditionals="0" methods="9" coveredmethods="0"/>
          <line num="1" count="0" type="cond" truecount="0" falsecount="29"/>
          <line num="4" count="0" type="stmt"/>
          <line num="6" count="0" type="stmt"/>
          <line num="21" count="0" type="stmt"/>
        </file>
        <file name="VideoViewport.jsx" path="/Users/michaelquinlan/Development/informaportal/informaportal/components/VideoViewport.jsx">
          <metrics statements="4" coveredstatements="0" conditionals="29" coveredconditionals="0" methods="9" coveredmethods="0"/>
          <line num="1" count="0" type="cond" truecount="0" falsecount="29"/>
          <line num="7" count="0" type="stmt"/>
          <line num="9" count="0" type="stmt"/>
          <line num="21" count="0" type="stmt"/>
        </file>
        <file name="YouTube.jsx" path="/Users/michaelquinlan/Development/informaportal/informaportal/components/YouTube.jsx">
          <metrics statements="23" coveredstatements="0" conditionals="6" coveredconditionals="0" methods="10" coveredmethods="0"/>
          <line num="6" count="0" type="stmt"/>
          <line num="8" count="0" type="stmt"/>
          <line num="9" count="0" type="stmt"/>
          <line num="10" count="0" type="stmt"/>
          <line num="12" count="0" type="stmt"/>
          <line num="20" count="0" type="stmt"/>
          <line num="21" count="0" type="stmt"/>
          <line num="25" count="0" type="stmt"/>
          <line num="26" count="0" type="stmt"/>
          <line num="27" count="0" type="stmt"/>
          <line num="31" count="0" type="stmt"/>
          <line num="35" count="0" type="stmt"/>
          <line num="41" count="0" type="stmt"/>
          <line num="43" count="0" type="stmt"/>
          <line num="45" count="0" type="stmt"/>
          <line num="47" count="0" type="cond" truecount="0" falsecount="2"/>
          <line num="48" count="0" type="stmt"/>
          <line num="50" count="0" type="stmt"/>
          <line num="53" count="0" type="stmt"/>
          <line num="56" count="0" type="stmt"/>
          <line num="62" count="0" type="stmt"/>
          <line num="71" count="0" type="stmt"/>
          <line num="102" count="0" type="stmt"/>
        </file>
      </package>
      <package name="informaportal.containers">
        <metrics statements="87" coveredstatements="0" conditionals="124" coveredconditionals="0" methods="54" coveredmethods="0"/>
        <file name="SearchBar.jsx" path="/Users/michaelquinlan/Development/informaportal/informaportal/containers/SearchBar.jsx">
          <metrics statements="19" coveredstatements="0" conditionals="29" coveredconditionals="0" methods="13" coveredmethods="0"/>
          <line num="1" count="0" type="cond" truecount="0" falsecount="29"/>
          <line num="8" count="0" type="stmt"/>
          <line num="9" count="0" type="stmt"/>
          <line num="12" count="0" type="stmt"/>
          <line num="14" count="0" type="stmt"/>
          <line num="15" count="0" type="stmt"/>
          <line num="16" count="0" type="stmt"/>
          <line num="19" count="0" type="stmt"/>
          <line num="20" count="0" type="stmt"/>
          <line num="23" count="0" type="stmt"/>
          <line num="24" count="0" type="stmt"/>
          <line num="27" count="0" type="stmt"/>
          <line num="28" count="0" type="stmt"/>
          <line num="29" count="0" type="stmt"/>
          <line num="30" count="0" type="stmt"/>
          <line num="33" count="0" type="stmt"/>
          <line num="62" count="0" type="stmt"/>
          <line num="66" count="0" type="stmt"/>
          <line num="67" count="0" type="stmt"/>
        </file>
        <file name="SearchImages.jsx" path="/Users/michaelquinlan/Development/informaportal/informaportal/containers/SearchImages.jsx">
          <metrics statements="35" coveredstatements="0" conditionals="33" coveredconditionals="0" methods="17" coveredmethods="0"/>
          <line num="1" count="0" type="cond" truecount="0" falsecount="29"/>
          <line num="8" count="0" type="stmt"/>
          <line num="9" count="0" type="stmt"/>
          <line num="12" count="0" type="stmt"/>
          <line num="13" count="0" type="stmt"/>
          <line num="14" count="0" type="stmt"/>
          <line num="16" count="0" type="stmt"/>
          <line num="19" count="0" type="stmt"/>
          <line num="21" count="0" type="stmt"/>
          <line num="24" count="0" type="stmt"/>
          <line num="25" count="0" type="stmt"/>
          <line num="26" count="0" type="stmt"/>
          <line num="29" count="0" type="stmt"/>
          <line num="30" count="0" type="stmt"/>
          <line num="31" count="0" type="stmt"/>
          <line num="32" count="0" type="stmt"/>
          <line num="35" count="0" type="stmt"/>
          <line num="36" count="0" type="stmt"/>
          <line num="38" count="0" type="stmt"/>
          <line num="39" count="0" type="cond" truecount="0" falsecount="2"/>
          <line num="40" count="0" type="stmt"/>
          <line num="44" count="0" type="stmt"/>
          <line num="45" count="0" type="stmt"/>
          <line num="46" count="0" type="stmt"/>
          <line num="53" count="0" type="stmt"/>
          <line num="55" count="0" type="stmt"/>
          <line num="57" count="0" type="cond" truecount="0" falsecount="2"/>
          <line num="58" count="0" type="stmt"/>
          <line num="60" count="0" type="stmt"/>
          <line num="63" count="0" type="stmt"/>
          <line num="66" count="0" type="stmt"/>
          <line num="68" count="0" type="stmt"/>
          <line num="71" count="0" type="stmt"/>
          <line num="96" count="0" type="stmt"/>
          <line num="108" count="0" type="stmt"/>
        </file>
        <file name="SearchNews.jsx" path="/Users/michaelquinlan/Development/informaportal/informaportal/containers/SearchNews.jsx">
          <metrics statements="17" coveredstatements="0" conditionals="33" coveredconditionals="0" methods="11" coveredmethods="0"/>
          <line num="1" count="0" type="cond" truecount="0" falsecount="29"/>
          <line num="8" count="0" type="stmt"/>
          <line num="9" count="0" type="stmt"/>
          <line num="12" count="0" type="stmt"/>
          <line num="22" count="0" type="stmt"/>
          <line num="25" count="0" type="stmt"/>
          <line num="26" count="0" type="stmt"/>
          <line num="45" count="0" type="stmt"/>
          <line num="47" count="0" type="stmt"/>
          <line num="50" count="0" type="stmt"/>
          <line num="51" count="0" type="stmt"/>
          <line num="52" count="0" type="stmt"/>
          <line num="53" count="0" type="stmt"/>
          <line num="55" count="0" type="stmt"/>
          <line num="84" count="0" type="stmt"/>
          <line num="88" count="0" type="stmt"/>
          <line num="89" count="0" type="stmt"/>
        </file>
        <file name="WeatherList.jsx" path="/Users/michaelquinlan/Development/informaportal/informaportal/containers/WeatherList.jsx">
          <metrics statements="16" coveredstatements="0" conditionals="29" coveredconditionals="0" methods="13" coveredmethods="0"/>
          <line num="1" count="0" type="cond" truecount="0" falsecount="29"/>
          <line num="6" count="0" type="stmt"/>
          <line num="9" count="0" type="stmt"/>
          <line num="10" count="0" type="stmt"/>
          <line num="11" count="0" type="stmt"/>
          <line num="12" count="0" type="stmt"/>
          <line num="13" count="0" type="stmt"/>
          <line num="15" count="0" type="stmt"/>
          <line num="22" count="0" type="stmt"/>
          <line num="25" count="0" type="stmt"/>
          <line num="26" count="0" type="stmt"/>
          <line num="36" count="0" type="stmt"/>
          <line num="52" count="0" type="stmt"/>
          <line num="55" count="0" type="stmt"/>
          <line num="56" count="0" type="stmt"/>
          <line num="57" count="0" type="stmt"/>
        </file>
      </package>
      <package name="informaportal.coverage.lcov-report">
        <metrics statements="78" coveredstatements="0" conditionals="318" coveredconditionals="0" methods="50" coveredmethods="0"/>
        <file name="prettify.js" path="/Users/michaelquinlan/Development/informaportal/informaportal/coverage/lcov-report/prettify.js">
          <metrics statements="1" coveredstatements="0" conditionals="290" coveredconditionals="0" methods="31" coveredmethods="0"/>
          <line num="1" count="0" type="cond" truecount="0" falsecount="290"/>
        </file>
        <file name="sorter.js" path="/Users/michaelquinlan/Development/informaportal/informaportal/coverage/lcov-report/sorter.js">
          <metrics statements="77" coveredstatements="0" conditionals="28" coveredconditionals="0" methods="19" coveredmethods="0"/>
          <line num="1" count="0" type="cond" truecount="0" falsecount="6"/>
          <line num="4" count="0" type="stmt"/>
          <line num="10" count="0" type="stmt"/>
          <line num="12" count="0" type="stmt"/>
          <line num="14" count="0" type="stmt"/>
          <line num="16" count="0" type="stmt"/>
          <line num="20" count="0" type="stmt"/>
          <line num="22" count="0" type="stmt"/>
          <line num="26" count="0" type="stmt"/>
          <line num="27" count="0" type="stmt"/>
          <line num="28" count="0" type="stmt"/>
          <line num="33" count="0" type="stmt"/>
          <line num="34" count="0" type="cond" truecount="0" falsecount="2"/>
          <line num="35" count="0" type="stmt"/>
          <line num="36" count="0" type="stmt"/>
          <line num="39" count="0" type="stmt"/>
          <line num="44" count="0" type="stmt"/>
          <line num="47" count="0" type="stmt"/>
          <line num="50" count="0" type="stmt"/>
          <line num="51" count="0" type="stmt"/>
          <line num="52" count="0" type="stmt"/>
          <line num="53" count="0" type="stmt"/>
          <line num="54" count="0" type="cond" truecount="0" falsecount="2"/>
          <line num="55" count="0" type="stmt"/>
          <line num="57" count="0" type="stmt"/>
          <line num="59" count="0" type="stmt"/>
          <line num="63" count="0" type="stmt"/>
          <line num="66" count="0" type="stmt"/>
          <line num="67" count="0" type="stmt"/>
          <line num="72" count="0" type="stmt"/>
          <line num="73" count="0" type="stmt"/>
          <line num="74" count="0" type="stmt"/>
          <line num="75" count="0" type="stmt"/>
          <line num="76" count="0" type="cond" truecount="0" falsecount="4"/>
          <line num="78" count="0" type="stmt"/>
          <line num="79" count="0" type="stmt"/>
          <line num="80" count="0" type="stmt"/>
          <line num="81" count="0" type="stmt"/>
          <line num="84" count="0" type="cond" truecount="0" falsecount="2"/>
          <line num="85" count="0" type="stmt"/>
          <line num="86" count="0" type="stmt"/>
          <line num="90" count="0" type="stmt"/>
          <line num="91" count="0" type="stmt"/>
          <line num="92" count="0" type="stmt"/>
          <line num="95" count="0" type="stmt"/>
          <line num="97" count="0" type="stmt"/>
          <line num="98" count="0" type="stmt"/>
          <line num="103" count="0" type="stmt"/>
          <line num="104" count="0" type="stmt"/>
          <line num="106" count="0" type="stmt"/>
          <line num="107" count="0" type="stmt"/>
          <line num="111" count="0" type="cond" truecount="0" falsecount="2"/>
          <line num="117" count="0" type="stmt"/>
          <line num="118" count="0" type="stmt"/>
          <line num="120" count="0" type="stmt"/>
          <line num="121" count="0" type="stmt"/>
          <line num="123" count="0" type="cond" truecount="0" falsecount="2"/>
          <line num="124" count="0" type="stmt"/>
          <line num="126" count="0" type="stmt"/>
          <line num="127" count="0" type="stmt"/>
          <line num="128" count="0" type="stmt"/>
          <line num="129" count="0" type="stmt"/>
          <line num="130" count="0" type="stmt"/>
          <line num="133" count="0" type="stmt"/>
          <line num="134" count="0" type="cond" truecount="0" falsecount="2"/>
          <line num="137" count="0" type="stmt"/>
          <line num="138" count="0" type="cond" truecount="0" falsecount="2"/>
          <line num="139" count="0" type="stmt"/>
          <line num="141" count="0" type="stmt"/>
          <line num="147" count="0" type="stmt"/>
          <line num="148" count="0" type="cond" truecount="0" falsecount="2"/>
          <line num="149" count="0" type="stmt"/>
          <line num="151" count="0" type="stmt"/>
          <line num="152" count="0" type="stmt"/>
          <line num="153" count="0" type="stmt"/>
          <line num="154" count="0" type="stmt"/>
          <line num="158" count="0" type="stmt"/>
        </file>
      </package>
      <package name="informaportal.public">
        <metrics statements="715" coveredstatements="0" conditionals="14" coveredconditionals="0" methods="702" coveredmethods="0"/>
        <file name="bundle.js" path="/Users/michaelquinlan/Development/informaportal/informaportal/public/bundle.js">
          <metrics statements="715" coveredstatements="0" conditionals="14" coveredconditionals="0" methods="702" coveredmethods="0"/>
          <line num="1" count="0" type="cond" truecount="0" falsecount="6"/>
          <line num="3" count="0" type="stmt"/>
          <line num="9" count="0" type="cond" truecount="0" falsecount="2"/>
          <line num="10" count="0" type="stmt"/>
          <line num="13" count="0" type="stmt"/>
          <line num="20" count="0" type="stmt"/>
          <line num="23" count="0" type="stmt"/>
          <line num="26" count="0" type="stmt"/>
          <line num="31" count="0" type="stmt"/>
          <line num="34" count="0" type="stmt"/>
          <line num="37" count="0" type="stmt"/>
          <line num="38" count="0" type="cond" truecount="0" falsecount="2"/>
          <line num="39" count="0" type="stmt"/>
          <line num="48" count="0" type="stmt"/>
          <line num="49" count="0" type="cond" truecount="0" falsecount="4"/>
          <line num="50" count="0" type="stmt"/>
          <line num="51" count="0" type="stmt"/>
          <line num="52" count="0" type="stmt"/>
          <line num="53" count="0" type="stmt"/>
          <line num="57" count="0" type="stmt"/>
          <line num="60" count="0" type="stmt"/>
          <line num="63" count="0" type="stmt"/>
          <line num="71" count="0" type="stmt"/>
          <line num="77" count="0" type="stmt"/>
          <line num="83" count="0" type="stmt"/>
          <line num="90" count="0" type="stmt"/>
          <line num="97" count="0" type="stmt"/>
          <line num="104" count="0" type="stmt"/>
          <line num="111" count="0" type="stmt"/>
          <line num="118" count="0" type="stmt"/>
          <line num="124" count="0" type="stmt"/>
          <line num="131" count="0" type="stmt"/>
          <line num="138" count="0" type="stmt"/>
          <line num="145" count="0" type="stmt"/>
          <line num="152" count="0" type="stmt"/>
          <line num="159" count="0" type="stmt"/>
          <line num="166" count="0" type="stmt"/>
          <line num="173" count="0" type="stmt"/>
          <line num="180" count="0" type="stmt"/>
          <line num="187" count="0" type="stmt"/>
          <line num="194" count="0" type="stmt"/>
          <line num="201" count="0" type="stmt"/>
          <line num="208" count="0" type="stmt"/>
          <line num="215" count="0" type="stmt"/>
          <line num="222" count="0" type="stmt"/>
          <line num="229" count="0" type="stmt"/>
          <line num="236" count="0" type="stmt"/>
          <line num="243" count="0" type="stmt"/>
          <line num="250" count="0" type="stmt"/>
          <line num="256" count="0" type="stmt"/>
          <line num="262" count="0" type="stmt"/>
          <line num="269" count="0" type="stmt"/>
          <line num="276" count="0" type="stmt"/>
          <line num="283" count="0" type="stmt"/>
          <line num="289" count="0" type="stmt"/>
          <line num="295" count="0" type="stmt"/>
          <line num="302" count="0" type="stmt"/>
          <line num="309" count="0" type="stmt"/>
          <line num="315" count="0" type="stmt"/>
          <line num="321" count="0" type="stmt"/>
          <line num="327" count="0" type="stmt"/>
          <line num="334" count="0" type="stmt"/>
          <line num="341" count="0" type="stmt"/>
          <line num="348" count="0" type="stmt"/>
          <line num="355" count="0" type="stmt"/>
          <line num="362" count="0" type="stmt"/>
          <line num="369" count="0" type="stmt"/>
          <line num="375" count="0" type="stmt"/>
          <line num="381" count="0" type="stmt"/>
          <line num="387" count="0" type="stmt"/>
          <line num="393" count="0" type="stmt"/>
          <line num="399" count="0" type="stmt"/>
          <line num="406" count="0" type="stmt"/>
          <line num="413" count="0" type="stmt"/>
          <line num="420" count="0" type="stmt"/>
          <line num="427" count="0" type="stmt"/>
          <line num="434" count="0" type="stmt"/>
          <line num="441" count="0" type="stmt"/>
          <line num="448" count="0" type="stmt"/>
          <line num="455" count="0" type="stmt"/>
          <line num="462" count="0" type="stmt"/>
          <line num="469" count="0" type="stmt"/>
          <line num="476" count="0" type="stmt"/>
          <line num="482" count="0" type="stmt"/>
          <line num="488" count="0" type="stmt"/>
          <line num="494" count="0" type="stmt"/>
          <line num="500" count="0" type="stmt"/>
          <line num="506" count="0" type="stmt"/>
          <line num="513" count="0" type="stmt"/>
          <line num="520" count="0" type="stmt"/>
          <line num="527" count="0" type="stmt"/>
          <line num="534" count="0" type="stmt"/>
          <line num="541" count="0" type="stmt"/>
          <line num="548" count="0" type="stmt"/>
          <line num="555" count="0" type="stmt"/>
          <line num="562" count="0" type="stmt"/>
          <line num="569" count="0" type="stmt"/>
          <line num="576" count="0" type="stmt"/>
          <line num="583" count="0" type="stmt"/>
          <line num="589" count="0" type="stmt"/>
          <line num="596" count="0" type="stmt"/>
          <line num="603" count="0" type="stmt"/>
          <line num="610" count="0" type="stmt"/>
          <line num="617" count="0" type="stmt"/>
          <line num="624" count="0" type="stmt"/>
          <line num="631" count="0" type="stmt"/>
          <line num="638" count="0" type="stmt"/>
          <line num="645" count="0" type="stmt"/>
          <line num="652" count="0" type="stmt"/>
          <line num="659" count="0" type="stmt"/>
          <line num="666" count="0" type="stmt"/>
          <line num="673" count="0" type="stmt"/>
          <line num="679" count="0" type="stmt"/>
          <line num="685" count="0" type="stmt"/>
          <line num="692" count="0" type="stmt"/>
          <line num="699" count="0" type="stmt"/>
          <line num="706" count="0" type="stmt"/>
          <line num="713" count="0" type="stmt"/>
          <line num="720" count="0" type="stmt"/>
          <line num="727" count="0" type="stmt"/>
          <line num="734" count="0" type="stmt"/>
          <line num="741" count="0" type="stmt"/>
          <line num="748" count="0" type="stmt"/>
          <line num="755" count="0" type="stmt"/>
          <line num="762" count="0" type="stmt"/>
          <line num="768" count="0" type="stmt"/>
          <line num="775" count="0" type="stmt"/>
          <line num="782" count="0" type="stmt"/>
          <line num="789" count="0" type="stmt"/>
          <line num="796" count="0" type="stmt"/>
          <line num="803" count="0" type="stmt"/>
          <line num="810" count="0" type="stmt"/>
          <line num="817" count="0" type="stmt"/>
          <line num="824" count="0" type="stmt"/>
          <line num="831" count="0" type="stmt"/>
          <line num="838" count="0" type="stmt"/>
          <line num="845" count="0" type="stmt"/>
          <line num="852" count="0" type="stmt"/>
          <line num="859" count="0" type="stmt"/>
          <line num="866" count="0" type="stmt"/>
          <line num="872" count="0" type="stmt"/>
          <line num="878" count="0" type="stmt"/>
          <line num="885" count="0" type="stmt"/>
          <line num="892" count="0" type="stmt"/>
          <line num="898" count="0" type="stmt"/>
          <line num="904" count="0" type="stmt"/>
          <line num="910" count="0" type="stmt"/>
          <line num="916" count="0" type="stmt"/>
          <line num="922" count="0" type="stmt"/>
          <line num="928" count="0" type="stmt"/>
          <line num="934" count="0" type="stmt"/>
          <line num="940" count="0" type="stmt"/>
          <line num="946" count="0" type="stmt"/>
          <line num="952" count="0" type="stmt"/>
          <line num="959" count="0" type="stmt"/>
          <line num="965" count="0" type="stmt"/>
          <line num="971" count="0" type="stmt"/>
          <line num="977" count="0" type="stmt"/>
          <line num="983" count="0" type="stmt"/>
          <line num="989" count="0" type="stmt"/>
          <line num="996" count="0" type="stmt"/>
          <line num="1003" count="0" type="stmt"/>
          <line num="1010" count="0" type="stmt"/>
          <line num="1017" count="0" type="stmt"/>
          <line num="1023" count="0" type="stmt"/>
          <line num="1030" count="0" type="stmt"/>
          <line num="1037" count="0" type="stmt"/>
          <line num="1044" count="0" type="stmt"/>
          <line num="1051" count="0" type="stmt"/>
          <line num="1058" count="0" type="stmt"/>
          <line num="1065" count="0" type="stmt"/>
          <line num="1072" count="0" type="stmt"/>
          <line num="1079" count="0" type="stmt"/>
          <line num="1086" count="0" type="stmt"/>
          <line num="1093" count="0" type="stmt"/>
          <line num="1100" count="0" type="stmt"/>
          <line num="1107" count="0" type="stmt"/>
          <line num="1114" count="0" type="stmt"/>
          <line num="1121" count="0" type="stmt"/>
          <line num="1128" count="0" type="stmt"/>
          <line num="1135" count="0" type="stmt"/>
          <line num="1142" count="0" type="stmt"/>
          <line num="1149" count="0" type="stmt"/>
          <line num="1156" count="0" type="stmt"/>
          <line num="1163" count="0" type="stmt"/>
          <line num="1170" count="0" type="stmt"/>
          <line num="1177" count="0" type="stmt"/>
          <line num="1184" count="0" type="stmt"/>
          <line num="1191" count="0" type="stmt"/>
          <line num="1198" count="0" type="stmt"/>
          <line num="1205" count="0" type="stmt"/>
          <line num="1212" count="0" type="stmt"/>
          <line num="1219" count="0" type="stmt"/>
          <line num="1226" count="0" type="stmt"/>
          <line num="1233" count="0" type="stmt"/>
          <line num="1240" count="0" type="stmt"/>
          <line num="1247" count="0" type="stmt"/>
          <line num="1254" count="0" type="stmt"/>
          <line num="1261" count="0" type="stmt"/>
          <line num="1268" count="0" type="stmt"/>
          <line num="1275" count="0" type="stmt"/>
          <line num="1282" count="0" type="stmt"/>
          <line num="1289" count="0" type="stmt"/>
          <line num="1296" count="0" type="stmt"/>
          <line num="1303" count="0" type="stmt"/>
          <line num="1310" count="0" type="stmt"/>
          <line num="1317" count="0" type="stmt"/>
          <line num="1324" count="0" type="stmt"/>
          <line num="1331" count="0" type="stmt"/>
          <line num="1338" count="0" type="stmt"/>
          <line num="1345" count="0" type="stmt"/>
          <line num="1352" count="0" type="stmt"/>
          <line num="1359" count="0" type="stmt"/>
          <line num="1366" count="0" type="stmt"/>
          <line num="1373" count="0" type="stmt"/>
          <line num="1379" count="0" type="stmt"/>
          <line num="1386" count="0" type="stmt"/>
          <line num="1393" count="0" type="stmt"/>
          <line num="1400" count="0" type="stmt"/>
          <line num="1407" count="0" type="stmt"/>
          <line num="1414" count="0" type="stmt"/>
          <line num="1420" count="0" type="stmt"/>
          <line num="1426" count="0" type="stmt"/>
          <line num="1432" count="0" type="stmt"/>
          <line num="1438" count="0" type="stmt"/>
          <line num="1444" count="0" type="stmt"/>
          <line num="1450" count="0" type="stmt"/>
          <line num="1457" count="0" type="stmt"/>
          <line num="1464" count="0" type="stmt"/>
          <line num="1470" count="0" type="stmt"/>
          <line num="1476" count="0" type="stmt"/>
          <line num="1482" count="0" type="stmt"/>
          <line num="1489" count="0" type="stmt"/>
          <line num="1495" count="0" type="stmt"/>
          <line num="1501" count="0" type="stmt"/>
          <line num="1508" count="0" type="stmt"/>
          <line num="1515" count="0" type="stmt"/>
          <line num="1522" count="0" type="stmt"/>
          <line num="1529" count="0" type="stmt"/>
          <line num="1536" count="0" type="stmt"/>
          <line num="1543" count="0" type="stmt"/>
          <line num="1550" count="0" type="stmt"/>
          <line num="1557" count="0" type="stmt"/>
          <line num="1564" count="0" type="stmt"/>
          <line num="1571" count="0" type="stmt"/>
          <line num="1578" count="0" type="stmt"/>
          <line num="1585" count="0" type="stmt"/>
          <line num="1592" count="0" type="stmt"/>
          <line num="1599" count="0" type="stmt"/>
          <line num="1606" count="0" type="stmt"/>
          <line num="1613" count="0" type="stmt"/>
          <line num="1620" count="0" type="stmt"/>
          <line num="1627" count="0" type="stmt"/>
          <line num="1634" count="0" type="stmt"/>
          <line num="1641" count="0" type="stmt"/>
          <line num="1648" count="0" type="stmt"/>
          <line num="1655" count="0" type="stmt"/>
          <line num="1662" count="0" type="stmt"/>
          <line num="1669" count="0" type="stmt"/>
          <line num="1676" count="0" type="stmt"/>
          <line num="1683" count="0" type="stmt"/>
          <line num="1690" count="0" type="stmt"/>
          <line num="1697" count="0" type="stmt"/>
          <line num="1704" count="0" type="stmt"/>
          <line num="1711" count="0" type="stmt"/>
          <line num="1717" count="0" type="stmt"/>
          <line num="1723" count="0" type="stmt"/>
          <line num="1729" count="0" type="stmt"/>
          <line num="1735" count="0" type="stmt"/>
          <line num="1741" count="0" type="stmt"/>
          <line num="1747" count="0" type="stmt"/>
          <line num="1753" count="0" type="stmt"/>
          <line num="1759" count="0" type="stmt"/>
          <line num="1765" count="0" type="stmt"/>
          <line num="1771" count="0" type="stmt"/>
          <line num="1777" count="0" type="stmt"/>
          <line num="1783" count="0" type="stmt"/>
          <line num="1789" count="0" type="stmt"/>
          <line num="1795" count="0" type="stmt"/>
          <line num="1801" count="0" type="stmt"/>
          <line num="1807" count="0" type="stmt"/>
          <line num="1813" count="0" type="stmt"/>
          <line num="1819" count="0" type="stmt"/>
          <line num="1825" count="0" type="stmt"/>
          <line num="1831" count="0" type="stmt"/>
          <line num="1837" count="0" type="stmt"/>
          <line num="1843" count="0" type="stmt"/>
          <line num="1849" count="0" type="stmt"/>
          <line num="1855" count="0" type="stmt"/>
          <line num="1861" count="0" type="stmt"/>
          <line num="1867" count="0" type="stmt"/>
          <line num="1873" count="0" type="stmt"/>
          <line num="1879" count="0" type="stmt"/>
          <line num="1885" count="0" type="stmt"/>
          <line num="1891" count="0" type="stmt"/>
          <line num="1897" count="0" type="stmt"/>
          <line num="1903" count="0" type="stmt"/>
          <line num="1909" count="0" type="stmt"/>
          <line num="1915" count="0" type="stmt"/>
          <line num="1921" count="0" type="stmt"/>
          <line num="1927" count="0" type="stmt"/>
          <line num="1933" count="0" type="stmt"/>
          <line num="1939" count="0" type="stmt"/>
          <line num="1945" count="0" type="stmt"/>
          <line num="1951" count="0" type="stmt"/>
          <line num="1957" count="0" type="stmt"/>
          <line num="1963" count="0" type="stmt"/>
          <line num="1969" count="0" type="stmt"/>
          <line num="1975" count="0" type="stmt"/>
          <line num="1981" count="0" type="stmt"/>
          <line num="1987" count="0" type="stmt"/>
          <line num="1993" count="0" type="stmt"/>
          <line num="1999" count="0" type="stmt"/>
          <line num="2005" count="0" type="stmt"/>
          <line num="2011" count="0" type="stmt"/>
          <line num="2017" count="0" type="stmt"/>
          <line num="2023" count="0" type="stmt"/>
          <line num="2029" count="0" type="stmt"/>
          <line num="2035" count="0" type="stmt"/>
          <line num="2041" count="0" type="stmt"/>
          <line num="2047" count="0" type="stmt"/>
          <line num="2053" count="0" type="stmt"/>
          <line num="2059" count="0" type="stmt"/>
          <line num="2065" count="0" type="stmt"/>
          <line num="2071" count="0" type="stmt"/>
          <line num="2077" count="0" type="stmt"/>
          <line num="2083" count="0" type="stmt"/>
          <line num="2089" count="0" type="stmt"/>
          <line num="2095" count="0" type="stmt"/>
          <line num="2101" count="0" type="stmt"/>
          <line num="2107" count="0" type="stmt"/>
          <line num="2113" count="0" type="stmt"/>
          <line num="2119" count="0" type="stmt"/>
          <line num="2125" count="0" type="stmt"/>
          <line num="2131" count="0" type="stmt"/>
          <line num="2137" count="0" type="stmt"/>
          <line num="2143" count="0" type="stmt"/>
          <line num="2149" count="0" type="stmt"/>
          <line num="2155" count="0" type="stmt"/>
          <line num="2161" count="0" type="stmt"/>
          <line num="2167" count="0" type="stmt"/>
          <line num="2173" count="0" type="stmt"/>
          <line num="2179" count="0" type="stmt"/>
          <line num="2185" count="0" type="stmt"/>
          <line num="2191" count="0" type="stmt"/>
          <line num="2197" count="0" type="stmt"/>
          <line num="2203" count="0" type="stmt"/>
          <line num="2209" count="0" type="stmt"/>
          <line num="2215" count="0" type="stmt"/>
          <line num="2221" count="0" type="stmt"/>
          <line num="2227" count="0" type="stmt"/>
          <line num="2233" count="0" type="stmt"/>
          <line num="2239" count="0" type="stmt"/>
          <line num="2245" count="0" type="stmt"/>
          <line num="2251" count="0" type="stmt"/>
          <line num="2257" count="0" type="stmt"/>
          <line num="2263" count="0" type="stmt"/>
          <line num="2269" count="0" type="stmt"/>
          <line num="2275" count="0" type="stmt"/>
          <line num="2281" count="0" type="stmt"/>
          <line num="2287" count="0" type="stmt"/>
          <line num="2293" count="0" type="stmt"/>
          <line num="2299" count="0" type="stmt"/>
          <line num="2305" count="0" type="stmt"/>
          <line num="2311" count="0" type="stmt"/>
          <line num="2317" count="0" type="stmt"/>
          <line num="2323" count="0" type="stmt"/>
          <line num="2329" count="0" type="stmt"/>
          <line num="2335" count="0" type="stmt"/>
          <line num="2341" count="0" type="stmt"/>
          <line num="2347" count="0" type="stmt"/>
          <line num="2353" count="0" type="stmt"/>
          <line num="2359" count="0" type="stmt"/>
          <line num="2365" count="0" type="stmt"/>
          <line num="2371" count="0" type="stmt"/>
          <line num="2377" count="0" type="stmt"/>
          <line num="2383" count="0" type="stmt"/>
          <line num="2389" count="0" type="stmt"/>
          <line num="2395" count="0" type="stmt"/>
          <line num="2401" count="0" type="stmt"/>
          <line num="2407" count="0" type="stmt"/>
          <line num="2413" count="0" type="stmt"/>
          <line num="2419" count="0" type="stmt"/>
          <line num="2425" count="0" type="stmt"/>
          <line num="2432" count="0" type="stmt"/>
          <line num="2439" count="0" type="stmt"/>
          <line num="2446" count="0" type="stmt"/>
          <line num="2453" count="0" type="stmt"/>
          <line num="2460" count="0" type="stmt"/>
          <line num="2467" count="0" type="stmt"/>
          <line num="2474" count="0" type="stmt"/>
          <line num="2481" count="0" type="stmt"/>
          <line num="2488" count="0" type="stmt"/>
          <line num="2495" count="0" type="stmt"/>
          <line num="2502" count="0" type="stmt"/>
          <line num="2509" count="0" type="stmt"/>
          <line num="2516" count="0" type="stmt"/>
          <line num="2523" count="0" type="stmt"/>
          <line num="2530" count="0" type="stmt"/>
          <line num="2537" count="0" type="stmt"/>
          <line num="2544" count="0" type="stmt"/>
          <line num="2551" count="0" type="stmt"/>
          <line num="2558" count="0" type="stmt"/>
          <line num="2565" count="0" type="stmt"/>
          <line num="2572" count="0" type="stmt"/>
          <line num="2579" count="0" type="stmt"/>
          <line num="2586" count="0" type="stmt"/>
          <line num="2593" count="0" type="stmt"/>
          <line num="2600" count="0" type="stmt"/>
          <line num="2607" count="0" type="stmt"/>
          <line num="2614" count="0" type="stmt"/>
          <line num="2621" count="0" type="stmt"/>
          <line num="2628" count="0" type="stmt"/>
          <line num="2635" count="0" type="stmt"/>
          <line num="2642" count="0" type="stmt"/>
          <line num="2649" count="0" type="stmt"/>
          <line num="2656" count="0" type="stmt"/>
          <line num="2663" count="0" type="stmt"/>
          <line num="2670" count="0" type="stmt"/>
          <line num="2677" count="0" type="stmt"/>
          <line num="2684" count="0" type="stmt"/>
          <line num="2691" count="0" type="stmt"/>
          <line num="2698" count="0" type="stmt"/>
          <line num="2705" count="0" type="stmt"/>
          <line num="2712" count="0" type="stmt"/>
          <line num="2719" count="0" type="stmt"/>
          <line num="2726" count="0" type="stmt"/>
          <line num="2733" count="0" type="stmt"/>
          <line num="2740" count="0" type="stmt"/>
          <line num="2747" count="0" type="stmt"/>
          <line num="2754" count="0" type="stmt"/>
          <line num="2761" count="0" type="stmt"/>
          <line num="2768" count="0" type="stmt"/>
          <line num="2775" count="0" type="stmt"/>
          <line num="2782" count="0" type="stmt"/>
          <line num="2789" count="0" type="stmt"/>
          <line num="2796" count="0" type="stmt"/>
          <line num="2803" count="0" type="stmt"/>
          <line num="2810" count="0" type="stmt"/>
          <line num="2817" count="0" type="stmt"/>
          <line num="2824" count="0" type="stmt"/>
          <line num="2831" count="0" type="stmt"/>
          <line num="2838" count="0" type="stmt"/>
          <line num="2845" count="0" type="stmt"/>
          <line num="2852" count="0" type="stmt"/>
          <line num="2859" count="0" type="stmt"/>
          <line num="2866" count="0" type="stmt"/>
          <line num="2873" count="0" type="stmt"/>
          <line num="2880" count="0" type="stmt"/>
          <line num="2887" count="0" type="stmt"/>
          <line num="2894" count="0" type="stmt"/>
          <line num="2901" count="0" type="stmt"/>
          <line num="2908" count="0" type="stmt"/>
          <line num="2915" count="0" type="stmt"/>
          <line num="2922" count="0" type="stmt"/>
          <line num="2929" count="0" type="stmt"/>
          <line num="2936" count="0" type="stmt"/>
          <line num="2943" count="0" type="stmt"/>
          <line num="2950" count="0" type="stmt"/>
          <line num="2957" count="0" type="stmt"/>
          <line num="2964" count="0" type="stmt"/>
          <line num="2971" count="0" type="stmt"/>
          <line num="2978" count="0" type="stmt"/>
          <line num="2985" count="0" type="stmt"/>
          <line num="2992" count="0" type="stmt"/>
          <line num="2999" count="0" type="stmt"/>
          <line num="3006" count="0" type="stmt"/>
          <line num="3013" count="0" type="stmt"/>
          <line num="3020" count="0" type="stmt"/>
          <line num="3027" count="0" type="stmt"/>
          <line num="3034" count="0" type="stmt"/>
          <line num="3041" count="0" type="stmt"/>
          <line num="3048" count="0" type="stmt"/>
          <line num="3055" count="0" type="stmt"/>
          <line num="3062" count="0" type="stmt"/>
          <line num="3069" count="0" type="stmt"/>
          <line num="3076" count="0" type="stmt"/>
          <line num="3083" count="0" type="stmt"/>
          <line num="3090" count="0" type="stmt"/>
          <line num="3097" count="0" type="stmt"/>
          <line num="3104" count="0" type="stmt"/>
          <line num="3111" count="0" type="stmt"/>
          <line num="3118" count="0" type="stmt"/>
          <line num="3124" count="0" type="stmt"/>
          <line num="3130" count="0" type="stmt"/>
          <line num="3137" count="0" type="stmt"/>
          <line num="3144" count="0" type="stmt"/>
          <line num="3151" count="0" type="stmt"/>
          <line num="3158" count="0" type="stmt"/>
          <line num="3165" count="0" type="stmt"/>
          <line num="3172" count="0" type="stmt"/>
          <line num="3179" count="0" type="stmt"/>
          <line num="3186" count="0" type="stmt"/>
          <line num="3193" count="0" type="stmt"/>
          <line num="3200" count="0" type="stmt"/>
          <line num="3207" count="0" type="stmt"/>
          <line num="3214" count="0" type="stmt"/>
          <line num="3221" count="0" type="stmt"/>
          <line num="3228" count="0" type="stmt"/>
          <line num="3235" count="0" type="stmt"/>
          <line num="3242" count="0" type="stmt"/>
          <line num="3249" count="0" type="stmt"/>
          <line num="3256" count="0" type="stmt"/>
          <line num="3263" count="0" type="stmt"/>
          <line num="3270" count="0" type="stmt"/>
          <line num="3277" count="0" type="stmt"/>
          <line num="3284" count="0" type="stmt"/>
          <line num="3291" count="0" type="stmt"/>
          <line num="3298" count="0" type="stmt"/>
          <line num="3305" count="0" type="stmt"/>
          <line num="3312" count="0" type="stmt"/>
          <line num="3319" count="0" type="stmt"/>
          <line num="3326" count="0" type="stmt"/>
          <line num="3332" count="0" type="stmt"/>
          <line num="3339" count="0" type="stmt"/>
          <line num="3346" count="0" type="stmt"/>
          <line num="3353" count="0" type="stmt"/>
          <line num="3360" count="0" type="stmt"/>
          <line num="3367" count="0" type="stmt"/>
          <line num="3374" count="0" type="stmt"/>
          <line num="3381" count="0" type="stmt"/>
          <line num="3388" count="0" type="stmt"/>
          <line num="3395" count="0" type="stmt"/>
          <line num="3402" count="0" type="stmt"/>
          <line num="3409" count="0" type="stmt"/>
          <line num="3416" count="0" type="stmt"/>
          <line num="3422" count="0" type="stmt"/>
          <line num="3428" count="0" type="stmt"/>
          <line num="3434" count="0" type="stmt"/>
          <line num="3440" count="0" type="stmt"/>
          <line num="3447" count="0" type="stmt"/>
          <line num="3454" count="0" type="stmt"/>
          <line num="3460" count="0" type="stmt"/>
          <line num="3467" count="0" type="stmt"/>
          <line num="3474" count="0" type="stmt"/>
          <line num="3481" count="0" type="stmt"/>
          <line num="3488" count="0" type="stmt"/>
          <line num="3495" count="0" type="stmt"/>
          <line num="3502" count="0" type="stmt"/>
          <line num="3509" count="0" type="stmt"/>
          <line num="3516" count="0" type="stmt"/>
          <line num="3523" count="0" type="stmt"/>
          <line num="3530" count="0" type="stmt"/>
          <line num="3537" count="0" type="stmt"/>
          <line num="3544" count="0" type="stmt"/>
          <line num="3551" count="0" type="stmt"/>
          <line num="3558" count="0" type="stmt"/>
          <line num="3565" count="0" type="stmt"/>
          <line num="3572" count="0" type="stmt"/>
          <line num="3579" count="0" type="stmt"/>
          <line num="3586" count="0" type="stmt"/>
          <line num="3592" count="0" type="stmt"/>
          <line num="3598" count="0" type="stmt"/>
          <line num="3604" count="0" type="stmt"/>
          <line num="3611" count="0" type="stmt"/>
          <line num="3617" count="0" type="stmt"/>
          <line num="3623" count="0" type="stmt"/>
          <line num="3629" count="0" type="stmt"/>
          <line num="3636" count="0" type="stmt"/>
          <line num="3642" count="0" type="stmt"/>
          <line num="3648" count="0" type="stmt"/>
          <line num="3654" count="0" type="stmt"/>
          <line num="3660" count="0" type="stmt"/>
          <line num="3666" count="0" type="stmt"/>
          <line num="3673" count="0" type="stmt"/>
          <line num="3679" count="0" type="stmt"/>
          <line num="3685" count="0" type="stmt"/>
          <line num="3691" count="0" type="stmt"/>
          <line num="3697" count="0" type="stmt"/>
          <line num="3704" count="0" type="stmt"/>
          <line num="3710" count="0" type="stmt"/>
          <line num="3716" count="0" type="stmt"/>
          <line num="3722" count="0" type="stmt"/>
          <line num="3728" count="0" type="stmt"/>
          <line num="3735" count="0" type="stmt"/>
          <line num="3741" count="0" type="stmt"/>
          <line num="3747" count="0" type="stmt"/>
          <line num="3753" count="0" type="stmt"/>
          <line num="3759" count="0" type="stmt"/>
          <line num="3765" count="0" type="stmt"/>
          <line num="3771" count="0" type="stmt"/>
          <line num="3777" count="0" type="stmt"/>
          <line num="3783" count="0" type="stmt"/>
          <line num="3789" count="0" type="stmt"/>
          <line num="3795" count="0" type="stmt"/>
          <line num="3801" count="0" type="stmt"/>
          <line num="3807" count="0" type="stmt"/>
          <line num="3813" count="0" type="stmt"/>
          <line num="3819" count="0" type="stmt"/>
          <line num="3825" count="0" type="stmt"/>
          <line num="3831" count="0" type="stmt"/>
          <line num="3838" count="0" type="stmt"/>
          <line num="3844" count="0" type="stmt"/>
          <line num="3850" count="0" type="stmt"/>
          <line num="3857" count="0" type="stmt"/>
          <line num="3864" count="0" type="stmt"/>
          <line num="3871" count="0" type="stmt"/>
          <line num="3878" count="0" type="stmt"/>
          <line num="3885" count="0" type="stmt"/>
          <line num="3892" count="0" type="stmt"/>
          <line num="3899" count="0" type="stmt"/>
          <line num="3906" count="0" type="stmt"/>
          <line num="3913" count="0" type="stmt"/>
          <line num="3920" count="0" type="stmt"/>
          <line num="3927" count="0" type="stmt"/>
          <line num="3934" count="0" type="stmt"/>
          <line num="3941" count="0" type="stmt"/>
          <line num="3948" count="0" type="stmt"/>
          <line num="3955" count="0" type="stmt"/>
          <line num="3962" count="0" type="stmt"/>
          <line num="3969" count="0" type="stmt"/>
          <line num="3976" count="0" type="stmt"/>
          <line num="3983" count="0" type="stmt"/>
          <line num="3989" count="0" type="stmt"/>
          <line num="3995" count="0" type="stmt"/>
          <line num="4002" count="0" type="stmt"/>
          <line num="4008" count="0" type="stmt"/>
          <line num="4014" count="0" type="stmt"/>
          <line num="4021" count="0" type="stmt"/>
          <line num="4027" count="0" type="stmt"/>
          <line num="4033" count="0" type="stmt"/>
          <line num="4039" count="0" type="stmt"/>
          <line num="4046" count="0" type="stmt"/>
          <line num="4053" count="0" type="stmt"/>
          <line num="4060" count="0" type="stmt"/>
          <line num="4067" count="0" type="stmt"/>
          <line num="4074" count="0" type="stmt"/>
          <line num="4081" count="0" type="stmt"/>
          <line num="4088" count="0" type="stmt"/>
          <line num="4095" count="0" type="stmt"/>
          <line num="4102" count="0" type="stmt"/>
          <line num="4109" count="0" type="stmt"/>
          <line num="4116" count="0" type="stmt"/>
          <line num="4123" count="0" type="stmt"/>
          <line num="4130" count="0" type="stmt"/>
          <line num="4137" count="0" type="stmt"/>
          <line num="4144" count="0" type="stmt"/>
          <line num="4151" count="0" type="stmt"/>
          <line num="4158" count="0" type="stmt"/>
          <line num="4165" count="0" type="stmt"/>
          <line num="4172" count="0" type="stmt"/>
          <line num="4179" count="0" type="stmt"/>
          <line num="4186" count="0" type="stmt"/>
          <line num="4193" count="0" type="stmt"/>
          <line num="4200" count="0" type="stmt"/>
          <line num="4207" count="0" type="stmt"/>
          <line num="4214" count="0" type="stmt"/>
          <line num="4221" count="0" type="stmt"/>
          <line num="4228" count="0" type="stmt"/>
          <line num="4235" count="0" type="stmt"/>
          <line num="4242" count="0" type="stmt"/>
          <line num="4249" count="0" type="stmt"/>
          <line num="4256" count="0" type="stmt"/>
          <line num="4263" count="0" type="stmt"/>
          <line num="4270" count="0" type="stmt"/>
          <line num="4277" count="0" type="stmt"/>
          <line num="4284" count="0" type="stmt"/>
          <line num="4291" count="0" type="stmt"/>
          <line num="4298" count="0" type="stmt"/>
          <line num="4305" count="0" type="stmt"/>
          <line num="4312" count="0" type="stmt"/>
          <line num="4319" count="0" type="stmt"/>
          <line num="4326" count="0" type="stmt"/>
          <line num="4333" count="0" type="stmt"/>
          <line num="4340" count="0" type="stmt"/>
          <line num="4347" count="0" type="stmt"/>
          <line num="4354" count="0" type="stmt"/>
          <line num="4361" count="0" type="stmt"/>
          <line num="4368" count="0" type="stmt"/>
          <line num="4375" count="0" type="stmt"/>
          <line num="4382" count="0" type="stmt"/>
          <line num="4389" count="0" type="stmt"/>
          <line num="4396" count="0" type="stmt"/>
          <line num="4403" count="0" type="stmt"/>
          <line num="4410" count="0" type="stmt"/>
          <line num="4417" count="0" type="stmt"/>
          <line num="4424" count="0" type="stmt"/>
          <line num="4431" count="0" type="stmt"/>
          <line num="4438" count="0" type="stmt"/>
          <line num="4445" count="0" type="stmt"/>
          <line num="4452" count="0" type="stmt"/>
          <line num="4459" count="0" type="stmt"/>
          <line num="4466" count="0" type="stmt"/>
          <line num="4473" count="0" type="stmt"/>
          <line num="4480" count="0" type="stmt"/>
          <line num="4487" count="0" type="stmt"/>
          <line num="4494" count="0" type="stmt"/>
          <line num="4501" count="0" type="stmt"/>
          <line num="4508" count="0" type="stmt"/>
          <line num="4515" count="0" type="stmt"/>
          <line num="4522" count="0" type="stmt"/>
          <line num="4529" count="0" type="stmt"/>
          <line num="4536" count="0" type="stmt"/>
          <line num="4542" count="0" type="stmt"/>
          <line num="4548" count="0" type="stmt"/>
          <line num="4554" count="0" type="stmt"/>
          <line num="4560" count="0" type="stmt"/>
          <line num="4566" count="0" type="stmt"/>
          <line num="4572" count="0" type="stmt"/>
          <line num="4578" count="0" type="stmt"/>
          <line num="4585" count="0" type="stmt"/>
          <line num="4592" count="0" type="stmt"/>
          <line num="4598" count="0" type="stmt"/>
          <line num="4604" count="0" type="stmt"/>
          <line num="4610" count="0" type="stmt"/>
          <line num="4616" count="0" type="stmt"/>
          <line num="4622" count="0" type="stmt"/>
          <line num="4628" count="0" type="stmt"/>
          <line num="4634" count="0" type="stmt"/>
          <line num="4640" count="0" type="stmt"/>
          <line num="4646" count="0" type="stmt"/>
          <line num="4652" count="0" type="stmt"/>
          <line num="4658" count="0" type="stmt"/>
          <line num="4664" count="0" type="stmt"/>
          <line num="4670" count="0" type="stmt"/>
        </file>
      </package>
      <package name="informaportal.reducers">
        <metrics statements="23" coveredstatements="0" conditionals="40" coveredconditionals="0" methods="9" coveredmethods="0"/>
        <file name="reducer_index.js" path="/Users/michaelquinlan/Development/informaportal/informaportal/reducers/reducer_index.js">
          <metrics statements="3" coveredstatements="0" conditionals="10" coveredconditionals="0" methods="3" coveredmethods="0"/>
          <line num="1" count="0" type="cond" truecount="0" falsecount="10"/>
          <line num="6" count="0" type="stmt"/>
          <line num="11" count="0" type="stmt"/>
        </file>
        <file name="reducer_news.js" path="/Users/michaelquinlan/Development/informaportal/informaportal/reducers/reducer_news.js">
          <metrics statements="7" coveredstatements="0" conditionals="14" coveredconditionals="0" methods="3" coveredmethods="0"/>
          <line num="1" count="0" type="cond" truecount="0" falsecount="6"/>
          <line num="3" count="0" type="cond" truecount="0" falsecount="4"/>
          <line num="4" count="0" type="stmt"/>
          <line num="5" count="0" type="cond" truecount="0" falsecount="2"/>
          <line num="7" count="0" type="cond" truecount="0" falsecount="2"/>
          <line num="8" count="0" type="stmt"/>
          <line num="12" count="0" type="stmt"/>
        </file>
        <file name="reducer_weather.js" path="/Users/michaelquinlan/Development/informaportal/informaportal/reducers/reducer_weather.js">
          <metrics statements="13" coveredstatements="0" conditionals="16" coveredconditionals="0" methods="3" coveredmethods="0"/>
          <line num="1" count="0" type="cond" truecount="0" falsecount="6"/>
          <line num="3" count="0" type="cond" truecount="0" falsecount="4"/>
          <line num="4" count="0" type="stmt"/>
          <line num="5" count="0" type="cond" truecount="0" falsecount="2"/>
          <line num="7" count="0" type="cond" truecount="0" falsecount="2"/>
          <line num="8" count="0" type="stmt"/>
          <line num="9" count="0" type="stmt"/>
          <line num="10" count="0" type="stmt"/>
          <line num="13" count="0" type="cond" truecount="0" falsecount="2"/>
          <line num="14" count="0" type="stmt"/>
          <line num="15" count="0" type="stmt"/>
          <line num="17" count="0" type="stmt"/>
          <line num="20" count="0" type="stmt"/>
        </file>
      </package>
    </metrics>
  </project>
</coverage>
