{"/Users/michaelquinlan/Development/omnichanne1-react/components/Footer.jsx": {"path":"/Users/michaelquinlan/Development/omnichanne1-react/components/Footer.jsx","statementMap":{"0":{"start":{"line":6,"column":4},"end":{"line":36,"column":6}}},"fnMap":{"0":{"name":"(anonymous_0)","decl":{"start":{"line":5,"column":2},"end":{"line":5,"column":3}},"loc":{"start":{"line":5,"column":12},"end":{"line":37,"column":3}},"line":5}},"branchMap":{},"s":{"0":1},"f":{"0":1},"b":{},"_coverageSchema":"332fd63041d2c1bcb487cc26dd0d5f7d97098a6c","hash":"3da5ccbe50b07ede97cab1aa2224056daff8df2c"}
}
