{"/Users/michaelquinlan/Development/informaportal/informaportal/orig-webpack.config.js": {"path":"/Users/michaelquinlan/Development/informaportal/informaportal/orig-webpack.config.js","statementMap":{"0":{"start":{"line":1,"column":0},"end":{"line":24,"column":41}},"1":{"start":{"line":1,"column":29},"end":{"line":1,"column":291}},"2":{"start":{"line":1,"column":78},"end":{"line":1,"column":114}},"3":{"start":{"line":1,"column":121},"end":{"line":1,"column":291}},"4":{"start":{"line":1,"column":158},"end":{"line":1,"column":191}},"5":{"start":{"line":1,"column":209},"end":{"line":1,"column":224}},"6":{"start":{"line":1,"column":225},"end":{"line":1,"column":251}},"7":{"start":{"line":1,"column":251},"end":{"line":1,"column":290}},"8":{"start":{"line":3,"column":2},"end":{"line":24,"column":38}}},"fnMap":{"0":{"name":"(anonymous_0)","decl":{"start":{"line":1,"column":1},"end":{"line":1,"column":2}},"loc":{"start":{"line":1,"column":28},"end":{"line":1,"column":292}},"line":1},"1":{"name":"(anonymous_1)","decl":{"start":{"line":1,"column":300},"end":{"line":1,"column":301}},"loc":{"start":{"line":1,"column":324},"end":{"line":24,"column":39}},"line":1}},"branchMap":{"0":{"loc":{"start":{"line":1,"column":29},"end":{"line":1,"column":291}},"type":"if","locations":[{"start":{"line":1,"column":29},"end":{"line":1,"column":291}},{"start":{"line":1,"column":29},"end":{"line":1,"column":291}}],"line":1},"1":{"loc":{"start":{"line":1,"column":33},"end":{"line":1,"column":75}},"type":"binary-expr","locations":[{"start":{"line":1,"column":33},"end":{"line":1,"column":61}},{"start":{"line":1,"column":65},"end":{"line":1,"column":75}}],"line":1},"2":{"loc":{"start":{"line":1,"column":121},"end":{"line":1,"column":291}},"type":"if","locations":[{"start":{"line":1,"column":121},"end":{"line":1,"column":291}},{"start":{"line":1,"column":121},"end":{"line":1,"column":291}}],"line":1}},"s":{"0":0,"1":0,"2":0,"3":0,"4":0,"5":0,"6":0,"7":0,"8":0},"f":{"0":0,"1":0},"b":{"0":[0,0],"1":[0,0],"2":[0,0]}}
,"/Users/michaelquinlan/Development/informaportal/informaportal/server.js": {"path":"/Users/michaelquinlan/Development/informaportal/informaportal/server.js","statementMap":{"0":{"start":{"line":1,"column":0},"end":{"line":31,"column":48}},"1":{"start":{"line":1,"column":29},"end":{"line":8,"column":371}},"2":{"start":{"line":1,"column":78},"end":{"line":8,"column":37}},"3":{"start":{"line":8,"column":44},"end":{"line":8,"column":371}},"4":{"start":{"line":8,"column":81},"end":{"line":8,"column":206}},"5":{"start":{"line":8,"column":224},"end":{"line":8,"column":239}},"6":{"start":{"line":8,"column":240},"end":{"line":8,"column":342}},"7":{"start":{"line":8,"column":342},"end":{"line":8,"column":370}},"8":{"start":{"line":8,"column":466},"end":{"line":8,"column":475}},"9":{"start":{"line":8,"column":487},"end":{"line":8,"column":511}},"10":{"start":{"line":10,"column":4},"end":{"line":10,"column":27}},"11":{"start":{"line":24,"column":4},"end":{"line":24,"column":51}},"12":{"start":{"line":25,"column":4},"end":{"line":27,"column":7}},"13":{"start":{"line":26,"column":8},"end":{"line":26,"column":56}},"14":{"start":{"line":30,"column":4},"end":{"line":30,"column":21}},"15":{"start":{"line":31,"column":4},"end":{"line":31,"column":45}}},"fnMap":{"0":{"name":"(anonymous_0)","decl":{"start":{"line":1,"column":1},"end":{"line":1,"column":2}},"loc":{"start":{"line":1,"column":28},"end":{"line":8,"column":372}},"line":1},"1":{"name":"(anonymous_1)","decl":{"start":{"line":8,"column":380},"end":{"line":8,"column":381}},"loc":{"start":{"line":8,"column":442},"end":{"line":31,"column":46}},"line":8},"2":{"name":"(anonymous_2)","decl":{"start":{"line":25,"column":18},"end":{"line":25,"column":19}},"loc":{"start":{"line":25,"column":44},"end":{"line":27,"column":5}},"line":25}},"branchMap":{"0":{"loc":{"start":{"line":1,"column":29},"end":{"line":8,"column":371}},"type":"if","locations":[{"start":{"line":1,"column":29},"end":{"line":8,"column":371}},{"start":{"line":1,"column":29},"end":{"line":8,"column":371}}],"line":1},"1":{"loc":{"start":{"line":1,"column":33},"end":{"line":1,"column":75}},"type":"binary-expr","locations":[{"start":{"line":1,"column":33},"end":{"line":1,"column":61}},{"start":{"line":1,"column":65},"end":{"line":1,"column":75}}],"line":1},"2":{"loc":{"start":{"line":8,"column":44},"end":{"line":8,"column":371}},"type":"if","locations":[{"start":{"line":8,"column":44},"end":{"line":8,"column":371}},{"start":{"line":8,"column":44},"end":{"line":8,"column":371}}],"line":8},"3":{"loc":{"start":{"line":8,"column":487},"end":{"line":8,"column":511}},"type":"binary-expr","locations":[{"start":{"line":8,"column":487},"end":{"line":8,"column":503}},{"start":{"line":8,"column":507},"end":{"line":8,"column":511}}],"line":8}},"s":{"0":0,"1":0,"2":0,"3":0,"4":0,"5":0,"6":0,"7":0,"8":0,"9":0,"10":0,"11":0,"12":0,"13":0,"14":0,"15":0},"f":{"0":0,"1":0,"2":0},"b":{"0":[0,0],"1":[0,0],"2":[0,0],"3":[0,0]}}
,"/Users/michaelquinlan/Development/informaportal/informaportal/store.js": {"path":"/Users/michaelquinlan/Development/informaportal/informaportal/store.js","statementMap":{"0":{"start":{"line":1,"column":0},"end":{"line":11,"column":11}},"1":{"start":{"line":1,"column":29},"end":{"line":1,"column":443}},"2":{"start":{"line":1,"column":78},"end":{"line":1,"column":161}},"3":{"start":{"line":1,"column":168},"end":{"line":1,"column":443}},"4":{"start":{"line":1,"column":205},"end":{"line":1,"column":303}},"5":{"start":{"line":1,"column":321},"end":{"line":1,"column":336}},"6":{"start":{"line":1,"column":337},"end":{"line":1,"column":415}},"7":{"start":{"line":1,"column":415},"end":{"line":1,"column":442}},"8":{"start":{"line":1,"column":524},"end":{"line":1,"column":586}},"9":{"start":{"line":1,"column":607},"end":{"line":1,"column":644}},"10":{"start":{"line":1,"column":667},"end":{"line":1,"column":705}},"11":{"start":{"line":1,"column":744},"end":{"line":1,"column":798}},"12":{"start":{"line":8,"column":14},"end":{"line":8,"column":136}},"13":{"start":{"line":8,"column":137},"end":{"line":11,"column":8}}},"fnMap":{"0":{"name":"(anonymous_0)","decl":{"start":{"line":1,"column":1},"end":{"line":1,"column":2}},"loc":{"start":{"line":1,"column":28},"end":{"line":1,"column":444}},"line":1},"1":{"name":"(anonymous_1)","decl":{"start":{"line":1,"column":452},"end":{"line":1,"column":453}},"loc":{"start":{"line":1,"column":510},"end":{"line":11,"column":9}},"line":1},"2":{"name":"_interopRequireDefault","decl":{"start":{"line":1,"column":715},"end":{"line":1,"column":737}},"loc":{"start":{"line":1,"column":743},"end":{"line":1,"column":799}},"line":1}},"branchMap":{"0":{"loc":{"start":{"line":1,"column":29},"end":{"line":1,"column":443}},"type":"if","locations":[{"start":{"line":1,"column":29},"end":{"line":1,"column":443}},{"start":{"line":1,"column":29},"end":{"line":1,"column":443}}],"line":1},"1":{"loc":{"start":{"line":1,"column":33},"end":{"line":1,"column":75}},"type":"binary-expr","locations":[{"start":{"line":1,"column":33},"end":{"line":1,"column":61}},{"start":{"line":1,"column":65},"end":{"line":1,"column":75}}],"line":1},"2":{"loc":{"start":{"line":1,"column":168},"end":{"line":1,"column":443}},"type":"if","locations":[{"start":{"line":1,"column":168},"end":{"line":1,"column":443}},{"start":{"line":1,"column":168},"end":{"line":1,"column":443}}],"line":1},"3":{"loc":{"start":{"line":1,"column":751},"end":{"line":1,"column":797}},"type":"cond-expr","locations":[{"start":{"line":1,"column":775},"end":{"line":1,"column":778}},{"start":{"line":1,"column":781},"end":{"line":1,"column":797}}],"line":1},"4":{"loc":{"start":{"line":1,"column":751},"end":{"line":1,"column":772}},"type":"binary-expr","locations":[{"start":{"line":1,"column":751},"end":{"line":1,"column":754}},{"start":{"line":1,"column":758},"end":{"line":1,"column":772}}],"line":1}},"s":{"0":0,"1":0,"2":0,"3":0,"4":0,"5":0,"6":0,"7":0,"8":0,"9":0,"10":0,"11":0,"12":0,"13":0},"f":{"0":0,"1":0,"2":0},"b":{"0":[0,0],"1":[0,0],"2":[0,0],"3":[0,0],"4":[0,0]}}
,"/Users/michaelquinlan/Development/informaportal/informaportal/webpack.config.js": {"path":"/Users/michaelquinlan/Development/informaportal/informaportal/webpack.config.js","statementMap":{"0":{"start":{"line":1,"column":0},"end":{"line":68,"column":7}},"1":{"start":{"line":1,"column":29},"end":{"line":2,"column":234}},"2":{"start":{"line":1,"column":78},"end":{"line":2,"column":25}},"3":{"start":{"line":2,"column":32},"end":{"line":2,"column":234}},"4":{"start":{"line":2,"column":69},"end":{"line":2,"column":122}},"5":{"start":{"line":2,"column":140},"end":{"line":2,"column":155}},"6":{"start":{"line":2,"column":156},"end":{"line":2,"column":198}},"7":{"start":{"line":2,"column":198},"end":{"line":2,"column":233}},"8":{"start":{"line":6,"column":2},"end":{"line":68,"column":4}},"9":{"start":{"line":7,"column":4},"end":{"line":62,"column":57}}},"fnMap":{"0":{"name":"(anonymous_0)","decl":{"start":{"line":1,"column":1},"end":{"line":1,"column":2}},"loc":{"start":{"line":1,"column":28},"end":{"line":2,"column":235}},"line":1},"1":{"name":"(anonymous_1)","decl":{"start":{"line":2,"column":243},"end":{"line":2,"column":244}},"loc":{"start":{"line":2,"column":276},"end":{"line":68,"column":5}},"line":2},"2":{"name":"(anonymous_2)","decl":{"start":{"line":6,"column":19},"end":{"line":6,"column":20}},"loc":{"start":{"line":6,"column":34},"end":{"line":68,"column":3}},"line":6}},"branchMap":{"0":{"loc":{"start":{"line":1,"column":29},"end":{"line":2,"column":234}},"type":"if","locations":[{"start":{"line":1,"column":29},"end":{"line":2,"column":234}},{"start":{"line":1,"column":29},"end":{"line":2,"column":234}}],"line":1},"1":{"loc":{"start":{"line":1,"column":33},"end":{"line":1,"column":75}},"type":"binary-expr","locations":[{"start":{"line":1,"column":33},"end":{"line":1,"column":61}},{"start":{"line":1,"column":65},"end":{"line":1,"column":75}}],"line":1},"2":{"loc":{"start":{"line":2,"column":32},"end":{"line":2,"column":234}},"type":"if","locations":[{"start":{"line":2,"column":32},"end":{"line":2,"column":234}},{"start":{"line":2,"column":32},"end":{"line":2,"column":234}}],"line":2},"3":{"loc":{"start":{"line":11,"column":15},"end":{"line":11,"column":47}},"type":"cond-expr","locations":[{"start":{"line":11,"column":26},"end":{"line":11,"column":38}},{"start":{"line":11,"column":41},"end":{"line":11,"column":47}}],"line":11}},"s":{"0":0,"1":0,"2":0,"3":0,"4":0,"5":0,"6":0,"7":0,"8":0,"9":0},"f":{"0":0,"1":0,"2":0},"b":{"0":[0,0],"1":[0,0],"2":[0,0],"3":[0,0]}}
,"/Users/michaelquinlan/Development/informaportal/informaportal/actions/action-creators.js": {"path":"/Users/michaelquinlan/Development/informaportal/informaportal/actions/action-creators.js","statementMap":{"0":{"start":{"line":1,"column":0},"end":{"line":65,"column":6}},"1":{"start":{"line":1,"column":29},"end":{"line":1,"column":301}},"2":{"start":{"line":1,"column":78},"end":{"line":1,"column":116}},"3":{"start":{"line":1,"column":123},"end":{"line":1,"column":301}},"4":{"start":{"line":1,"column":160},"end":{"line":1,"column":195}},"5":{"start":{"line":1,"column":213},"end":{"line":1,"column":228}},"6":{"start":{"line":1,"column":229},"end":{"line":1,"column":264}},"7":{"start":{"line":1,"column":264},"end":{"line":1,"column":300}},"8":{"start":{"line":1,"column":351},"end":{"line":1,"column":413}},"9":{"start":{"line":1,"column":413},"end":{"line":1,"column":468}},"10":{"start":{"line":1,"column":468},"end":{"line":26,"column":30}},"11":{"start":{"line":26,"column":30},"end":{"line":44,"column":24}},"12":{"start":{"line":44,"column":38},"end":{"line":44,"column":68}},"13":{"start":{"line":44,"column":107},"end":{"line":44,"column":161}},"14":{"start":{"line":46,"column":186},"end":{"line":46,"column":225}},"15":{"start":{"line":46,"column":243},"end":{"line":46,"column":276}},"16":{"start":{"line":48,"column":303},"end":{"line":48,"column":336}},"17":{"start":{"line":48,"column":360},"end":{"line":48,"column":423}},"18":{"start":{"line":48,"column":443},"end":{"line":48,"column":481}},"19":{"start":{"line":48,"column":502},"end":{"line":48,"column":552}},"20":{"start":{"line":51,"column":34},"end":{"line":51,"column":65}},"21":{"start":{"line":51,"column":46},"end":{"line":51,"column":64}},"22":{"start":{"line":51,"column":75},"end":{"line":51,"column":118}},"23":{"start":{"line":51,"column":133},"end":{"line":51,"column":157}},"24":{"start":{"line":51,"column":158},"end":{"line":51,"column":191}},"25":{"start":{"line":51,"column":191},"end":{"line":51,"column":240}},"26":{"start":{"line":54,"column":17},"end":{"line":54,"column":66}},"27":{"start":{"line":56,"column":14},"end":{"line":56,"column":103}},"28":{"start":{"line":57,"column":18},"end":{"line":57,"column":50}},"29":{"start":{"line":59,"column":4},"end":{"line":59,"column":47}},"30":{"start":{"line":61,"column":4},"end":{"line":63,"column":25}}},"fnMap":{"0":{"name":"(anonymous_0)","decl":{"start":{"line":1,"column":1},"end":{"line":1,"column":2}},"loc":{"start":{"line":1,"column":28},"end":{"line":1,"column":302}},"line":1},"1":{"name":"(anonymous_1)","decl":{"start":{"line":1,"column":310},"end":{"line":1,"column":311}},"loc":{"start":{"line":1,"column":337},"end":{"line":65,"column":4}},"line":1},"2":{"name":"_interopRequireDefault","decl":{"start":{"line":44,"column":78},"end":{"line":44,"column":100}},"loc":{"start":{"line":44,"column":106},"end":{"line":44,"column":162}},"line":44},"3":{"name":"fetchWeather","decl":{"start":{"line":51,"column":14},"end":{"line":51,"column":26}},"loc":{"start":{"line":51,"column":33},"end":{"line":51,"column":241}},"line":51},"4":{"name":"fetchNews","decl":{"start":{"line":51,"column":250},"end":{"line":51,"column":259}},"loc":{"start":{"line":51,"column":272},"end":{"line":65,"column":3}},"line":51}},"branchMap":{"0":{"loc":{"start":{"line":1,"column":29},"end":{"line":1,"column":301}},"type":"if","locations":[{"start":{"line":1,"column":29},"end":{"line":1,"column":301}},{"start":{"line":1,"column":29},"end":{"line":1,"column":301}}],"line":1},"1":{"loc":{"start":{"line":1,"column":33},"end":{"line":1,"column":75}},"type":"binary-expr","locations":[{"start":{"line":1,"column":33},"end":{"line":1,"column":61}},{"start":{"line":1,"column":65},"end":{"line":1,"column":75}}],"line":1},"2":{"loc":{"start":{"line":1,"column":123},"end":{"line":1,"column":301}},"type":"if","locations":[{"start":{"line":1,"column":123},"end":{"line":1,"column":301}},{"start":{"line":1,"column":123},"end":{"line":1,"column":301}}],"line":1},"3":{"loc":{"start":{"line":44,"column":114},"end":{"line":44,"column":160}},"type":"cond-expr","locations":[{"start":{"line":44,"column":138},"end":{"line":44,"column":141}},{"start":{"line":44,"column":144},"end":{"line":44,"column":160}}],"line":44},"4":{"loc":{"start":{"line":44,"column":114},"end":{"line":44,"column":135}},"type":"binary-expr","locations":[{"start":{"line":44,"column":114},"end":{"line":44,"column":117}},{"start":{"line":44,"column":121},"end":{"line":44,"column":135}}],"line":44},"5":{"loc":{"start":{"line":51,"column":34},"end":{"line":51,"column":65}},"type":"if","locations":[{"start":{"line":51,"column":34},"end":{"line":51,"column":65}},{"start":{"line":51,"column":34},"end":{"line":51,"column":65}}],"line":51}},"s":{"0":0,"1":0,"2":0,"3":0,"4":0,"5":0,"6":0,"7":0,"8":0,"9":0,"10":0,"11":0,"12":0,"13":0,"14":0,"15":0,"16":0,"17":0,"18":0,"19":0,"20":0,"21":0,"22":0,"23":0,"24":0,"25":0,"26":0,"27":0,"28":0,"29":0,"30":0},"f":{"0":0,"1":0,"2":0,"3":0,"4":0},"b":{"0":[0,0],"1":[0,0],"2":[0,0],"3":[0,0],"4":[0,0],"5":[0,0]}}
,"/Users/michaelquinlan/Development/informaportal/informaportal/client/ClientApp.jsx": {"path":"/Users/michaelquinlan/Development/informaportal/informaportal/client/ClientApp.jsx","statementMap":{"0":{"start":{"line":1,"column":0},"end":{"line":37,"column":101}},"1":{"start":{"line":1,"column":29},"end":{"line":1,"column":1202}},"2":{"start":{"line":1,"column":78},"end":{"line":1,"column":411}},"3":{"start":{"line":1,"column":418},"end":{"line":1,"column":1202}},"4":{"start":{"line":1,"column":455},"end":{"line":1,"column":904}},"5":{"start":{"line":1,"column":922},"end":{"line":1,"column":937}},"6":{"start":{"line":1,"column":938},"end":{"line":1,"column":1170}},"7":{"start":{"line":1,"column":1170},"end":{"line":1,"column":1201}},"8":{"start":{"line":1,"column":1351},"end":{"line":1,"column":1381}},"9":{"start":{"line":1,"column":1396},"end":{"line":1,"column":1426}},"10":{"start":{"line":1,"column":1442},"end":{"line":1,"column":1473}},"11":{"start":{"line":1,"column":1490},"end":{"line":1,"column":1522}},"12":{"start":{"line":1,"column":1537},"end":{"line":1,"column":1567}},"13":{"start":{"line":1,"column":1583},"end":{"line":1,"column":1614}},"14":{"start":{"line":1,"column":1630},"end":{"line":1,"column":1661}},"15":{"start":{"line":1,"column":1700},"end":{"line":1,"column":1754}},"16":{"start":{"line":18,"column":12},"end":{"line":30,"column":71}},"17":{"start":{"line":18,"column":28},"end":{"line":30,"column":70}},"18":{"start":{"line":37,"column":2},"end":{"line":37,"column":98}}},"fnMap":{"0":{"name":"(anonymous_0)","decl":{"start":{"line":1,"column":1},"end":{"line":1,"column":2}},"loc":{"start":{"line":1,"column":28},"end":{"line":1,"column":1203}},"line":1},"1":{"name":"(anonymous_1)","decl":{"start":{"line":1,"column":1211},"end":{"line":1,"column":1212}},"loc":{"start":{"line":1,"column":1323},"end":{"line":37,"column":99}},"line":1},"2":{"name":"_interopRequireDefault","decl":{"start":{"line":1,"column":1671},"end":{"line":1,"column":1693}},"loc":{"start":{"line":1,"column":1699},"end":{"line":1,"column":1755}},"line":1},"3":{"name":"App","decl":{"start":{"line":18,"column":21},"end":{"line":18,"column":24}},"loc":{"start":{"line":18,"column":27},"end":{"line":30,"column":71}},"line":18}},"branchMap":{"0":{"loc":{"start":{"line":1,"column":29},"end":{"line":1,"column":1202}},"type":"if","locations":[{"start":{"line":1,"column":29},"end":{"line":1,"column":1202}},{"start":{"line":1,"column":29},"end":{"line":1,"column":1202}}],"line":1},"1":{"loc":{"start":{"line":1,"column":33},"end":{"line":1,"column":75}},"type":"binary-expr","locations":[{"start":{"line":1,"column":33},"end":{"line":1,"column":61}},{"start":{"line":1,"column":65},"end":{"line":1,"column":75}}],"line":1},"2":{"loc":{"start":{"line":1,"column":418},"end":{"line":1,"column":1202}},"type":"if","locations":[{"start":{"line":1,"column":418},"end":{"line":1,"column":1202}},{"start":{"line":1,"column":418},"end":{"line":1,"column":1202}}],"line":1},"3":{"loc":{"start":{"line":1,"column":1707},"end":{"line":1,"column":1753}},"type":"cond-expr","locations":[{"start":{"line":1,"column":1731},"end":{"line":1,"column":1734}},{"start":{"line":1,"column":1737},"end":{"line":1,"column":1753}}],"line":1},"4":{"loc":{"start":{"line":1,"column":1707},"end":{"line":1,"column":1728}},"type":"binary-expr","locations":[{"start":{"line":1,"column":1707},"end":{"line":1,"column":1710}},{"start":{"line":1,"column":1714},"end":{"line":1,"column":1728}}],"line":1}},"s":{"0":0,"1":0,"2":0,"3":0,"4":0,"5":0,"6":0,"7":0,"8":0,"9":0,"10":0,"11":0,"12":0,"13":0,"14":0,"15":0,"16":0,"17":0,"18":0},"f":{"0":0,"1":0,"2":0,"3":0},"b":{"0":[0,0],"1":[0,0],"2":[0,0],"3":[0,0],"4":[0,0]}}
,"/Users/michaelquinlan/Development/informaportal/informaportal/client/Store.jsx": {"path":"/Users/michaelquinlan/Development/informaportal/informaportal/client/Store.jsx","statementMap":{"0":{"start":{"line":1,"column":0},"end":{"line":54,"column":7}},"1":{"start":{"line":1,"column":29},"end":{"line":3,"column":282}},"2":{"start":{"line":1,"column":78},"end":{"line":3,"column":32}},"3":{"start":{"line":3,"column":39},"end":{"line":3,"column":282}},"4":{"start":{"line":3,"column":76},"end":{"line":3,"column":161}},"5":{"start":{"line":3,"column":179},"end":{"line":3,"column":194}},"6":{"start":{"line":3,"column":195},"end":{"line":3,"column":254}},"7":{"start":{"line":3,"column":254},"end":{"line":3,"column":281}},"8":{"start":{"line":3,"column":366},"end":{"line":3,"column":616}},"9":{"start":{"line":3,"column":452},"end":{"line":3,"column":470}},"10":{"start":{"line":3,"column":490},"end":{"line":3,"column":615}},"11":{"start":{"line":3,"column":629},"end":{"line":3,"column":643}},"12":{"start":{"line":5,"column":24},"end":{"line":5,"column":39}},"13":{"start":{"line":6,"column":21},"end":{"line":8,"column":18}},"14":{"start":{"line":11,"column":20},"end":{"line":18,"column":3}},"15":{"start":{"line":11,"column":56},"end":{"line":11,"column":136}},"16":{"start":{"line":11,"column":150},"end":{"line":11,"column":162}},"17":{"start":{"line":12,"column":4},"end":{"line":16,"column":22}},"18":{"start":{"line":14,"column":8},"end":{"line":14,"column":47}},"19":{"start":{"line":16,"column":8},"end":{"line":16,"column":21}},"20":{"start":{"line":20,"column":25},"end":{"line":24,"column":3}},"21":{"start":{"line":21,"column":19},"end":{"line":21,"column":21}},"22":{"start":{"line":22,"column":4},"end":{"line":22,"column":65}},"23":{"start":{"line":23,"column":4},"end":{"line":23,"column":20}},"24":{"start":{"line":26,"column":14},"end":{"line":27,"column":187}},"25":{"start":{"line":27,"column":175},"end":{"line":27,"column":184}},"26":{"start":{"line":30,"column":24},"end":{"line":35,"column":3}},"27":{"start":{"line":31,"column":4},"end":{"line":33,"column":27}},"28":{"start":{"line":41,"column":27},"end":{"line":48,"column":3}},"29":{"start":{"line":42,"column":4},"end":{"line":46,"column":10}},"30":{"start":{"line":45,"column":8},"end":{"line":45,"column":63}},"31":{"start":{"line":50,"column":18},"end":{"line":50,"column":73}},"32":{"start":{"line":52,"column":2},"end":{"line":54,"column":4}}},"fnMap":{"0":{"name":"(anonymous_0)","decl":{"start":{"line":1,"column":1},"end":{"line":1,"column":2}},"loc":{"start":{"line":1,"column":28},"end":{"line":3,"column":283}},"line":1},"1":{"name":"(anonymous_1)","decl":{"start":{"line":3,"column":291},"end":{"line":3,"column":292}},"loc":{"start":{"line":3,"column":338},"end":{"line":54,"column":5}},"line":3},"2":{"name":"(anonymous_2)","decl":{"start":{"line":3,"column":436},"end":{"line":3,"column":437}},"loc":{"start":{"line":3,"column":451},"end":{"line":3,"column":471}},"line":3},"3":{"name":"(anonymous_3)","decl":{"start":{"line":3,"column":474},"end":{"line":3,"column":475}},"loc":{"start":{"line":3,"column":489},"end":{"line":3,"column":616}},"line":3},"4":{"name":"rootReducer","decl":{"start":{"line":11,"column":29},"end":{"line":11,"column":40}},"loc":{"start":{"line":11,"column":43},"end":{"line":18,"column":3}},"line":11},"5":{"name":"reduceSearchTerm","decl":{"start":{"line":20,"column":34},"end":{"line":20,"column":50}},"loc":{"start":{"line":20,"column":66},"end":{"line":24,"column":3}},"line":20},"6":{"name":"(anonymous_6)","decl":{"start":{"line":27,"column":161},"end":{"line":27,"column":162}},"loc":{"start":{"line":27,"column":174},"end":{"line":27,"column":185}},"line":27},"7":{"name":"mapStateToProps","decl":{"start":{"line":30,"column":33},"end":{"line":30,"column":48}},"loc":{"start":{"line":30,"column":56},"end":{"line":35,"column":3}},"line":30},"8":{"name":"mapDispatchToProps","decl":{"start":{"line":41,"column":36},"end":{"line":41,"column":54}},"loc":{"start":{"line":41,"column":65},"end":{"line":48,"column":3}},"line":41},"9":{"name":"setSearchTerm","decl":{"start":{"line":44,"column":30},"end":{"line":44,"column":43}},"loc":{"start":{"line":44,"column":56},"end":{"line":46,"column":7}},"line":44}},"branchMap":{"0":{"loc":{"start":{"line":1,"column":29},"end":{"line":3,"column":282}},"type":"if","locations":[{"start":{"line":1,"column":29},"end":{"line":3,"column":282}},{"start":{"line":1,"column":29},"end":{"line":3,"column":282}}],"line":1},"1":{"loc":{"start":{"line":1,"column":33},"end":{"line":1,"column":75}},"type":"binary-expr","locations":[{"start":{"line":1,"column":33},"end":{"line":1,"column":61}},{"start":{"line":1,"column":65},"end":{"line":1,"column":75}}],"line":1},"2":{"loc":{"start":{"line":3,"column":39},"end":{"line":3,"column":282}},"type":"if","locations":[{"start":{"line":3,"column":39},"end":{"line":3,"column":282}},{"start":{"line":3,"column":39},"end":{"line":3,"column":282}}],"line":3},"3":{"loc":{"start":{"line":3,"column":366},"end":{"line":3,"column":616}},"type":"cond-expr","locations":[{"start":{"line":3,"column":436},"end":{"line":3,"column":471}},{"start":{"line":3,"column":474},"end":{"line":3,"column":616}}],"line":3},"4":{"loc":{"start":{"line":3,"column":366},"end":{"line":3,"column":433}},"type":"binary-expr","locations":[{"start":{"line":3,"column":366},"end":{"line":3,"column":394}},{"start":{"line":3,"column":398},"end":{"line":3,"column":433}}],"line":3},"5":{"loc":{"start":{"line":3,"column":497},"end":{"line":3,"column":614}},"type":"cond-expr","locations":[{"start":{"line":3,"column":593},"end":{"line":3,"column":601}},{"start":{"line":3,"column":604},"end":{"line":3,"column":614}}],"line":3},"6":{"loc":{"start":{"line":3,"column":497},"end":{"line":3,"column":590}},"type":"binary-expr","locations":[{"start":{"line":3,"column":497},"end":{"line":3,"column":500}},{"start":{"line":3,"column":504},"end":{"line":3,"column":532}},{"start":{"line":3,"column":536},"end":{"line":3,"column":562}},{"start":{"line":3,"column":566},"end":{"line":3,"column":590}}],"line":3},"7":{"loc":{"start":{"line":11,"column":56},"end":{"line":11,"column":136}},"type":"cond-expr","locations":[{"start":{"line":11,"column":109},"end":{"line":11,"column":121}},{"start":{"line":11,"column":124},"end":{"line":11,"column":136}}],"line":11},"8":{"loc":{"start":{"line":11,"column":56},"end":{"line":11,"column":106}},"type":"binary-expr","locations":[{"start":{"line":11,"column":56},"end":{"line":11,"column":76}},{"start":{"line":11,"column":80},"end":{"line":11,"column":106}}],"line":11},"9":{"loc":{"start":{"line":12,"column":4},"end":{"line":16,"column":22}},"type":"switch","locations":[{"start":{"line":13,"column":6},"end":{"line":14,"column":47}},{"start":{"line":15,"column":6},"end":{"line":16,"column":21}}],"line":12},"10":{"loc":{"start":{"line":27,"column":2},"end":{"line":27,"column":185}},"type":"cond-expr","locations":[{"start":{"line":27,"column":132},"end":{"line":27,"column":158}},{"start":{"line":27,"column":161},"end":{"line":27,"column":185}}],"line":27},"11":{"loc":{"start":{"line":27,"column":2},"end":{"line":27,"column":129}},"type":"binary-expr","locations":[{"start":{"line":27,"column":2},"end":{"line":27,"column":78}},{"start":{"line":27,"column":82},"end":{"line":27,"column":129}}],"line":27},"12":{"loc":{"start":{"line":27,"column":3},"end":{"line":27,"column":64}},"type":"cond-expr","locations":[{"start":{"line":27,"column":35},"end":{"line":27,"column":46}},{"start":{"line":27,"column":49},"end":{"line":27,"column":64}}],"line":27}},"s":{"0":0,"1":0,"2":0,"3":0,"4":0,"5":0,"6":0,"7":0,"8":0,"9":0,"10":0,"11":0,"12":0,"13":0,"14":0,"15":0,"16":0,"17":0,"18":0,"19":0,"20":0,"21":0,"22":0,"23":0,"24":0,"25":0,"26":0,"27":0,"28":0,"29":0,"30":0,"31":0,"32":0},"f":{"0":0,"1":0,"2":0,"3":0,"4":0,"5":0,"6":0,"7":0,"8":0,"9":0},"b":{"0":[0,0],"1":[0,0],"2":[0,0],"3":[0,0],"4":[0,0],"5":[0,0],"6":[0,0,0,0],"7":[0,0],"8":[0,0],"9":[0,0],"10":[0,0],"11":[0,0],"12":[0,0]}}
,"/Users/michaelquinlan/Development/informaportal/informaportal/components/Chart.jsx": {"path":"/Users/michaelquinlan/Development/informaportal/informaportal/components/Chart.jsx","statementMap":{"0":{"start":{"line":1,"column":0},"end":{"line":16,"column":97}},"1":{"start":{"line":1,"column":29},"end":{"line":1,"column":409}},"2":{"start":{"line":1,"column":78},"end":{"line":1,"column":146}},"3":{"start":{"line":1,"column":153},"end":{"line":1,"column":409}},"4":{"start":{"line":1,"column":190},"end":{"line":1,"column":273}},"5":{"start":{"line":1,"column":291},"end":{"line":1,"column":306}},"6":{"start":{"line":1,"column":307},"end":{"line":1,"column":381}},"7":{"start":{"line":1,"column":381},"end":{"line":1,"column":408}},"8":{"start":{"line":1,"column":486},"end":{"line":1,"column":548}},"9":{"start":{"line":1,"column":563},"end":{"line":1,"column":594}},"10":{"start":{"line":1,"column":609},"end":{"line":1,"column":639}},"11":{"start":{"line":1,"column":678},"end":{"line":1,"column":732}},"12":{"start":{"line":6,"column":4},"end":{"line":6,"column":76}},"13":{"start":{"line":7,"column":3},"end":{"line":16,"column":94}},"14":{"start":{"line":10,"column":20},"end":{"line":16,"column":92}}},"fnMap":{"0":{"name":"(anonymous_0)","decl":{"start":{"line":1,"column":1},"end":{"line":1,"column":2}},"loc":{"start":{"line":1,"column":28},"end":{"line":1,"column":410}},"line":1},"1":{"name":"(anonymous_1)","decl":{"start":{"line":1,"column":418},"end":{"line":1,"column":419}},"loc":{"start":{"line":1,"column":472},"end":{"line":16,"column":95}},"line":1},"2":{"name":"_interopRequireDefault","decl":{"start":{"line":1,"column":649},"end":{"line":1,"column":671}},"loc":{"start":{"line":1,"column":677},"end":{"line":1,"column":733}},"line":1},"3":{"name":"average","decl":{"start":{"line":5,"column":11},"end":{"line":5,"column":18}},"loc":{"start":{"line":5,"column":25},"end":{"line":7,"column":3}},"line":5},"4":{"name":"(anonymous_4)","decl":{"start":{"line":10,"column":2},"end":{"line":10,"column":3}},"loc":{"start":{"line":10,"column":19},"end":{"line":16,"column":93}},"line":10}},"branchMap":{"0":{"loc":{"start":{"line":1,"column":29},"end":{"line":1,"column":409}},"type":"if","locations":[{"start":{"line":1,"column":29},"end":{"line":1,"column":409}},{"start":{"line":1,"column":29},"end":{"line":1,"column":409}}],"line":1},"1":{"loc":{"start":{"line":1,"column":33},"end":{"line":1,"column":75}},"type":"binary-expr","locations":[{"start":{"line":1,"column":33},"end":{"line":1,"column":61}},{"start":{"line":1,"column":65},"end":{"line":1,"column":75}}],"line":1},"2":{"loc":{"start":{"line":1,"column":153},"end":{"line":1,"column":409}},"type":"if","locations":[{"start":{"line":1,"column":153},"end":{"line":1,"column":409}},{"start":{"line":1,"column":153},"end":{"line":1,"column":409}}],"line":1},"3":{"loc":{"start":{"line":1,"column":685},"end":{"line":1,"column":731}},"type":"cond-expr","locations":[{"start":{"line":1,"column":709},"end":{"line":1,"column":712}},{"start":{"line":1,"column":715},"end":{"line":1,"column":731}}],"line":1},"4":{"loc":{"start":{"line":1,"column":685},"end":{"line":1,"column":706}},"type":"binary-expr","locations":[{"start":{"line":1,"column":685},"end":{"line":1,"column":688}},{"start":{"line":1,"column":692},"end":{"line":1,"column":706}}],"line":1}},"s":{"0":0,"1":0,"2":0,"3":0,"4":0,"5":0,"6":0,"7":0,"8":0,"9":0,"10":0,"11":0,"12":0,"13":0,"14":0},"f":{"0":0,"1":0,"2":0,"3":0,"4":0},"b":{"0":[0,0],"1":[0,0],"2":[0,0],"3":[0,0],"4":[0,0]}}
,"/Users/michaelquinlan/Development/informaportal/informaportal/components/Footer.jsx": {"path":"/Users/michaelquinlan/Development/informaportal/informaportal/components/Footer.jsx","statementMap":{"0":{"start":{"line":6,"column":4},"end":{"line":34,"column":6}}},"fnMap":{"0":{"name":"(anonymous_0)","decl":{"start":{"line":5,"column":2},"end":{"line":5,"column":3}},"loc":{"start":{"line":5,"column":11},"end":{"line":35,"column":3}},"line":5}},"branchMap":{},"s":{"0":1},"f":{"0":1},"b":{},"_coverageSchema":"332fd63041d2c1bcb487cc26dd0d5f7d97098a6c","hash":"f3c1a099c8423036771afcb4b37ab7e57bfd9c15"}
,"/Users/michaelquinlan/Development/informaportal/informaportal/components/GoogleMap.jsx": {"path":"/Users/michaelquinlan/Development/informaportal/informaportal/components/GoogleMap.jsx","statementMap":{"0":{"start":{"line":1,"column":0},"end":{"line":19,"column":15}},"1":{"start":{"line":1,"column":29},"end":{"line":1,"column":296}},"2":{"start":{"line":1,"column":78},"end":{"line":1,"column":116}},"3":{"start":{"line":1,"column":123},"end":{"line":1,"column":296}},"4":{"start":{"line":1,"column":160},"end":{"line":1,"column":195}},"5":{"start":{"line":1,"column":213},"end":{"line":1,"column":228}},"6":{"start":{"line":1,"column":229},"end":{"line":1,"column":264}},"7":{"start":{"line":1,"column":264},"end":{"line":1,"column":295}},"8":{"start":{"line":1,"column":346},"end":{"line":1,"column":408}},"9":{"start":{"line":1,"column":422},"end":{"line":1,"column":452}},"10":{"start":{"line":1,"column":491},"end":{"line":1,"column":545}},"11":{"start":{"line":1,"column":595},"end":{"line":1,"column":694}},"12":{"start":{"line":1,"column":636},"end":{"line":1,"column":693}},"13":{"start":{"line":1,"column":744},"end":{"line":1,"column":843}},"14":{"start":{"line":1,"column":756},"end":{"line":1,"column":842}},"15":{"start":{"line":1,"column":843},"end":{"line":1,"column":929}},"16":{"start":{"line":1,"column":972},"end":{"line":1,"column":1135}},"17":{"start":{"line":1,"column":1034},"end":{"line":1,"column":1134}},"18":{"start":{"line":1,"column":1135},"end":{"line":1,"column":1299}},"19":{"start":{"line":1,"column":1299},"end":{"line":1,"column":1417}},"20":{"start":{"line":1,"column":1315},"end":{"line":1,"column":1417}},"21":{"start":{"line":3,"column":14},"end":{"line":16,"column":51}},"22":{"start":{"line":3,"column":43},"end":{"line":3,"column":82}},"23":{"start":{"line":3,"column":104},"end":{"line":3,"column":137}},"24":{"start":{"line":3,"column":137},"end":{"line":3,"column":218}},"25":{"start":{"line":3,"column":219},"end":{"line":12,"column":6}},"26":{"start":{"line":5,"column":6},"end":{"line":9,"column":35}},"27":{"start":{"line":12,"column":6},"end":{"line":16,"column":6}},"28":{"start":{"line":15,"column":6},"end":{"line":15,"column":66}},"29":{"start":{"line":16,"column":6},"end":{"line":16,"column":23}},"30":{"start":{"line":16,"column":52},"end":{"line":19,"column":12}}},"fnMap":{"0":{"name":"(anonymous_0)","decl":{"start":{"line":1,"column":1},"end":{"line":1,"column":2}},"loc":{"start":{"line":1,"column":28},"end":{"line":1,"column":297}},"line":1},"1":{"name":"(anonymous_1)","decl":{"start":{"line":1,"column":305},"end":{"line":1,"column":306}},"loc":{"start":{"line":1,"column":332},"end":{"line":19,"column":13}},"line":1},"2":{"name":"_interopRequireDefault","decl":{"start":{"line":1,"column":462},"end":{"line":1,"column":484}},"loc":{"start":{"line":1,"column":490},"end":{"line":1,"column":546}},"line":1},"3":{"name":"_classCallCheck","decl":{"start":{"line":1,"column":555},"end":{"line":1,"column":570}},"loc":{"start":{"line":1,"column":594},"end":{"line":1,"column":695}},"line":1},"4":{"name":"_possibleConstructorReturn","decl":{"start":{"line":1,"column":704},"end":{"line":1,"column":730}},"loc":{"start":{"line":1,"column":743},"end":{"line":1,"column":930}},"line":1},"5":{"name":"_inherits","decl":{"start":{"line":1,"column":939},"end":{"line":1,"column":948}},"loc":{"start":{"line":1,"column":971},"end":{"line":1,"column":1418}},"line":1},"6":{"name":"(anonymous_6)","decl":{"start":{"line":3,"column":14},"end":{"line":3,"column":15}},"loc":{"start":{"line":3,"column":42},"end":{"line":16,"column":24}},"line":3},"7":{"name":"GoogleMap","decl":{"start":{"line":3,"column":91},"end":{"line":3,"column":100}},"loc":{"start":{"line":3,"column":103},"end":{"line":3,"column":219}},"line":3},"8":{"name":"componentDidMount","decl":{"start":{"line":4,"column":33},"end":{"line":4,"column":50}},"loc":{"start":{"line":4,"column":53},"end":{"line":12,"column":5}},"line":4},"9":{"name":"render","decl":{"start":{"line":14,"column":22},"end":{"line":14,"column":28}},"loc":{"start":{"line":14,"column":31},"end":{"line":16,"column":5}},"line":14}},"branchMap":{"0":{"loc":{"start":{"line":1,"column":29},"end":{"line":1,"column":296}},"type":"if","locations":[{"start":{"line":1,"column":29},"end":{"line":1,"column":296}},{"start":{"line":1,"column":29},"end":{"line":1,"column":296}}],"line":1},"1":{"loc":{"start":{"line":1,"column":33},"end":{"line":1,"column":75}},"type":"binary-expr","locations":[{"start":{"line":1,"column":33},"end":{"line":1,"column":61}},{"start":{"line":1,"column":65},"end":{"line":1,"column":75}}],"line":1},"2":{"loc":{"start":{"line":1,"column":123},"end":{"line":1,"column":296}},"type":"if","locations":[{"start":{"line":1,"column":123},"end":{"line":1,"column":296}},{"start":{"line":1,"column":123},"end":{"line":1,"column":296}}],"line":1},"3":{"loc":{"start":{"line":1,"column":498},"end":{"line":1,"column":544}},"type":"cond-expr","locations":[{"start":{"line":1,"column":522},"end":{"line":1,"column":525}},{"start":{"line":1,"column":528},"end":{"line":1,"column":544}}],"line":1},"4":{"loc":{"start":{"line":1,"column":498},"end":{"line":1,"column":519}},"type":"binary-expr","locations":[{"start":{"line":1,"column":498},"end":{"line":1,"column":501}},{"start":{"line":1,"column":505},"end":{"line":1,"column":519}}],"line":1},"5":{"loc":{"start":{"line":1,"column":595},"end":{"line":1,"column":694}},"type":"if","locations":[{"start":{"line":1,"column":595},"end":{"line":1,"column":694}},{"start":{"line":1,"column":595},"end":{"line":1,"column":694}}],"line":1},"6":{"loc":{"start":{"line":1,"column":744},"end":{"line":1,"column":843}},"type":"if","locations":[{"start":{"line":1,"column":744},"end":{"line":1,"column":843}},{"start":{"line":1,"column":744},"end":{"line":1,"column":843}}],"line":1},"7":{"loc":{"start":{"line":1,"column":850},"end":{"line":1,"column":928}},"type":"cond-expr","locations":[{"start":{"line":1,"column":917},"end":{"line":1,"column":921}},{"start":{"line":1,"column":924},"end":{"line":1,"column":928}}],"line":1},"8":{"loc":{"start":{"line":1,"column":850},"end":{"line":1,"column":914}},"type":"binary-expr","locations":[{"start":{"line":1,"column":850},"end":{"line":1,"column":854}},{"start":{"line":1,"column":859},"end":{"line":1,"column":883}},{"start":{"line":1,"column":887},"end":{"line":1,"column":913}}],"line":1},"9":{"loc":{"start":{"line":1,"column":972},"end":{"line":1,"column":1135}},"type":"if","locations":[{"start":{"line":1,"column":972},"end":{"line":1,"column":1135}},{"start":{"line":1,"column":972},"end":{"line":1,"column":1135}}],"line":1},"10":{"loc":{"start":{"line":1,"column":976},"end":{"line":1,"column":1031}},"type":"binary-expr","locations":[{"start":{"line":1,"column":976},"end":{"line":1,"column":1008}},{"start":{"line":1,"column":1012},"end":{"line":1,"column":1031}}],"line":1},"11":{"loc":{"start":{"line":1,"column":1170},"end":{"line":1,"column":1204}},"type":"binary-expr","locations":[{"start":{"line":1,"column":1170},"end":{"line":1,"column":1180}},{"start":{"line":1,"column":1184},"end":{"line":1,"column":1204}}],"line":1},"12":{"loc":{"start":{"line":1,"column":1299},"end":{"line":1,"column":1417}},"type":"if","locations":[{"start":{"line":1,"column":1299},"end":{"line":1,"column":1417}},{"start":{"line":1,"column":1299},"end":{"line":1,"column":1417}}],"line":1},"13":{"loc":{"start":{"line":1,"column":1315},"end":{"line":1,"column":1416}},"type":"cond-expr","locations":[{"start":{"line":1,"column":1339},"end":{"line":1,"column":1382}},{"start":{"line":1,"column":1385},"end":{"line":1,"column":1416}}],"line":1}},"s":{"0":0,"1":0,"2":0,"3":0,"4":0,"5":0,"6":0,"7":0,"8":0,"9":0,"10":0,"11":0,"12":0,"13":0,"14":0,"15":0,"16":0,"17":0,"18":0,"19":0,"20":0,"21":0,"22":0,"23":0,"24":0,"25":0,"26":0,"27":0,"28":0,"29":0,"30":0},"f":{"0":0,"1":0,"2":0,"3":0,"4":0,"5":0,"6":0,"7":0,"8":0,"9":0},"b":{"0":[0,0],"1":[0,0],"2":[0,0],"3":[0,0],"4":[0,0],"5":[0,0],"6":[0,0],"7":[0,0],"8":[0,0,0],"9":[0,0],"10":[0,0],"11":[0,0],"12":[0,0],"13":[0,0]}}
,"/Users/michaelquinlan/Development/informaportal/informaportal/components/Header.jsx": {"path":"/Users/michaelquinlan/Development/informaportal/informaportal/components/Header.jsx","statementMap":{"0":{"start":{"line":1,"column":0},"end":{"line":23,"column":12}},"1":{"start":{"line":1,"column":29},"end":{"line":1,"column":365}},"2":{"start":{"line":1,"column":78},"end":{"line":1,"column":136}},"3":{"start":{"line":1,"column":143},"end":{"line":1,"column":365}},"4":{"start":{"line":1,"column":180},"end":{"line":1,"column":244}},"5":{"start":{"line":1,"column":262},"end":{"line":1,"column":277}},"6":{"start":{"line":1,"column":278},"end":{"line":1,"column":336}},"7":{"start":{"line":1,"column":336},"end":{"line":1,"column":364}},"8":{"start":{"line":1,"column":432},"end":{"line":1,"column":494}},"9":{"start":{"line":1,"column":508},"end":{"line":1,"column":538}},"10":{"start":{"line":1,"column":577},"end":{"line":1,"column":631}},"11":{"start":{"line":1,"column":681},"end":{"line":1,"column":780}},"12":{"start":{"line":1,"column":722},"end":{"line":1,"column":779}},"13":{"start":{"line":1,"column":830},"end":{"line":1,"column":929}},"14":{"start":{"line":1,"column":842},"end":{"line":1,"column":928}},"15":{"start":{"line":1,"column":929},"end":{"line":1,"column":1015}},"16":{"start":{"line":1,"column":1058},"end":{"line":1,"column":1221}},"17":{"start":{"line":1,"column":1120},"end":{"line":1,"column":1220}},"18":{"start":{"line":1,"column":1221},"end":{"line":1,"column":1385}},"19":{"start":{"line":1,"column":1385},"end":{"line":1,"column":1503}},"20":{"start":{"line":1,"column":1401},"end":{"line":1,"column":1503}},"21":{"start":{"line":4,"column":11},"end":{"line":20,"column":48}},"22":{"start":{"line":4,"column":40},"end":{"line":4,"column":76}},"23":{"start":{"line":4,"column":95},"end":{"line":4,"column":125}},"24":{"start":{"line":4,"column":125},"end":{"line":4,"column":206}},"25":{"start":{"line":4,"column":207},"end":{"line":20,"column":6}},"26":{"start":{"line":6,"column":6},"end":{"line":16,"column":141}},"27":{"start":{"line":20,"column":6},"end":{"line":20,"column":20}},"28":{"start":{"line":20,"column":49},"end":{"line":23,"column":9}}},"fnMap":{"0":{"name":"(anonymous_0)","decl":{"start":{"line":1,"column":1},"end":{"line":1,"column":2}},"loc":{"start":{"line":1,"column":28},"end":{"line":1,"column":366}},"line":1},"1":{"name":"(anonymous_1)","decl":{"start":{"line":1,"column":374},"end":{"line":1,"column":375}},"loc":{"start":{"line":1,"column":418},"end":{"line":23,"column":10}},"line":1},"2":{"name":"_interopRequireDefault","decl":{"start":{"line":1,"column":548},"end":{"line":1,"column":570}},"loc":{"start":{"line":1,"column":576},"end":{"line":1,"column":632}},"line":1},"3":{"name":"_classCallCheck","decl":{"start":{"line":1,"column":641},"end":{"line":1,"column":656}},"loc":{"start":{"line":1,"column":680},"end":{"line":1,"column":781}},"line":1},"4":{"name":"_possibleConstructorReturn","decl":{"start":{"line":1,"column":790},"end":{"line":1,"column":816}},"loc":{"start":{"line":1,"column":829},"end":{"line":1,"column":1016}},"line":1},"5":{"name":"_inherits","decl":{"start":{"line":1,"column":1025},"end":{"line":1,"column":1034}},"loc":{"start":{"line":1,"column":1057},"end":{"line":1,"column":1504}},"line":1},"6":{"name":"(anonymous_6)","decl":{"start":{"line":4,"column":11},"end":{"line":4,"column":12}},"loc":{"start":{"line":4,"column":39},"end":{"line":20,"column":21}},"line":4},"7":{"name":"Header","decl":{"start":{"line":4,"column":85},"end":{"line":4,"column":91}},"loc":{"start":{"line":4,"column":94},"end":{"line":4,"column":207}},"line":4},"8":{"name":"render","decl":{"start":{"line":5,"column":22},"end":{"line":5,"column":28}},"loc":{"start":{"line":5,"column":31},"end":{"line":20,"column":5}},"line":5}},"branchMap":{"0":{"loc":{"start":{"line":1,"column":29},"end":{"line":1,"column":365}},"type":"if","locations":[{"start":{"line":1,"column":29},"end":{"line":1,"column":365}},{"start":{"line":1,"column":29},"end":{"line":1,"column":365}}],"line":1},"1":{"loc":{"start":{"line":1,"column":33},"end":{"line":1,"column":75}},"type":"binary-expr","locations":[{"start":{"line":1,"column":33},"end":{"line":1,"column":61}},{"start":{"line":1,"column":65},"end":{"line":1,"column":75}}],"line":1},"2":{"loc":{"start":{"line":1,"column":143},"end":{"line":1,"column":365}},"type":"if","locations":[{"start":{"line":1,"column":143},"end":{"line":1,"column":365}},{"start":{"line":1,"column":143},"end":{"line":1,"column":365}}],"line":1},"3":{"loc":{"start":{"line":1,"column":584},"end":{"line":1,"column":630}},"type":"cond-expr","locations":[{"start":{"line":1,"column":608},"end":{"line":1,"column":611}},{"start":{"line":1,"column":614},"end":{"line":1,"column":630}}],"line":1},"4":{"loc":{"start":{"line":1,"column":584},"end":{"line":1,"column":605}},"type":"binary-expr","locations":[{"start":{"line":1,"column":584},"end":{"line":1,"column":587}},{"start":{"line":1,"column":591},"end":{"line":1,"column":605}}],"line":1},"5":{"loc":{"start":{"line":1,"column":681},"end":{"line":1,"column":780}},"type":"if","locations":[{"start":{"line":1,"column":681},"end":{"line":1,"column":780}},{"start":{"line":1,"column":681},"end":{"line":1,"column":780}}],"line":1},"6":{"loc":{"start":{"line":1,"column":830},"end":{"line":1,"column":929}},"type":"if","locations":[{"start":{"line":1,"column":830},"end":{"line":1,"column":929}},{"start":{"line":1,"column":830},"end":{"line":1,"column":929}}],"line":1},"7":{"loc":{"start":{"line":1,"column":936},"end":{"line":1,"column":1014}},"type":"cond-expr","locations":[{"start":{"line":1,"column":1003},"end":{"line":1,"column":1007}},{"start":{"line":1,"column":1010},"end":{"line":1,"column":1014}}],"line":1},"8":{"loc":{"start":{"line":1,"column":936},"end":{"line":1,"column":1000}},"type":"binary-expr","locations":[{"start":{"line":1,"column":936},"end":{"line":1,"column":940}},{"start":{"line":1,"column":945},"end":{"line":1,"column":969}},{"start":{"line":1,"column":973},"end":{"line":1,"column":999}}],"line":1},"9":{"loc":{"start":{"line":1,"column":1058},"end":{"line":1,"column":1221}},"type":"if","locations":[{"start":{"line":1,"column":1058},"end":{"line":1,"column":1221}},{"start":{"line":1,"column":1058},"end":{"line":1,"column":1221}}],"line":1},"10":{"loc":{"start":{"line":1,"column":1062},"end":{"line":1,"column":1117}},"type":"binary-expr","locations":[{"start":{"line":1,"column":1062},"end":{"line":1,"column":1094}},{"start":{"line":1,"column":1098},"end":{"line":1,"column":1117}}],"line":1},"11":{"loc":{"start":{"line":1,"column":1256},"end":{"line":1,"column":1290}},"type":"binary-expr","locations":[{"start":{"line":1,"column":1256},"end":{"line":1,"column":1266}},{"start":{"line":1,"column":1270},"end":{"line":1,"column":1290}}],"line":1},"12":{"loc":{"start":{"line":1,"column":1385},"end":{"line":1,"column":1503}},"type":"if","locations":[{"start":{"line":1,"column":1385},"end":{"line":1,"column":1503}},{"start":{"line":1,"column":1385},"end":{"line":1,"column":1503}}],"line":1},"13":{"loc":{"start":{"line":1,"column":1401},"end":{"line":1,"column":1502}},"type":"cond-expr","locations":[{"start":{"line":1,"column":1425},"end":{"line":1,"column":1468}},{"start":{"line":1,"column":1471},"end":{"line":1,"column":1502}}],"line":1}},"s":{"0":0,"1":0,"2":0,"3":0,"4":0,"5":0,"6":0,"7":0,"8":0,"9":0,"10":0,"11":0,"12":0,"13":0,"14":0,"15":0,"16":0,"17":0,"18":0,"19":0,"20":0,"21":0,"22":0,"23":0,"24":0,"25":0,"26":0,"27":0,"28":0},"f":{"0":0,"1":0,"2":0,"3":0,"4":0,"5":0,"6":0,"7":0,"8":0},"b":{"0":[0,0],"1":[0,0],"2":[0,0],"3":[0,0],"4":[0,0],"5":[0,0],"6":[0,0],"7":[0,0],"8":[0,0,0],"9":[0,0],"10":[0,0],"11":[0,0],"12":[0,0],"13":[0,0]}}
,"/Users/michaelquinlan/Development/informaportal/informaportal/components/Landing.jsx": {"path":"/Users/michaelquinlan/Development/informaportal/informaportal/components/Landing.jsx","statementMap":{"0":{"start":{"line":1,"column":0},"end":{"line":24,"column":13}},"1":{"start":{"line":1,"column":29},"end":{"line":1,"column":468}},"2":{"start":{"line":1,"column":78},"end":{"line":1,"column":166}},"3":{"start":{"line":1,"column":173},"end":{"line":1,"column":468}},"4":{"start":{"line":1,"column":210},"end":{"line":1,"column":322}},"5":{"start":{"line":1,"column":340},"end":{"line":1,"column":355}},"6":{"start":{"line":1,"column":356},"end":{"line":1,"column":438}},"7":{"start":{"line":1,"column":438},"end":{"line":1,"column":467}},"8":{"start":{"line":1,"column":547},"end":{"line":1,"column":609}},"9":{"start":{"line":1,"column":623},"end":{"line":1,"column":653}},"10":{"start":{"line":1,"column":670},"end":{"line":1,"column":702}},"11":{"start":{"line":1,"column":721},"end":{"line":1,"column":755}},"12":{"start":{"line":1,"column":769},"end":{"line":1,"column":798}},"13":{"start":{"line":1,"column":837},"end":{"line":1,"column":891}},"14":{"start":{"line":7,"column":16},"end":{"line":17,"column":69}},"15":{"start":{"line":7,"column":36},"end":{"line":17,"column":68}},"16":{"start":{"line":17,"column":70},"end":{"line":24,"column":10}}},"fnMap":{"0":{"name":"(anonymous_0)","decl":{"start":{"line":1,"column":1},"end":{"line":1,"column":2}},"loc":{"start":{"line":1,"column":28},"end":{"line":1,"column":469}},"line":1},"1":{"name":"(anonymous_1)","decl":{"start":{"line":1,"column":477},"end":{"line":1,"column":478}},"loc":{"start":{"line":1,"column":533},"end":{"line":24,"column":11}},"line":1},"2":{"name":"_interopRequireDefault","decl":{"start":{"line":1,"column":808},"end":{"line":1,"column":830}},"loc":{"start":{"line":1,"column":836},"end":{"line":1,"column":892}},"line":1},"3":{"name":"Landing","decl":{"start":{"line":7,"column":25},"end":{"line":7,"column":32}},"loc":{"start":{"line":7,"column":35},"end":{"line":17,"column":69}},"line":7}},"branchMap":{"0":{"loc":{"start":{"line":1,"column":29},"end":{"line":1,"column":468}},"type":"if","locations":[{"start":{"line":1,"column":29},"end":{"line":1,"column":468}},{"start":{"line":1,"column":29},"end":{"line":1,"column":468}}],"line":1},"1":{"loc":{"start":{"line":1,"column":33},"end":{"line":1,"column":75}},"type":"binary-expr","locations":[{"start":{"line":1,"column":33},"end":{"line":1,"column":61}},{"start":{"line":1,"column":65},"end":{"line":1,"column":75}}],"line":1},"2":{"loc":{"start":{"line":1,"column":173},"end":{"line":1,"column":468}},"type":"if","locations":[{"start":{"line":1,"column":173},"end":{"line":1,"column":468}},{"start":{"line":1,"column":173},"end":{"line":1,"column":468}}],"line":1},"3":{"loc":{"start":{"line":1,"column":844},"end":{"line":1,"column":890}},"type":"cond-expr","locations":[{"start":{"line":1,"column":868},"end":{"line":1,"column":871}},{"start":{"line":1,"column":874},"end":{"line":1,"column":890}}],"line":1},"4":{"loc":{"start":{"line":1,"column":844},"end":{"line":1,"column":865}},"type":"binary-expr","locations":[{"start":{"line":1,"column":844},"end":{"line":1,"column":847}},{"start":{"line":1,"column":851},"end":{"line":1,"column":865}}],"line":1}},"s":{"0":0,"1":0,"2":0,"3":0,"4":0,"5":0,"6":0,"7":0,"8":0,"9":0,"10":0,"11":0,"12":0,"13":0,"14":0,"15":0,"16":0},"f":{"0":0,"1":0,"2":0,"3":0},"b":{"0":[0,0],"1":[0,0],"2":[0,0],"3":[0,0],"4":[0,0]}}
,"/Users/michaelquinlan/Development/informaportal/informaportal/components/Loader.jsx": {"path":"/Users/michaelquinlan/Development/informaportal/informaportal/components/Loader.jsx","statementMap":{"0":{"start":{"line":1,"column":0},"end":{"line":14,"column":12}},"1":{"start":{"line":1,"column":29},"end":{"line":1,"column":357}},"2":{"start":{"line":1,"column":78},"end":{"line":1,"column":133}},"3":{"start":{"line":1,"column":140},"end":{"line":1,"column":357}},"4":{"start":{"line":1,"column":177},"end":{"line":1,"column":238}},"5":{"start":{"line":1,"column":256},"end":{"line":1,"column":271}},"6":{"start":{"line":1,"column":272},"end":{"line":1,"column":328}},"7":{"start":{"line":1,"column":328},"end":{"line":1,"column":356}},"8":{"start":{"line":1,"column":422},"end":{"line":1,"column":484}},"9":{"start":{"line":1,"column":498},"end":{"line":1,"column":528}},"10":{"start":{"line":1,"column":550},"end":{"line":1,"column":587}},"11":{"start":{"line":1,"column":626},"end":{"line":1,"column":680}},"12":{"start":{"line":4,"column":15},"end":{"line":11,"column":8}},"13":{"start":{"line":6,"column":6},"end":{"line":8,"column":111}},"14":{"start":{"line":11,"column":9},"end":{"line":14,"column":9}}},"fnMap":{"0":{"name":"(anonymous_0)","decl":{"start":{"line":1,"column":1},"end":{"line":1,"column":2}},"loc":{"start":{"line":1,"column":28},"end":{"line":1,"column":358}},"line":1},"1":{"name":"(anonymous_1)","decl":{"start":{"line":1,"column":366},"end":{"line":1,"column":367}},"loc":{"start":{"line":1,"column":408},"end":{"line":14,"column":10}},"line":1},"2":{"name":"_interopRequireDefault","decl":{"start":{"line":1,"column":597},"end":{"line":1,"column":619}},"loc":{"start":{"line":1,"column":625},"end":{"line":1,"column":681}},"line":1},"3":{"name":"render","decl":{"start":{"line":5,"column":21},"end":{"line":5,"column":27}},"loc":{"start":{"line":5,"column":30},"end":{"line":11,"column":5}},"line":5}},"branchMap":{"0":{"loc":{"start":{"line":1,"column":29},"end":{"line":1,"column":357}},"type":"if","locations":[{"start":{"line":1,"column":29},"end":{"line":1,"column":357}},{"start":{"line":1,"column":29},"end":{"line":1,"column":357}}],"line":1},"1":{"loc":{"start":{"line":1,"column":33},"end":{"line":1,"column":75}},"type":"binary-expr","locations":[{"start":{"line":1,"column":33},"end":{"line":1,"column":61}},{"start":{"line":1,"column":65},"end":{"line":1,"column":75}}],"line":1},"2":{"loc":{"start":{"line":1,"column":140},"end":{"line":1,"column":357}},"type":"if","locations":[{"start":{"line":1,"column":140},"end":{"line":1,"column":357}},{"start":{"line":1,"column":140},"end":{"line":1,"column":357}}],"line":1},"3":{"loc":{"start":{"line":1,"column":633},"end":{"line":1,"column":679}},"type":"cond-expr","locations":[{"start":{"line":1,"column":657},"end":{"line":1,"column":660}},{"start":{"line":1,"column":663},"end":{"line":1,"column":679}}],"line":1},"4":{"loc":{"start":{"line":1,"column":633},"end":{"line":1,"column":654}},"type":"binary-expr","locations":[{"start":{"line":1,"column":633},"end":{"line":1,"column":636}},{"start":{"line":1,"column":640},"end":{"line":1,"column":654}}],"line":1}},"s":{"0":0,"1":0,"2":0,"3":0,"4":0,"5":0,"6":0,"7":0,"8":0,"9":0,"10":0,"11":0,"12":0,"13":0,"14":0},"f":{"0":0,"1":0,"2":0,"3":0},"b":{"0":[0,0],"1":[0,0],"2":[0,0],"3":[0,0],"4":[0,0]}}
,"/Users/michaelquinlan/Development/informaportal/informaportal/components/Login.jsx": {"path":"/Users/michaelquinlan/Development/informaportal/informaportal/components/Login.jsx","statementMap":{"0":{"start":{"line":1,"column":0},"end":{"line":24,"column":11}},"1":{"start":{"line":1,"column":29},"end":{"line":1,"column":364}},"2":{"start":{"line":1,"column":78},"end":{"line":1,"column":136}},"3":{"start":{"line":1,"column":143},"end":{"line":1,"column":364}},"4":{"start":{"line":1,"column":180},"end":{"line":1,"column":244}},"5":{"start":{"line":1,"column":262},"end":{"line":1,"column":277}},"6":{"start":{"line":1,"column":278},"end":{"line":1,"column":336}},"7":{"start":{"line":1,"column":336},"end":{"line":1,"column":363}},"8":{"start":{"line":1,"column":431},"end":{"line":1,"column":493}},"9":{"start":{"line":1,"column":507},"end":{"line":1,"column":537}},"10":{"start":{"line":1,"column":576},"end":{"line":1,"column":630}},"11":{"start":{"line":1,"column":680},"end":{"line":1,"column":779}},"12":{"start":{"line":1,"column":721},"end":{"line":1,"column":778}},"13":{"start":{"line":1,"column":829},"end":{"line":1,"column":928}},"14":{"start":{"line":1,"column":841},"end":{"line":1,"column":927}},"15":{"start":{"line":1,"column":928},"end":{"line":1,"column":1014}},"16":{"start":{"line":1,"column":1057},"end":{"line":1,"column":1220}},"17":{"start":{"line":1,"column":1119},"end":{"line":1,"column":1219}},"18":{"start":{"line":1,"column":1220},"end":{"line":1,"column":1384}},"19":{"start":{"line":1,"column":1384},"end":{"line":1,"column":1502}},"20":{"start":{"line":1,"column":1400},"end":{"line":1,"column":1502}},"21":{"start":{"line":4,"column":10},"end":{"line":21,"column":47}},"22":{"start":{"line":4,"column":39},"end":{"line":4,"column":74}},"23":{"start":{"line":4,"column":92},"end":{"line":4,"column":121}},"24":{"start":{"line":4,"column":121},"end":{"line":4,"column":202}},"25":{"start":{"line":4,"column":203},"end":{"line":21,"column":6}},"26":{"start":{"line":6,"column":6},"end":{"line":16,"column":181}},"27":{"start":{"line":21,"column":6},"end":{"line":21,"column":19}},"28":{"start":{"line":21,"column":48},"end":{"line":24,"column":8}}},"fnMap":{"0":{"name":"(anonymous_0)","decl":{"start":{"line":1,"column":1},"end":{"line":1,"column":2}},"loc":{"start":{"line":1,"column":28},"end":{"line":1,"column":365}},"line":1},"1":{"name":"(anonymous_1)","decl":{"start":{"line":1,"column":373},"end":{"line":1,"column":374}},"loc":{"start":{"line":1,"column":417},"end":{"line":24,"column":9}},"line":1},"2":{"name":"_interopRequireDefault","decl":{"start":{"line":1,"column":547},"end":{"line":1,"column":569}},"loc":{"start":{"line":1,"column":575},"end":{"line":1,"column":631}},"line":1},"3":{"name":"_classCallCheck","decl":{"start":{"line":1,"column":640},"end":{"line":1,"column":655}},"loc":{"start":{"line":1,"column":679},"end":{"line":1,"column":780}},"line":1},"4":{"name":"_possibleConstructorReturn","decl":{"start":{"line":1,"column":789},"end":{"line":1,"column":815}},"loc":{"start":{"line":1,"column":828},"end":{"line":1,"column":1015}},"line":1},"5":{"name":"_inherits","decl":{"start":{"line":1,"column":1024},"end":{"line":1,"column":1033}},"loc":{"start":{"line":1,"column":1056},"end":{"line":1,"column":1503}},"line":1},"6":{"name":"(anonymous_6)","decl":{"start":{"line":4,"column":10},"end":{"line":4,"column":11}},"loc":{"start":{"line":4,"column":38},"end":{"line":21,"column":20}},"line":4},"7":{"name":"Login","decl":{"start":{"line":4,"column":83},"end":{"line":4,"column":88}},"loc":{"start":{"line":4,"column":91},"end":{"line":4,"column":203}},"line":4},"8":{"name":"render","decl":{"start":{"line":5,"column":22},"end":{"line":5,"column":28}},"loc":{"start":{"line":5,"column":31},"end":{"line":21,"column":5}},"line":5}},"branchMap":{"0":{"loc":{"start":{"line":1,"column":29},"end":{"line":1,"column":364}},"type":"if","locations":[{"start":{"line":1,"column":29},"end":{"line":1,"column":364}},{"start":{"line":1,"column":29},"end":{"line":1,"column":364}}],"line":1},"1":{"loc":{"start":{"line":1,"column":33},"end":{"line":1,"column":75}},"type":"binary-expr","locations":[{"start":{"line":1,"column":33},"end":{"line":1,"column":61}},{"start":{"line":1,"column":65},"end":{"line":1,"column":75}}],"line":1},"2":{"loc":{"start":{"line":1,"column":143},"end":{"line":1,"column":364}},"type":"if","locations":[{"start":{"line":1,"column":143},"end":{"line":1,"column":364}},{"start":{"line":1,"column":143},"end":{"line":1,"column":364}}],"line":1},"3":{"loc":{"start":{"line":1,"column":583},"end":{"line":1,"column":629}},"type":"cond-expr","locations":[{"start":{"line":1,"column":607},"end":{"line":1,"column":610}},{"start":{"line":1,"column":613},"end":{"line":1,"column":629}}],"line":1},"4":{"loc":{"start":{"line":1,"column":583},"end":{"line":1,"column":604}},"type":"binary-expr","locations":[{"start":{"line":1,"column":583},"end":{"line":1,"column":586}},{"start":{"line":1,"column":590},"end":{"line":1,"column":604}}],"line":1},"5":{"loc":{"start":{"line":1,"column":680},"end":{"line":1,"column":779}},"type":"if","locations":[{"start":{"line":1,"column":680},"end":{"line":1,"column":779}},{"start":{"line":1,"column":680},"end":{"line":1,"column":779}}],"line":1},"6":{"loc":{"start":{"line":1,"column":829},"end":{"line":1,"column":928}},"type":"if","locations":[{"start":{"line":1,"column":829},"end":{"line":1,"column":928}},{"start":{"line":1,"column":829},"end":{"line":1,"column":928}}],"line":1},"7":{"loc":{"start":{"line":1,"column":935},"end":{"line":1,"column":1013}},"type":"cond-expr","locations":[{"start":{"line":1,"column":1002},"end":{"line":1,"column":1006}},{"start":{"line":1,"column":1009},"end":{"line":1,"column":1013}}],"line":1},"8":{"loc":{"start":{"line":1,"column":935},"end":{"line":1,"column":999}},"type":"binary-expr","locations":[{"start":{"line":1,"column":935},"end":{"line":1,"column":939}},{"start":{"line":1,"column":944},"end":{"line":1,"column":968}},{"start":{"line":1,"column":972},"end":{"line":1,"column":998}}],"line":1},"9":{"loc":{"start":{"line":1,"column":1057},"end":{"line":1,"column":1220}},"type":"if","locations":[{"start":{"line":1,"column":1057},"end":{"line":1,"column":1220}},{"start":{"line":1,"column":1057},"end":{"line":1,"column":1220}}],"line":1},"10":{"loc":{"start":{"line":1,"column":1061},"end":{"line":1,"column":1116}},"type":"binary-expr","locations":[{"start":{"line":1,"column":1061},"end":{"line":1,"column":1093}},{"start":{"line":1,"column":1097},"end":{"line":1,"column":1116}}],"line":1},"11":{"loc":{"start":{"line":1,"column":1255},"end":{"line":1,"column":1289}},"type":"binary-expr","locations":[{"start":{"line":1,"column":1255},"end":{"line":1,"column":1265}},{"start":{"line":1,"column":1269},"end":{"line":1,"column":1289}}],"line":1},"12":{"loc":{"start":{"line":1,"column":1384},"end":{"line":1,"column":1502}},"type":"if","locations":[{"start":{"line":1,"column":1384},"end":{"line":1,"column":1502}},{"start":{"line":1,"column":1384},"end":{"line":1,"column":1502}}],"line":1},"13":{"loc":{"start":{"line":1,"column":1400},"end":{"line":1,"column":1501}},"type":"cond-expr","locations":[{"start":{"line":1,"column":1424},"end":{"line":1,"column":1467}},{"start":{"line":1,"column":1470},"end":{"line":1,"column":1501}}],"line":1}},"s":{"0":0,"1":0,"2":0,"3":0,"4":0,"5":0,"6":0,"7":0,"8":0,"9":0,"10":0,"11":0,"12":0,"13":0,"14":0,"15":0,"16":0,"17":0,"18":0,"19":0,"20":0,"21":0,"22":0,"23":0,"24":0,"25":0,"26":0,"27":0,"28":0},"f":{"0":0,"1":0,"2":0,"3":0,"4":0,"5":0,"6":0,"7":0,"8":0},"b":{"0":[0,0],"1":[0,0],"2":[0,0],"3":[0,0],"4":[0,0],"5":[0,0],"6":[0,0],"7":[0,0],"8":[0,0,0],"9":[0,0],"10":[0,0],"11":[0,0],"12":[0,0],"13":[0,0]}}
,"/Users/michaelquinlan/Development/informaportal/informaportal/components/News.jsx": {"path":"/Users/michaelquinlan/Development/informaportal/informaportal/components/News.jsx","statementMap":{"0":{"start":{"line":1,"column":0},"end":{"line":100,"column":73}},"1":{"start":{"line":1,"column":29},"end":{"line":1,"column":679}},"2":{"start":{"line":1,"column":78},"end":{"line":1,"column":223}},"3":{"start":{"line":1,"column":230},"end":{"line":1,"column":679}},"4":{"start":{"line":1,"column":267},"end":{"line":1,"column":463}},"5":{"start":{"line":1,"column":481},"end":{"line":1,"column":496}},"6":{"start":{"line":1,"column":497},"end":{"line":1,"column":652}},"7":{"start":{"line":1,"column":652},"end":{"line":1,"column":678}},"8":{"start":{"line":1,"column":813},"end":{"line":1,"column":875}},"9":{"start":{"line":1,"column":889},"end":{"line":1,"column":919}},"10":{"start":{"line":1,"column":938},"end":{"line":1,"column":972}},"11":{"start":{"line":1,"column":1011},"end":{"line":1,"column":1065}},"12":{"start":{"line":1,"column":1115},"end":{"line":1,"column":1214}},"13":{"start":{"line":1,"column":1156},"end":{"line":1,"column":1213}},"14":{"start":{"line":1,"column":1264},"end":{"line":1,"column":1363}},"15":{"start":{"line":1,"column":1276},"end":{"line":1,"column":1362}},"16":{"start":{"line":1,"column":1363},"end":{"line":1,"column":1449}},"17":{"start":{"line":1,"column":1492},"end":{"line":1,"column":1655}},"18":{"start":{"line":1,"column":1554},"end":{"line":1,"column":1654}},"19":{"start":{"line":1,"column":1655},"end":{"line":1,"column":1819}},"20":{"start":{"line":1,"column":1819},"end":{"line":1,"column":1937}},"21":{"start":{"line":1,"column":1835},"end":{"line":1,"column":1937}},"22":{"start":{"line":9,"column":9},"end":{"line":82,"column":46}},"23":{"start":{"line":9,"column":38},"end":{"line":9,"column":72}},"24":{"start":{"line":10,"column":26},"end":{"line":10,"column":54}},"25":{"start":{"line":10,"column":66},"end":{"line":11,"column":41}},"26":{"start":{"line":13,"column":6},"end":{"line":13,"column":58}},"27":{"start":{"line":15,"column":6},"end":{"line":15,"column":72}},"28":{"start":{"line":17,"column":6},"end":{"line":17,"column":30}},"29":{"start":{"line":19,"column":6},"end":{"line":22,"column":24}},"30":{"start":{"line":22,"column":24},"end":{"line":22,"column":37}},"31":{"start":{"line":24,"column":5},"end":{"line":28,"column":6}},"32":{"start":{"line":27,"column":6},"end":{"line":27,"column":42}},"33":{"start":{"line":28,"column":6},"end":{"line":32,"column":6}},"34":{"start":{"line":31,"column":6},"end":{"line":31,"column":46}},"35":{"start":{"line":32,"column":6},"end":{"line":82,"column":6}},"36":{"start":{"line":35,"column":45},"end":{"line":35,"column":49}},"37":{"start":{"line":36,"column":22},"end":{"line":36,"column":42}},"38":{"start":{"line":38,"column":19},"end":{"line":38,"column":40}},"39":{"start":{"line":39,"column":17},"end":{"line":39,"column":32}},"40":{"start":{"line":42,"column":25},"end":{"line":42,"column":26}},"41":{"start":{"line":43,"column":29},"end":{"line":43,"column":60}},"42":{"start":{"line":44,"column":28},"end":{"line":44,"column":53}},"43":{"start":{"line":45,"column":25},"end":{"line":45,"column":70}},"44":{"start":{"line":47,"column":6},"end":{"line":78,"column":45}},"45":{"start":{"line":60,"column":46},"end":{"line":63,"column":131}},"46":{"start":{"line":82,"column":6},"end":{"line":82,"column":18}},"47":{"start":{"line":86,"column":4},"end":{"line":86,"column":41}},"48":{"start":{"line":88,"column":4},"end":{"line":88,"column":32}},"49":{"start":{"line":97,"column":4},"end":{"line":97,"column":94}},"50":{"start":{"line":98,"column":3},"end":{"line":100,"column":70}}},"fnMap":{"0":{"name":"(anonymous_0)","decl":{"start":{"line":1,"column":1},"end":{"line":1,"column":2}},"loc":{"start":{"line":1,"column":28},"end":{"line":1,"column":680}},"line":1},"1":{"name":"(anonymous_1)","decl":{"start":{"line":1,"column":688},"end":{"line":1,"column":689}},"loc":{"start":{"line":1,"column":799},"end":{"line":100,"column":71}},"line":1},"2":{"name":"_interopRequireDefault","decl":{"start":{"line":1,"column":982},"end":{"line":1,"column":1004}},"loc":{"start":{"line":1,"column":1010},"end":{"line":1,"column":1066}},"line":1},"3":{"name":"_classCallCheck","decl":{"start":{"line":1,"column":1075},"end":{"line":1,"column":1090}},"loc":{"start":{"line":1,"column":1114},"end":{"line":1,"column":1215}},"line":1},"4":{"name":"_possibleConstructorReturn","decl":{"start":{"line":1,"column":1224},"end":{"line":1,"column":1250}},"loc":{"start":{"line":1,"column":1263},"end":{"line":1,"column":1450}},"line":1},"5":{"name":"_inherits","decl":{"start":{"line":1,"column":1459},"end":{"line":1,"column":1468}},"loc":{"start":{"line":1,"column":1491},"end":{"line":1,"column":1938}},"line":1},"6":{"name":"(anonymous_6)","decl":{"start":{"line":9,"column":9},"end":{"line":9,"column":10}},"loc":{"start":{"line":9,"column":37},"end":{"line":82,"column":19}},"line":9},"7":{"name":"News","decl":{"start":{"line":10,"column":13},"end":{"line":10,"column":17}},"loc":{"start":{"line":10,"column":25},"end":{"line":24,"column":5}},"line":10},"8":{"name":"convertTheTimestamp","decl":{"start":{"line":26,"column":35},"end":{"line":26,"column":54}},"loc":{"start":{"line":26,"column":75},"end":{"line":28,"column":5}},"line":26},"9":{"name":"handleSelect","decl":{"start":{"line":30,"column":28},"end":{"line":30,"column":40}},"loc":{"start":{"line":30,"column":51},"end":{"line":32,"column":5}},"line":30},"10":{"name":"render","decl":{"start":{"line":35,"column":22},"end":{"line":35,"column":28}},"loc":{"start":{"line":35,"column":31},"end":{"line":82,"column":5}},"line":35},"11":{"name":"(anonymous_11)","decl":{"start":{"line":60,"column":29},"end":{"line":60,"column":30}},"loc":{"start":{"line":60,"column":45},"end":{"line":63,"column":132}},"line":60},"12":{"name":"mapStateToProps","decl":{"start":{"line":85,"column":11},"end":{"line":85,"column":26}},"loc":{"start":{"line":85,"column":34},"end":{"line":89,"column":3}},"line":85},"13":{"name":"mapDispatchToProps","decl":{"start":{"line":96,"column":11},"end":{"line":96,"column":29}},"loc":{"start":{"line":96,"column":40},"end":{"line":98,"column":3}},"line":96}},"branchMap":{"0":{"loc":{"start":{"line":1,"column":29},"end":{"line":1,"column":679}},"type":"if","locations":[{"start":{"line":1,"column":29},"end":{"line":1,"column":679}},{"start":{"line":1,"column":29},"end":{"line":1,"column":679}}],"line":1},"1":{"loc":{"start":{"line":1,"column":33},"end":{"line":1,"column":75}},"type":"binary-expr","locations":[{"start":{"line":1,"column":33},"end":{"line":1,"column":61}},{"start":{"line":1,"column":65},"end":{"line":1,"column":75}}],"line":1},"2":{"loc":{"start":{"line":1,"column":230},"end":{"line":1,"column":679}},"type":"if","locations":[{"start":{"line":1,"column":230},"end":{"line":1,"column":679}},{"start":{"line":1,"column":230},"end":{"line":1,"column":679}}],"line":1},"3":{"loc":{"start":{"line":1,"column":1018},"end":{"line":1,"column":1064}},"type":"cond-expr","locations":[{"start":{"line":1,"column":1042},"end":{"line":1,"column":1045}},{"start":{"line":1,"column":1048},"end":{"line":1,"column":1064}}],"line":1},"4":{"loc":{"start":{"line":1,"column":1018},"end":{"line":1,"column":1039}},"type":"binary-expr","locations":[{"start":{"line":1,"column":1018},"end":{"line":1,"column":1021}},{"start":{"line":1,"column":1025},"end":{"line":1,"column":1039}}],"line":1},"5":{"loc":{"start":{"line":1,"column":1115},"end":{"line":1,"column":1214}},"type":"if","locations":[{"start":{"line":1,"column":1115},"end":{"line":1,"column":1214}},{"start":{"line":1,"column":1115},"end":{"line":1,"column":1214}}],"line":1},"6":{"loc":{"start":{"line":1,"column":1264},"end":{"line":1,"column":1363}},"type":"if","locations":[{"start":{"line":1,"column":1264},"end":{"line":1,"column":1363}},{"start":{"line":1,"column":1264},"end":{"line":1,"column":1363}}],"line":1},"7":{"loc":{"start":{"line":1,"column":1370},"end":{"line":1,"column":1448}},"type":"cond-expr","locations":[{"start":{"line":1,"column":1437},"end":{"line":1,"column":1441}},{"start":{"line":1,"column":1444},"end":{"line":1,"column":1448}}],"line":1},"8":{"loc":{"start":{"line":1,"column":1370},"end":{"line":1,"column":1434}},"type":"binary-expr","locations":[{"start":{"line":1,"column":1370},"end":{"line":1,"column":1374}},{"start":{"line":1,"column":1379},"end":{"line":1,"column":1403}},{"start":{"line":1,"column":1407},"end":{"line":1,"column":1433}}],"line":1},"9":{"loc":{"start":{"line":1,"column":1492},"end":{"line":1,"column":1655}},"type":"if","locations":[{"start":{"line":1,"column":1492},"end":{"line":1,"column":1655}},{"start":{"line":1,"column":1492},"end":{"line":1,"column":1655}}],"line":1},"10":{"loc":{"start":{"line":1,"column":1496},"end":{"line":1,"column":1551}},"type":"binary-expr","locations":[{"start":{"line":1,"column":1496},"end":{"line":1,"column":1528}},{"start":{"line":1,"column":1532},"end":{"line":1,"column":1551}}],"line":1},"11":{"loc":{"start":{"line":1,"column":1690},"end":{"line":1,"column":1724}},"type":"binary-expr","locations":[{"start":{"line":1,"column":1690},"end":{"line":1,"column":1700}},{"start":{"line":1,"column":1704},"end":{"line":1,"column":1724}}],"line":1},"12":{"loc":{"start":{"line":1,"column":1819},"end":{"line":1,"column":1937}},"type":"if","locations":[{"start":{"line":1,"column":1819},"end":{"line":1,"column":1937}},{"start":{"line":1,"column":1819},"end":{"line":1,"column":1937}}],"line":1},"13":{"loc":{"start":{"line":1,"column":1835},"end":{"line":1,"column":1936}},"type":"cond-expr","locations":[{"start":{"line":1,"column":1859},"end":{"line":1,"column":1902}},{"start":{"line":1,"column":1905},"end":{"line":1,"column":1936}}],"line":1},"14":{"loc":{"start":{"line":54,"column":25},"end":{"line":54,"column":65}},"type":"cond-expr","locations":[{"start":{"line":54,"column":38},"end":{"line":54,"column":58}},{"start":{"line":54,"column":61},"end":{"line":54,"column":65}}],"line":54},"15":{"loc":{"start":{"line":56,"column":14},"end":{"line":56,"column":55}},"type":"cond-expr","locations":[{"start":{"line":56,"column":26},"end":{"line":56,"column":38}},{"start":{"line":56,"column":41},"end":{"line":56,"column":55}}],"line":56}},"s":{"0":0,"1":0,"2":0,"3":0,"4":0,"5":0,"6":0,"7":0,"8":0,"9":0,"10":0,"11":0,"12":0,"13":0,"14":0,"15":0,"16":0,"17":0,"18":0,"19":0,"20":0,"21":0,"22":0,"23":0,"24":0,"25":0,"26":0,"27":0,"28":0,"29":0,"30":0,"31":0,"32":0,"33":0,"34":0,"35":0,"36":0,"37":0,"38":0,"39":0,"40":0,"41":0,"42":0,"43":0,"44":0,"45":0,"46":0,"47":0,"48":0,"49":0,"50":0},"f":{"0":0,"1":0,"2":0,"3":0,"4":0,"5":0,"6":0,"7":0,"8":0,"9":0,"10":0,"11":0,"12":0,"13":0},"b":{"0":[0,0],"1":[0,0],"2":[0,0],"3":[0,0],"4":[0,0],"5":[0,0],"6":[0,0],"7":[0,0],"8":[0,0,0],"9":[0,0],"10":[0,0],"11":[0,0],"12":[0,0],"13":[0,0],"14":[0,0],"15":[0,0]}}
,"/Users/michaelquinlan/Development/informaportal/informaportal/components/Signup.jsx": {"path":"/Users/michaelquinlan/Development/informaportal/informaportal/components/Signup.jsx","statementMap":{"0":{"start":{"line":1,"column":0},"end":{"line":24,"column":12}},"1":{"start":{"line":1,"column":29},"end":{"line":1,"column":365}},"2":{"start":{"line":1,"column":78},"end":{"line":1,"column":136}},"3":{"start":{"line":1,"column":143},"end":{"line":1,"column":365}},"4":{"start":{"line":1,"column":180},"end":{"line":1,"column":244}},"5":{"start":{"line":1,"column":262},"end":{"line":1,"column":277}},"6":{"start":{"line":1,"column":278},"end":{"line":1,"column":336}},"7":{"start":{"line":1,"column":336},"end":{"line":1,"column":364}},"8":{"start":{"line":1,"column":432},"end":{"line":1,"column":494}},"9":{"start":{"line":1,"column":508},"end":{"line":1,"column":538}},"10":{"start":{"line":1,"column":577},"end":{"line":1,"column":631}},"11":{"start":{"line":1,"column":681},"end":{"line":1,"column":780}},"12":{"start":{"line":1,"column":722},"end":{"line":1,"column":779}},"13":{"start":{"line":1,"column":830},"end":{"line":1,"column":929}},"14":{"start":{"line":1,"column":842},"end":{"line":1,"column":928}},"15":{"start":{"line":1,"column":929},"end":{"line":1,"column":1015}},"16":{"start":{"line":1,"column":1058},"end":{"line":1,"column":1221}},"17":{"start":{"line":1,"column":1120},"end":{"line":1,"column":1220}},"18":{"start":{"line":1,"column":1221},"end":{"line":1,"column":1385}},"19":{"start":{"line":1,"column":1385},"end":{"line":1,"column":1503}},"20":{"start":{"line":1,"column":1401},"end":{"line":1,"column":1503}},"21":{"start":{"line":4,"column":11},"end":{"line":21,"column":48}},"22":{"start":{"line":4,"column":40},"end":{"line":4,"column":76}},"23":{"start":{"line":4,"column":95},"end":{"line":4,"column":125}},"24":{"start":{"line":4,"column":125},"end":{"line":4,"column":206}},"25":{"start":{"line":4,"column":207},"end":{"line":21,"column":6}},"26":{"start":{"line":6,"column":6},"end":{"line":16,"column":180}},"27":{"start":{"line":21,"column":6},"end":{"line":21,"column":20}},"28":{"start":{"line":21,"column":49},"end":{"line":24,"column":9}}},"fnMap":{"0":{"name":"(anonymous_0)","decl":{"start":{"line":1,"column":1},"end":{"line":1,"column":2}},"loc":{"start":{"line":1,"column":28},"end":{"line":1,"column":366}},"line":1},"1":{"name":"(anonymous_1)","decl":{"start":{"line":1,"column":374},"end":{"line":1,"column":375}},"loc":{"start":{"line":1,"column":418},"end":{"line":24,"column":10}},"line":1},"2":{"name":"_interopRequireDefault","decl":{"start":{"line":1,"column":548},"end":{"line":1,"column":570}},"loc":{"start":{"line":1,"column":576},"end":{"line":1,"column":632}},"line":1},"3":{"name":"_classCallCheck","decl":{"start":{"line":1,"column":641},"end":{"line":1,"column":656}},"loc":{"start":{"line":1,"column":680},"end":{"line":1,"column":781}},"line":1},"4":{"name":"_possibleConstructorReturn","decl":{"start":{"line":1,"column":790},"end":{"line":1,"column":816}},"loc":{"start":{"line":1,"column":829},"end":{"line":1,"column":1016}},"line":1},"5":{"name":"_inherits","decl":{"start":{"line":1,"column":1025},"end":{"line":1,"column":1034}},"loc":{"start":{"line":1,"column":1057},"end":{"line":1,"column":1504}},"line":1},"6":{"name":"(anonymous_6)","decl":{"start":{"line":4,"column":11},"end":{"line":4,"column":12}},"loc":{"start":{"line":4,"column":39},"end":{"line":21,"column":21}},"line":4},"7":{"name":"Signup","decl":{"start":{"line":4,"column":85},"end":{"line":4,"column":91}},"loc":{"start":{"line":4,"column":94},"end":{"line":4,"column":207}},"line":4},"8":{"name":"render","decl":{"start":{"line":5,"column":22},"end":{"line":5,"column":28}},"loc":{"start":{"line":5,"column":31},"end":{"line":21,"column":5}},"line":5}},"branchMap":{"0":{"loc":{"start":{"line":1,"column":29},"end":{"line":1,"column":365}},"type":"if","locations":[{"start":{"line":1,"column":29},"end":{"line":1,"column":365}},{"start":{"line":1,"column":29},"end":{"line":1,"column":365}}],"line":1},"1":{"loc":{"start":{"line":1,"column":33},"end":{"line":1,"column":75}},"type":"binary-expr","locations":[{"start":{"line":1,"column":33},"end":{"line":1,"column":61}},{"start":{"line":1,"column":65},"end":{"line":1,"column":75}}],"line":1},"2":{"loc":{"start":{"line":1,"column":143},"end":{"line":1,"column":365}},"type":"if","locations":[{"start":{"line":1,"column":143},"end":{"line":1,"column":365}},{"start":{"line":1,"column":143},"end":{"line":1,"column":365}}],"line":1},"3":{"loc":{"start":{"line":1,"column":584},"end":{"line":1,"column":630}},"type":"cond-expr","locations":[{"start":{"line":1,"column":608},"end":{"line":1,"column":611}},{"start":{"line":1,"column":614},"end":{"line":1,"column":630}}],"line":1},"4":{"loc":{"start":{"line":1,"column":584},"end":{"line":1,"column":605}},"type":"binary-expr","locations":[{"start":{"line":1,"column":584},"end":{"line":1,"column":587}},{"start":{"line":1,"column":591},"end":{"line":1,"column":605}}],"line":1},"5":{"loc":{"start":{"line":1,"column":681},"end":{"line":1,"column":780}},"type":"if","locations":[{"start":{"line":1,"column":681},"end":{"line":1,"column":780}},{"start":{"line":1,"column":681},"end":{"line":1,"column":780}}],"line":1},"6":{"loc":{"start":{"line":1,"column":830},"end":{"line":1,"column":929}},"type":"if","locations":[{"start":{"line":1,"column":830},"end":{"line":1,"column":929}},{"start":{"line":1,"column":830},"end":{"line":1,"column":929}}],"line":1},"7":{"loc":{"start":{"line":1,"column":936},"end":{"line":1,"column":1014}},"type":"cond-expr","locations":[{"start":{"line":1,"column":1003},"end":{"line":1,"column":1007}},{"start":{"line":1,"column":1010},"end":{"line":1,"column":1014}}],"line":1},"8":{"loc":{"start":{"line":1,"column":936},"end":{"line":1,"column":1000}},"type":"binary-expr","locations":[{"start":{"line":1,"column":936},"end":{"line":1,"column":940}},{"start":{"line":1,"column":945},"end":{"line":1,"column":969}},{"start":{"line":1,"column":973},"end":{"line":1,"column":999}}],"line":1},"9":{"loc":{"start":{"line":1,"column":1058},"end":{"line":1,"column":1221}},"type":"if","locations":[{"start":{"line":1,"column":1058},"end":{"line":1,"column":1221}},{"start":{"line":1,"column":1058},"end":{"line":1,"column":1221}}],"line":1},"10":{"loc":{"start":{"line":1,"column":1062},"end":{"line":1,"column":1117}},"type":"binary-expr","locations":[{"start":{"line":1,"column":1062},"end":{"line":1,"column":1094}},{"start":{"line":1,"column":1098},"end":{"line":1,"column":1117}}],"line":1},"11":{"loc":{"start":{"line":1,"column":1256},"end":{"line":1,"column":1290}},"type":"binary-expr","locations":[{"start":{"line":1,"column":1256},"end":{"line":1,"column":1266}},{"start":{"line":1,"column":1270},"end":{"line":1,"column":1290}}],"line":1},"12":{"loc":{"start":{"line":1,"column":1385},"end":{"line":1,"column":1503}},"type":"if","locations":[{"start":{"line":1,"column":1385},"end":{"line":1,"column":1503}},{"start":{"line":1,"column":1385},"end":{"line":1,"column":1503}}],"line":1},"13":{"loc":{"start":{"line":1,"column":1401},"end":{"line":1,"column":1502}},"type":"cond-expr","locations":[{"start":{"line":1,"column":1425},"end"
[...]
344":0,"345":0,"346":0,"347":0,"348":0,"349":0,"350":0,"351":0,"352":0,"353":0,"354":0,"355":0,"356":0,"357":0,"358":0,"359":0,"360":0,"361":0,"362":0,"363":0,"364":0,"365":0,"366":0,"367":0,"368":0,"369":0,"370":0,"371":0,"372":0,"373":0,"374":0,"375":0,"376":0,"377":0,"378":0,"379":0,"380":0,"381":0,"382":0,"383":0,"384":0,"385":0,"386":0,"387":0,"388":0,"389":0,"390":0,"391":0,"392":0,"393":0,"394":0,"395":0,"396":0,"397":0,"398":0,"399":0,"400":0,"401":0,"402":0,"403":0,"404":0,"405":0,"406":0,"407":0,"408":0,"409":0,"410":0,"411":0,"412":0,"413":0,"414":0,"415":0,"416":0,"417":0,"418":0,"419":0,"420":0,"421":0,"422":0,"423":0,"424":0,"425":0,"426":0,"427":0,"428":0,"429":0,"430":0,"431":0,"432":0,"433":0,"434":0,"435":0,"436":0,"437":0,"438":0,"439":0,"440":0,"441":0,"442":0,"443":0,"444":0,"445":0,"446":0,"447":0,"448":0,"449":0,"450":0,"451":0,"452":0,"453":0,"454":0,"455":0,"456":0,"457":0,"458":0,"459":0,"460":0,"461":0,"462":0,"463":0,"464":0,"465":0,"466":0,"467":0,"468":0,"469":0,"470":0,"471":0,"472":0,"473":0,"474":0,"475":0,"476":0,"477":0,"478":0,"479":0,"480":0,"481":0,"482":0,"483":0,"484":0,"485":0,"486":0,"487":0,"488":0,"489":0,"490":0,"491":0,"492":0,"493":0,"494":0,"495":0,"496":0,"497":0,"498":0,"499":0,"500":0,"501":0,"502":0,"503":0,"504":0,"505":0,"506":0,"507":0,"508":0,"509":0,"510":0,"511":0,"512":0,"513":0,"514":0,"515":0,"516":0,"517":0,"518":0,"519":0,"520":0,"521":0,"522":0,"523":0,"524":0,"525":0,"526":0,"527":0,"528":0,"529":0,"530":0,"531":0,"532":0,"533":0,"534":0,"535":0,"536":0,"537":0,"538":0,"539":0,"540":0,"541":0,"542":0,"543":0,"544":0,"545":0,"546":0,"547":0,"548":0,"549":0,"550":0,"551":0,"552":0,"553":0,"554":0,"555":0,"556":0,"557":0,"558":0,"559":0,"560":0,"561":0,"562":0,"563":0,"564":0,"565":0,"566":0,"567":0,"568":0,"569":0,"570":0,"571":0,"572":0,"573":0,"574":0,"575":0,"576":0,"577":0,"578":0,"579":0,"580":0,"581":0,"582":0,"583":0,"584":0,"585":0,"586":0,"587":0,"588":0,"589":0,"590":0,"591":0,"592":0,"593":0,"594":0,"595":0,"596":0,"597":0,"598":0,"599":0,"600":0,"601":0,"602":0,"603":0,"604":0,"605":0,"606":0,"607":0,"608":0,"609":0,"610":0,"611":0,"612":0,"613":0,"614":0,"615":0,"616":0,"617":0,"618":0,"619":0,"620":0,"621":0,"622":0,"623":0,"624":0,"625":0,"626":0,"627":0,"628":0,"629":0,"630":0,"631":0,"632":0,"633":0,"634":0,"635":0,"636":0,"637":0,"638":0,"639":0,"640":0,"641":0,"642":0,"643":0,"644":0,"645":0,"646":0,"647":0,"648":0,"649":0,"650":0,"651":0,"652":0,"653":0,"654":0,"655":0,"656":0,"657":0,"658":0,"659":0,"660":0,"661":0,"662":0,"663":0,"664":0,"665":0,"666":0,"667":0,"668":0,"669":0,"670":0,"671":0,"672":0,"673":0,"674":0,"675":0,"676":0,"677":0,"678":0,"679":0,"680":0,"681":0,"682":0,"683":0,"684":0,"685":0,"686":0,"687":0,"688":0,"689":0,"690":0,"691":0,"692":0,"693":0,"694":0,"695":0,"696":0,"697":0,"698":0,"699":0,"700":0,"701":0,"702":0,"703":0,"704":0,"705":0,"706":0,"707":0,"708":0,"709":0,"710":0,"711":0,"712":0,"713":0,"714":0,"715":0,"716":0,"717":0,"718":0,"719":0,"720":0,"721":0,"722":0,"723":0},"f":{"0":0,"1":0,"2":0,"3":0,"4":0,"5":0,"6":0,"7":0,"8":0,"9":0,"10":0,"11":0,"12":0,"13":0,"14":0,"15":0,"16":0,"17":0,"18":0,"19":0,"20":0,"21":0,"22":0,"23":0,"24":0,"25":0,"26":0,"27":0,"28":0,"29":0,"30":0,"31":0,"32":0,"33":0,"34":0,"35":0,"36":0,"37":0,"38":0,"39":0,"40":0,"41":0,"42":0,"43":0,"44":0,"45":0,"46":0,"47":0,"48":0,"49":0,"50":0,"51":0,"52":0,"53":0,"54":0,"55":0,"56":0,"57":0,"58":0,"59":0,"60":0,"61":0,"62":0,"63":0,"64":0,"65":0,"66":0,"67":0,"68":0,"69":0,"70":0,"71":0,"72":0,"73":0,"74":0,"75":0,"76":0,"77":0,"78":0,"79":0,"80":0,"81":0,"82":0,"83":0,"84":0,"85":0,"86":0,"87":0,"88":0,"89":0,"90":0,"91":0,"92":0,"93":0,"94":0,"95":0,"96":0,"97":0,"98":0,"99":0,"100":0,"101":0,"102":0,"103":0,"104":0,"105":0,"106":0,"107":0,"108":0,"109":0,"110":0,"111":0,"112":0,"113":0,"114":0,"115":0,"116":0,"117":0,"118":0,"119":0,"120":0,"121":0,"122":0,"123":0,"124":0,"125":0,"126":0,"127":0,"128":0,"129":0,"130":0,"131":0,"132":0,"133":0,"134":0,"135":0,"136":0,"137":0,"138":0,"139":0,"140":0,"141":0,"142":0,"143":0,"144":0,"145":0,"146":0,"147":0,"148":0,"149":0,"150":0,"151":0,"152":0,"153":0,"154":0,"155":0,"156":0,"157":0,"158":0,"159":0,"160":0,"161":0,"162":0,"163":0,"164":0,"165":0,"166":0,"167":0,"168":0,"169":0,"170":0,"171":0,"172":0,"173":0,"174":0,"175":0,"176":0,"177":0,"178":0,"179":0,"180":0,"181":0,"182":0,"183":0,"184":0,"185":0,"186":0,"187":0,"188":0,"189":0,"190":0,"191":0,"192":0,"193":0,"194":0,"195":0,"196":0,"197":0,"198":0,"199":0,"200":0,"201":0,"202":0,"203":0,"204":0,"205":0,"206":0,"207":0,"208":0,"209":0,"210":0,"211":0,"212":0,"213":0,"214":0,"215":0,"216":0,"217":0,"218":0,"219":0,"220":0,"221":0,"222":0,"223":0,"224":0,"225":0,"226":0,"227":0,"228":0,"229":0,"230":0,"231":0,"232":0,"233":0,"234":0,"235":0,"236":0,"237":0,"238":0,"239":0,"240":0,"241":0,"242":0,"243":0,"244":0,"245":0,"246":0,"247":0,"248":0,"249":0,"250":0,"251":0,"252":0,"253":0,"254":0,"255":0,"256":0,"257":0,"258":0,"259":0,"260":0,"261":0,"262":0,"263":0,"264":0,"265":0,"266":0,"267":0,"268":0,"269":0,"270":0,"271":0,"272":0,"273":0,"274":0,"275":0,"276":0,"277":0,"278":0,"279":0,"280":0,"281":0,"282":0,"283":0,"284":0,"285":0,"286":0,"287":0,"288":0,"289":0,"290":0,"291":0,"292":0,"293":0,"294":0,"295":0,"296":0,"297":0,"298":0,"299":0,"300":0,"301":0,"302":0,"303":0,"304":0,"305":0,"306":0,"307":0,"308":0,"309":0,"310":0,"311":0,"312":0,"313":0,"314":0,"315":0,"316":0,"317":0,"318":0,"319":0,"320":0,"321":0,"322":0,"323":0,"324":0,"325":0,"326":0,"327":0,"328":0,"329":0,"330":0,"331":0,"332":0,"333":0,"334":0,"335":0,"336":0,"337":0,"338":0,"339":0,"340":0,"341":0,"342":0,"343":0,"344":0,"345":0,"346":0,"347":0,"348":0,"349":0,"350":0,"351":0,"352":0,"353":0,"354":0,"355":0,"356":0,"357":0,"358":0,"359":0,"360":0,"361":0,"362":0,"363":0,"364":0,"365":0,"366":0,"367":0,"368":0,"369":0,"370":0,"371":0,"372":0,"373":0,"374":0,"375":0,"376":0,"377":0,"378":0,"379":0,"380":0,"381":0,"382":0,"383":0,"384":0,"385":0,"386":0,"387":0,"388":0,"389":0,"390":0,"391":0,"392":0,"393":0,"394":0,"395":0,"396":0,"397":0,"398":0,"399":0,"400":0,"401":0,"402":0,"403":0,"404":0,"405":0,"406":0,"407":0,"408":0,"409":0,"410":0,"411":0,"412":0,"413":0,"414":0,"415":0,"416":0,"417":0,"418":0,"419":0,"420":0,"421":0,"422":0,"423":0,"424":0,"425":0,"426":0,"427":0,"428":0,"429":0,"430":0,"431":0,"432":0,"433":0,"434":0,"435":0,"436":0,"437":0,"438":0,"439":0,"440":0,"441":0,"442":0,"443":0,"444":0,"445":0,"446":0,"447":0,"448":0,"449":0,"450":0,"451":0,"452":0,"453":0,"454":0,"455":0,"456":0,"457":0,"458":0,"459":0,"460":0,"461":0,"462":0,"463":0,"464":0,"465":0,"466":0,"467":0,"468":0,"469":0,"470":0,"471":0,"472":0,"473":0,"474":0,"475":0,"476":0,"477":0,"478":0,"479":0,"480":0,"481":0,"482":0,"483":0,"484":0,"485":0,"486":0,"487":0,"488":0,"489":0,"490":0,"491":0,"492":0,"493":0,"494":0,"495":0,"496":0,"497":0,"498":0,"499":0,"500":0,"501":0,"502":0,"503":0,"504":0,"505":0,"506":0,"507":0,"508":0,"509":0,"510":0,"511":0,"512":0,"513":0,"514":0,"515":0,"516":0,"517":0,"518":0,"519":0,"520":0,"521":0,"522":0,"523":0,"524":0,"525":0,"526":0,"527":0,"528":0,"529":0,"530":0,"531":0,"532":0,"533":0,"534":0,"535":0,"536":0,"537":0,"538":0,"539":0,"540":0,"541":0,"542":0,"543":0,"544":0,"545":0,"546":0,"547":0,"548":0,"549":0,"550":0,"551":0,"552":0,"553":0,"554":0,"555":0,"556":0,"557":0,"558":0,"559":0,"560":0,"561":0,"562":0,"563":0,"564":0,"565":0,"566":0,"567":0,"568":0,"569":0,"570":0,"571":0,"572":0,"573":0,"574":0,"575":0,"576":0,"577":0,"578":0,"579":0,"580":0,"581":0,"582":0,"583":0,"584":0,"585":0,"586":0,"587":0,"588":0,"589":0,"590":0,"591":0,"592":0,"593":0,"594":0,"595":0,"596":0,"597":0,"598":0,"599":0,"600":0,"601":0,"602":0,"603":0,"604":0,"605":0,"606":0,"607":0,"608":0,"609":0,"610":0,"611":0,"612":0,"613":0,"614":0,"615":0,"616":0,"617":0,"618":0,"619":0,"620":0,"621":0,"622":0,"623":0,"624":0,"625":0,"626":0,"627":0,"628":0,"629":0,"630":0,"631":0,"632":0,"633":0,"634":0,"635":0,"636":0,"637":0,"638":0,"639":0,"640":0,"641":0,"642":0,"643":0,"644":0,"645":0,"646":0,"647":0,"648":0,"649":0,"650":0,"651":0,"652":0,"653":0,"654":0,"655":0,"656":0,"657":0,"658":0,"659":0,"660":0,"661":0,"662":0,"663":0,"664":0,"665":0,"666":0,"667":0,"668":0,"669":0,"670":0,"671":0,"672":0,"673":0,"674":0,"675":0,"676":0,"677":0,"678":0,"679":0,"680":0,"681":0,"682":0,"683":0,"684":0,"685":0,"686":0,"687":0,"688":0,"689":0,"690":0,"691":0,"692":0,"693":0,"694":0,"695":0,"696":0,"697":0,"698":0,"699":0,"700":0,"701":0},"b":{"0":[0,0],"1":[0,0],"2":[0,0],"3":[0,0],"4":[0,0],"5":[0,0],"6":[0,0]}}
,"/Users/michaelquinlan/Development/informaportal/informaportal/reducers/reducer_index.js": {"path":"/Users/michaelquinlan/Development/informaportal/informaportal/reducers/reducer_index.js","statementMap":{"0":{"start":{"line":1,"column":0},"end":{"line":13,"column":17}},"1":{"start":{"line":1,"column":29},"end":{"line":1,"column":441}},"2":{"start":{"line":1,"column":78},"end":{"line":1,"column":155}},"3":{"start":{"line":1,"column":162},"end":{"line":1,"column":441}},"4":{"start":{"line":1,"column":199},"end":{"line":1,"column":291}},"5":{"start":{"line":1,"column":309},"end":{"line":1,"column":324}},"6":{"start":{"line":1,"column":325},"end":{"line":1,"column":405}},"7":{"start":{"line":1,"column":405},"end":{"line":1,"column":440}},"8":{"start":{"line":1,"column":524},"end":{"line":1,"column":586}},"9":{"start":{"line":1,"column":610},"end":{"line":1,"column":650}},"10":{"start":{"line":1,"column":672},"end":{"line":1,"column":709}},"11":{"start":{"line":1,"column":748},"end":{"line":1,"column":802}},"12":{"start":{"line":6,"column":20},"end":{"line":11,"column":4}},"13":{"start":{"line":11,"column":5},"end":{"line":13,"column":14}}},"fnMap":{"0":{"name":"(anonymous_0)","decl":{"start":{"line":1,"column":1},"end":{"line":1,"column":2}},"loc":{"start":{"line":1,"column":28},"end":{"line":1,"column":442}},"line":1},"1":{"name":"(anonymous_1)","decl":{"start":{"line":1,"column":450},"end":{"line":1,"column":451}},"loc":{"start":{"line":1,"column":510},"end":{"line":13,"column":15}},"line":1},"2":{"name":"_interopRequireDefault","decl":{"start":{"line":1,"column":719},"end":{"line":1,"column":741}},"loc":{"start":{"line":1,"column":747},"end":{"line":1,"column":803}},"line":1}},"branchMap":{"0":{"loc":{"start":{"line":1,"column":29},"end":{"line":1,"column":441}},"type":"if","locations":[{"start":{"line":1,"column":29},"end":{"line":1,"column":441}},{"start":{"line":1,"column":29},"end":{"line":1,"column":441}}],"line":1},"1":{"loc":{"start":{"line":1,"column":33},"end":{"line":1,"column":75}},"type":"binary-expr","locations":[{"start":{"line":1,"column":33},"end":{"line":1,"column":61}},{"start":{"line":1,"column":65},"end":{"line":1,"column":75}}],"line":1},"2":{"loc":{"start":{"line":1,"column":162},"end":{"line":1,"column":441}},"type":"if","locations":[{"start":{"line":1,"column":162},"end":{"line":1,"column":441}},{"start":{"line":1,"column":162},"end":{"line":1,"column":441}}],"line":1},"3":{"loc":{"start":{"line":1,"column":755},"end":{"line":1,"column":801}},"type":"cond-expr","locations":[{"start":{"line":1,"column":779},"end":{"line":1,"column":782}},{"start":{"line":1,"column":785},"end":{"line":1,"column":801}}],"line":1},"4":{"loc":{"start":{"line":1,"column":755},"end":{"line":1,"column":776}},"type":"binary-expr","locations":[{"start":{"line":1,"column":755},"end":{"line":1,"column":758}},{"start":{"line":1,"column":762},"end":{"line":1,"column":776}}],"line":1}},"s":{"0":0,"1":0,"2":0,"3":0,"4":0,"5":0,"6":0,"7":0,"8":0,"9":0,"10":0,"11":0,"12":0,"13":0},"f":{"0":0,"1":0,"2":0},"b":{"0":[0,0],"1":[0,0],"2":[0,0],"3":[0,0],"4":[0,0]}}
,"/Users/michaelquinlan/Development/informaportal/informaportal/reducers/reducer_news.js": {"path":"/Users/michaelquinlan/Development/informaportal/informaportal/reducers/reducer_news.js","statementMap":{"0":{"start":{"line":1,"column":0},"end":{"line":14,"column":7}},"1":{"start":{"line":1,"column":29},"end":{"line":1,"column":350}},"2":{"start":{"line":1,"column":78},"end":{"line":1,"column":137}},"3":{"start":{"line":1,"column":144},"end":{"line":1,"column":350}},"4":{"start":{"line":1,"column":181},"end":{"line":1,"column":237}},"5":{"start":{"line":1,"column":255},"end":{"line":1,"column":270}},"6":{"start":{"line":1,"column":271},"end":{"line":1,"column":315}},"7":{"start":{"line":1,"column":315},"end":{"line":1,"column":349}},"8":{"start":{"line":1,"column":409},"end":{"line":1,"column":471}},"9":{"start":{"line":1,"column":471},"end":{"line":14,"column":4}},"10":{"start":{"line":3,"column":27},"end":{"line":3,"column":97}},"11":{"start":{"line":3,"column":111},"end":{"line":3,"column":123}},"12":{"start":{"line":4,"column":4},"end":{"line":4,"column":50}},"13":{"start":{"line":5,"column":4},"end":{"line":12,"column":22}},"14":{"start":{"line":7,"column":8},"end":{"line":10,"column":9}},"15":{"start":{"line":8,"column":10},"end":{"line":8,"column":68}},"16":{"start":{"line":12,"column":8},"end":{"line":12,"column":21}}},"fnMap":{"0":{"name":"(anonymous_0)","decl":{"start":{"line":1,"column":1},"end":{"line":1,"column":2}},"loc":{"start":{"line":1,"column":28},"end":{"line":1,"column":351}},"line":1},"1":{"name":"(anonymous_1)","decl":{"start":{"line":1,"column":359},"end":{"line":1,"column":360}},"loc":{"start":{"line":1,"column":395},"end":{"line":14,"column":5}},"line":1},"2":{"name":"(anonymous_2)","decl":{"start":{"line":3,"column":2},"end":{"line":3,"column":3}},"loc":{"start":{"line":3,"column":14},"end":{"line":14,"column":3}},"line":3}},"branchMap":{"0":{"loc":{"start":{"line":1,"column":29},"end":{"line":1,"column":350}},"type":"if","locations":[{"start":{"line":1,"column":29},"end":{"line":1,"column":350}},{"start":{"line":1,"column":29},"end":{"line":1,"column":350}}],"line":1},"1":{"loc":{"start":{"line":1,"column":33},"end":{"line":1,"column":75}},"type":"binary-expr","locations":[{"start":{"line":1,"column":33},"end":{"line":1,"column":61}},{"start":{"line":1,"column":65},"end":{"line":1,"column":75}}],"line":1},"2":{"loc":{"start":{"line":1,"column":144},"end":{"line":1,"column":350}},"type":"if","locations":[{"start":{"line":1,"column":144},"end":{"line":1,"column":350}},{"start":{"line":1,"column":144},"end":{"line":1,"column":350}}],"line":1},"3":{"loc":{"start":{"line":3,"column":27},"end":{"line":3,"column":97}},"type":"cond-expr","locations":[{"start":{"line":3,"column":80},"end":{"line":3,"column":92}},{"start":{"line":3,"column":95},"end":{"line":3,"column":97}}],"line":3},"4":{"loc":{"start":{"line":3,"column":27},"end":{"line":3,"column":77}},"type":"binary-expr","locations":[{"start":{"line":3,"column":27},"end":{"line":3,"column":47}},{"start":{"line":3,"column":51},"end":{"line":3,"column":77}}],"line":3},"5":{"loc":{"start":{"line":5,"column":4},"end":{"line":12,"column":22}},"type":"switch","locations":[{"start":{"line":6,"column":6},"end":{"line":10,"column":9}},{"start":{"line":11,"column":6},"end":{"line":12,"column":21}}],"line":5},"6":{"loc":{"start":{"line":7,"column":8},"end":{"line":10,"column":9}},"type":"if","locations":[{"start":{"line":7,"column":8},"end":{"line":10,"column":9}},{"start":{"line":7,"column":8},"end":{"line":10,"column":9}}],"line":7}},"s":{"0":0,"1":0,"2":0,"3":0,"4":0,"5":0,"6":0,"7":0,"8":0,"9":0,"10":0,"11":0,"12":0,"13":0,"14":0,"15":0,"16":0},"f":{"0":0,"1":0,"2":0},"b":{"0":[0,0],"1":[0,0],"2":[0,0],"3":[0,0],"4":[0,0],"5":[0,0],"6":[0,0]}}
,"/Users/michaelquinlan/Development/informaportal/informaportal/reducers/reducer_weather.js": {"path":"/Users/michaelquinlan/Development/informaportal/informaportal/reducers/reducer_weather.js","statementMap":{"0":{"start":{"line":1,"column":0},"end":{"line":22,"column":7}},"1":{"start":{"line":1,"column":29},"end":{"line":1,"column":353}},"2":{"start":{"line":1,"column":78},"end":{"line":1,"column":137}},"3":{"start":{"line":1,"column":144},"end":{"line":1,"column":353}},"4":{"start":{"line":1,"column":181},"end":{"line":1,"column":237}},"5":{"start":{"line":1,"column":255},"end":{"line":1,"column":270}},"6":{"start":{"line":1,"column":271},"end":{"line":1,"column":315}},"7":{"start":{"line":1,"column":315},"end":{"line":1,"column":352}},"8":{"start":{"line":1,"column":412},"end":{"line":1,"column":474}},"9":{"start":{"line":1,"column":474},"end":{"line":22,"column":4}},"10":{"start":{"line":3,"column":27},"end":{"line":3,"column":97}},"11":{"start":{"line":3,"column":111},"end":{"line":3,"column":123}},"12":{"start":{"line":4,"column":4},"end":{"line":4,"column":48}},"13":{"start":{"line":5,"column":4},"end":{"line":20,"column":22}},"14":{"start":{"line":7,"column":8},"end":{"line":12,"column":9}},"15":{"start":{"line":8,"column":25},"end":{"line":8,"column":47}},"16":{"start":{"line":9,"column":22},"end":{"line":9,"column":98}},"17":{"start":{"line":10,"column":10},"end":{"line":10,"column":37}},"18":{"start":{"line":13,"column":8},"end":{"line":16,"column":9}},"19":{"start":{"line":14,"column":10},"end":{"line":14,"column":80}},"20":{"start":{"line":15,"column":10},"end":{"line":15,"column":23}},"21":{"start":{"line":17,"column":8},"end":{"line":17,"column":49}},"22":{"start":{"line":20,"column":8},"end":{"line":20,"column":21}}},"fnMap":{"0":{"name":"(anonymous_0)","decl":{"start":{"line":1,"column":1},"end":{"line":1,"column":2}},"loc":{"start":{"line":1,"column":28},"end":{"line":1,"column":354}},"line":1},"1":{"name":"(anonymous_1)","decl":{"start":{"line":1,"column":362},"end":{"line":1,"column":363}},"loc":{"start":{"line":1,"column":398},"end":{"line":22,"column":5}},"line":1},"2":{"name":"(anonymous_2)","decl":{"start":{"line":3,"column":2},"end":{"line":3,"column":3}},"loc":{"start":{"line":3,"column":14},"end":{"line":22,"column":3}},"line":3}},"branchMap":{"0":{"loc":{"start":{"line":1,"column":29},"end":{"line":1,"column":353}},"type":"if","locations":[{"start":{"line":1,"column":29},"end":{"line":1,"column":353}},{"start":{"line":1,"column":29},"end":{"line":1,"column":353}}],"line":1},"1":{"loc":{"start":{"line":1,"column":33},"end":{"line":1,"column":75}},"type":"binary-expr","locations":[{"start":{"line":1,"column":33},"end":{"line":1,"column":61}},{"start":{"line":1,"column":65},"end":{"line":1,"column":75}}],"line":1},"2":{"loc":{"start":{"line":1,"column":144},"end":{"line":1,"column":353}},"type":"if","locations":[{"start":{"line":1,"column":144},"end":{"line":1,"column":353}},{"start":{"line":1,"column":144},"end":{"line":1,"column":353}}],"line":1},"3":{"loc":{"start":{"line":3,"column":27},"end":{"line":3,"column":97}},"type":"cond-expr","locations":[{"start":{"line":3,"column":80},"end":{"line":3,"column":92}},{"start":{"line":3,"column":95},"end":{"line":3,"column":97}}],"line":3},"4":{"loc":{"start":{"line":3,"column":27},"end":{"line":3,"column":77}},"type":"binary-expr","locations":[{"start":{"line":3,"column":27},"end":{"line":3,"column":47}},{"start":{"line":3,"column":51},"end":{"line":3,"column":77}}],"line":3},"5":{"loc":{"start":{"line":5,"column":4},"end":{"line":20,"column":22}},"type":"switch","locations":[{"start":{"line":6,"column":6},"end":{"line":17,"column":49}},{"start":{"line":19,"column":6},"end":{"line":20,"column":21}}],"line":5},"6":{"loc":{"start":{"line":7,"column":8},"end":{"line":12,"column":9}},"type":"if","locations":[{"start":{"line":7,"column":8},"end":{"line":12,"column":9}},{"start":{"line":7,"column":8},"end":{"line":12,"column":9}}],"line":7},"7":{"loc":{"start":{"line":13,"column":8},"end":{"line":16,"column":9}},"type":"if","locations":[{"start":{"line":13,"column":8},"end":{"line":16,"column":9}},{"start":{"line":13,"column":8},"end":{"line":16,"column":9}}],"line":13}},"s":{"0":0,"1":0,"2":0,"3":0,"4":0,"5":0,"6":0,"7":0,"8":0,"9":0,"10":0,"11":0,"12":0,"13":0,"14":0,"15":0,"16":0,"17":0,"18":0,"19":0,"20":0,"21":0,"22":0},"f":{"0":0,"1":0,"2":0},"b":{"0":[0,0],"1":[0,0],"2":[0,0],"3":[0,0],"4":[0,0],"5":[0,0],"6":[0,0],"7":[0,0]}}
}
