TN:
SF:/Users/michaelquinlan/Development/informaportal/informaportal/orig-webpack.config.js
FN:1,(anonymous_0)
FN:1,(anonymous_1)
FNF:2
FNH:0
FNDA:0,(anonymous_0)
FNDA:0,(anonymous_1)
DA:1,0
DA:3,0
LF:2
LH:0
BRDA:1,0,0,0
BRDA:1,0,1,0
BRDA:1,1,0,0
BRDA:1,1,1,0
BRDA:1,2,0,0
BRDA:1,2,1,0
BRF:6
BRH:0
end_of_record
TN:
SF:/Users/michaelquinlan/Development/informaportal/informaportal/server.js
FN:1,(anonymous_0)
FN:8,(anonymous_1)
FN:25,(anonymous_2)
FNF:3
FNH:0
FNDA:0,(anonymous_0)
FNDA:0,(anonymous_1)
FNDA:0,(anonymous_2)
DA:1,0
DA:8,0
DA:10,0
DA:24,0
DA:25,0
DA:26,0
DA:30,0
DA:31,0
LF:8
LH:0
BRDA:1,0,0,0
BRDA:1,0,1,0
BRDA:1,1,0,0
BRDA:1,1,1,0
BRDA:8,2,0,0
BRDA:8,2,1,0
BRDA:8,3,0,0
BRDA:8,3,1,0
BRF:8
BRH:0
end_of_record
TN:
SF:/Users/michaelquinlan/Development/informaportal/informaportal/store.js
FN:1,(anonymous_0)
FN:1,(anonymous_1)
FN:1,_interopRequireDefault
FNF:3
FNH:0
FNDA:0,(anonymous_0)
FNDA:0,(anonymous_1)
FNDA:0,_interopRequireDefault
DA:1,0
DA:8,0
LF:2
LH:0
BRDA:1,0,0,0
BRDA:1,0,1,0
BRDA:1,1,0,0
BRDA:1,1,1,0
BRDA:1,2,0,0
BRDA:1,2,1,0
BRDA:1,3,0,0
BRDA:1,3,1,0
BRDA:1,4,0,0
BRDA:1,4,1,0
BRF:10
BRH:0
end_of_record
TN:
SF:/Users/michaelquinlan/Development/informaportal/informaportal/webpack.config.js
FN:1,(anonymous_0)
FN:2,(anonymous_1)
FN:6,(anonymous_2)
FNF:3
FNH:0
FNDA:0,(anonymous_0)
FNDA:0,(anonymous_1)
FNDA:0,(anonymous_2)
DA:1,0
DA:2,0
DA:6,0
DA:7,0
LF:4
LH:0
BRDA:1,0,0,0
BRDA:1,0,1,0
BRDA:1,1,0,0
BRDA:1,1,1,0
BRDA:2,2,0,0
BRDA:2,2,1,0
BRDA:11,3,0,0
BRDA:11,3,1,0
BRF:8
BRH:0
end_of_record
TN:
SF:/Users/michaelquinlan/Development/informaportal/informaportal/actions/action-creators.js
FN:1,(anonymous_0)
FN:1,(anonymous_1)
FN:44,_interopRequireDefault
FN:51,fetchWeather
FN:51,fetchNews
FNF:5
FNH:0
FNDA:0,(anonymous_0)
FNDA:0,(anonymous_1)
FNDA:0,_interopRequireDefault
FNDA:0,fetchWeather
FNDA:0,fetchNews
DA:1,0
DA:26,0
DA:44,0
DA:46,0
DA:48,0
DA:51,0
DA:54,0
DA:56,0
DA:57,0
DA:59,0
DA:61,0
LF:11
LH:0
BRDA:1,0,0,0
BRDA:1,0,1,0
BRDA:1,1,0,0
BRDA:1,1,1,0
BRDA:1,2,0,0
BRDA:1,2,1,0
BRDA:44,3,0,0
BRDA:44,3,1,0
BRDA:44,4,0,0
BRDA:44,4,1,0
BRDA:51,5,0,0
BRDA:51,5,1,0
BRF:12
BRH:0
end_of_record
TN:
SF:/Users/michaelquinlan/Development/informaportal/informaportal/client/ClientApp.jsx
FN:1,(anonymous_0)
FN:1,(anonymous_1)
FN:1,_interopRequireDefault
FN:18,App
FNF:4
FNH:0
FNDA:0,(anonymous_0)
FNDA:0,(anonymous_1)
FNDA:0,_interopRequireDefault
FNDA:0,App
DA:1,0
DA:18,0
DA:37,0
LF:3
LH:0
BRDA:1,0,0,0
BRDA:1,0,1,0
BRDA:1,1,0,0
BRDA:1,1,1,0
BRDA:1,2,0,0
BRDA:1,2,1,0
BRDA:1,3,0,0
BRDA:1,3,1,0
BRDA:1,4,0,0
BRDA:1,4,1,0
BRF:10
BRH:0
end_of_record
TN:
SF:/Users/michaelquinlan/Development/informaportal/informaportal/client/Store.jsx
FN:1,(anonymous_0)
FN:3,(anonymous_1)
FN:3,(anonymous_2)
FN:3,(anonymous_3)
FN:11,rootReducer
FN:20,reduceSearchTerm
FN:27,(anonymous_6)
FN:30,mapStateToProps
FN:41,mapDispatchToProps
FN:44,setSearchTerm
FNF:10
FNH:0
FNDA:0,(anonymous_0)
FNDA:0,(anonymous_1)
FNDA:0,(anonymous_2)
FNDA:0,(anonymous_3)
FNDA:0,rootReducer
FNDA:0,reduceSearchTerm
FNDA:0,(anonymous_6)
FNDA:0,mapStateToProps
FNDA:0,mapDispatchToProps
FNDA:0,setSearchTerm
DA:1,0
DA:3,0
DA:5,0
DA:6,0
DA:11,0
DA:12,0
DA:14,0
DA:16,0
DA:20,0
DA:21,0
DA:22,0
DA:23,0
DA:26,0
DA:27,0
DA:30,0
DA:31,0
DA:41,0
DA:42,0
DA:45,0
DA:50,0
DA:52,0
LF:21
LH:0
BRDA:1,0,0,0
BRDA:1,0,1,0
BRDA:1,1,0,0
BRDA:1,1,1,0
BRDA:3,2,0,0
BRDA:3,2,1,0
BRDA:3,3,0,0
BRDA:3,3,1,0
BRDA:3,4,0,0
BRDA:3,4,1,0
BRDA:3,5,0,0
BRDA:3,5,1,0
BRDA:3,6,0,0
BRDA:3,6,1,0
BRDA:3,6,2,0
BRDA:3,6,3,0
BRDA:11,7,0,0
BRDA:11,7,1,0
BRDA:11,8,0,0
BRDA:11,8,1,0
BRDA:12,9,0,0
BRDA:12,9,1,0
BRDA:27,10,0,0
BRDA:27,10,1,0
BRDA:27,11,0,0
BRDA:27,11,1,0
BRDA:27,12,0,0
BRDA:27,12,1,0
BRF:28
BRH:0
end_of_record
TN:
SF:/Users/michaelquinlan/Development/informaportal/informaportal/components/Chart.jsx
FN:1,(anonymous_0)
FN:1,(anonymous_1)
FN:1,_interopRequireDefault
FN:5,average
FN:10,(anonymous_4)
FNF:5
FNH:0
FNDA:0,(anonymous_0)
FNDA:0,(anonymous_1)
FNDA:0,_interopRequireDefault
FNDA:0,average
FNDA:0,(anonymous_4)
DA:1,0
DA:6,0
DA:7,0
DA:10,0
LF:4
LH:0
BRDA:1,0,0,0
BRDA:1,0,1,0
BRDA:1,1,0,0
BRDA:1,1,1,0
BRDA:1,2,0,0
BRDA:1,2,1,0
BRDA:1,3,0,0
BRDA:1,3,1,0
BRDA:1,4,0,0
BRDA:1,4,1,0
BRF:10
BRH:0
end_of_record
TN:
SF:/Users/michaelquinlan/Development/informaportal/informaportal/components/Footer.jsx
FN:5,(anonymous_0)
FNF:1
FNH:1
FNDA:1,(anonymous_0)
DA:6,1
LF:1
LH:1
BRF:0
BRH:0
end_of_record
TN:
SF:/Users/michaelquinlan/Development/informaportal/informaportal/components/GoogleMap.jsx
FN:1,(anonymous_0)
FN:1,(anonymous_1)
FN:1,_interopRequireDefault
FN:1,_classCallCheck
FN:1,_possibleConstructorReturn
FN:1,_inherits
FN:3,(anonymous_6)
FN:3,GoogleMap
FN:4,componentDidMount
FN:14,render
FNF:10
FNH:0
FNDA:0,(anonymous_0)
FNDA:0,(anonymous_1)
FNDA:0,_interopRequireDefault
FNDA:0,_classCallCheck
FNDA:0,_possibleConstructorReturn
FNDA:0,_inherits
FNDA:0,(anonymous_6)
FNDA:0,GoogleMap
FNDA:0,componentDidMount
FNDA:0,render
DA:1,0
DA:3,0
DA:5,0
DA:12,0
DA:15,0
DA:16,0
LF:6
LH:0
BRDA:1,0,0,0
BRDA:1,0,1,0
BRDA:1,1,0,0
BRDA:1,1,1,0
BRDA:1,2,0,0
BRDA:1,2,1,0
BRDA:1,3,0,0
BRDA:1,3,1,0
BRDA:1,4,0,0
BRDA:1,4,1,0
BRDA:1,5,0,0
BRDA:1,5,1,0
BRDA:1,6,0,0
BRDA:1,6,1,0
BRDA:1,7,0,0
BRDA:1,7,1,0
BRDA:1,8,0,0
BRDA:1,8,1,0
BRDA:1,8,2,0
BRDA:1,9,0,0
BRDA:1,9,1,0
BRDA:1,10,0,0
BRDA:1,10,1,0
BRDA:1,11,0,0
BRDA:1,11,1,0
BRDA:1,12,0,0
BRDA:1,12,1,0
BRDA:1,13,0,0
BRDA:1,13,1,0
BRF:29
BRH:0
end_of_record
TN:
SF:/Users/michaelquinlan/Development/informaportal/informaportal/components/Header.jsx
FN:1,(anonymous_0)
FN:1,(anonymous_1)
FN:1,_interopRequireDefault
FN:1,_classCallCheck
FN:1,_possibleConstructorReturn
FN:1,_inherits
FN:4,(anonymous_6)
FN:4,Header
FN:5,render
FNF:9
FNH:0
FNDA:0,(anonymous_0)
FNDA:0,(anonymous_1)
FNDA:0,_interopRequireDefault
FNDA:0,_classCallCheck
FNDA:0,_possibleConstructorReturn
FNDA:0,_inherits
FNDA:0,(anonymous_6)
FNDA:0,Header
FNDA:0,render
DA:1,0
DA:4,0
DA:6,0
DA:20,0
LF:4
LH:0
BRDA:1,0,0,0
BRDA:1,0,1,0
BRDA:1,1,0,0
BRDA:1,1,1,0
BRDA:1,2,0,0
BRDA:1,2,1,0
BRDA:1,3,0,0
BRDA:1,3,1,0
BRDA:1,4,0,0
BRDA:1,4,1,0
BRDA:1,5,0,0
BRDA:1,5,1,0
BRDA:1,6,0,0
BRDA:1,6,1,0
BRDA:1,7,0,0
BRDA:1,7,1,0
BRDA:1,8,0,0
BRDA:1,8,1,0
BRDA:1,8,2,0
BRDA:1,9,0,0
BRDA:1,9,1,0
BRDA:1,10,0,0
BRDA:1,10,1,0
BRDA:1,11,0,0
BRDA:1,11,1,0
BRDA:1,12,0,0
BRDA:1,12,1,0
BRDA:1,13,0,0
BRDA:1,13,1,0
BRF:29
BRH:0
end_of_record
TN:
SF:/Users/michaelquinlan/Development/informaportal/informaportal/components/Landing.jsx
FN:1,(anonymous_0)
FN:1,(anonymous_1)
FN:1,_interopRequireDefault
FN:7,Landing
FNF:4
FNH:0
FNDA:0,(anonymous_0)
FNDA:0,(anonymous_1)
FNDA:0,_interopRequireDefault
FNDA:0,Landing
DA:1,0
DA:7,0
DA:17,0
LF:3
LH:0
BRDA:1,0,0,0
BRDA:1,0,1,0
BRDA:1,1,0,0
BRDA:1,1,1,0
BRDA:1,2,0,0
BRDA:1,2,1,0
BRDA:1,3,0,0
BRDA:1,3,1,0
BRDA:1,4,0,0
BRDA:1,4,1,0
BRF:10
BRH:0
end_of_record
TN:
SF:/Users/michaelquinlan/Development/informaportal/informaportal/components/Loader.jsx
FN:1,(anonymous_0)
FN:1,(anonymous_1)
FN:1,_interopRequireDefault
FN:5,render
FNF:4
FNH:0
FNDA:0,(anonymous_0)
FNDA:0,(anonymous_1)
FNDA:0,_interopRequireDefault
FNDA:0,render
DA:1,0
DA:4,0
DA:6,0
DA:11,0
LF:4
LH:0
BRDA:1,0,0,0
BRDA:1,0,1,0
BRDA:1,1,0,0
BRDA:1,1,1,0
BRDA:1,2,0,0
BRDA:1,2,1,0
BRDA:1,3,0,0
BRDA:1,3,1,0
BRDA:1,4,0,0
BRDA:1,4,1,0
BRF:10
BRH:0
end_of_record
TN:
SF:/Users/michaelquinlan/Development/informaportal/informaportal/components/Login.jsx
FN:1,(anonymous_0)
FN:1,(anonymous_1)
FN:1,_interopRequireDefault
FN:1,_classCallCheck
FN:1,_possibleConstructorReturn
FN:1,_inherits
FN:4,(anonymous_6)
FN:4,Login
FN:5,render
FNF:9
FNH:0
FNDA:0,(anonymous_0)
FNDA:0,(anonymous_1)
FNDA:0,_interopRequireDefault
FNDA:0,_classCallCheck
FNDA:0,_possibleConstructorReturn
FNDA:0,_inherits
FNDA:0,(anonymous_6)
FNDA:0,Login
FNDA:0,render
DA:1,0
DA:4,0
DA:6,0
DA:21,0
LF:4
LH:0
BRDA:1,0,0,0
BRDA:1,0,1,0
BRDA:1,1,0,0
BRDA:1,1,1,0
BRDA:1,2,0,0
BRDA:1,2,1,0
BRDA:1,3,0,0
BRDA:1,3,1,0
BRDA:1,4,0,0
BRDA:1,4,1,0
BRDA:1,5,0,0
BRDA:1,5,1,0
BRDA:1,6,0,0
BRDA:1,6,1,0
BRDA:1,7,0,0
BRDA:1,7,1,0
BRDA:1,8,0,0
BRDA:1,8,1,0
BRDA:1,8,2,0
BRDA:1,9,0,0
BRDA:1,9,1,0
BRDA:1,10,0,0
BRDA:1,10,1,0
BRDA:1,11,0,0
BRDA:1,11,1,0
BRDA:1,12,0,0
BRDA:1,12,1,0
BRDA:1,13,0,0
BRDA:1,13,1,0
BRF:29
BRH:0
end_of_record
TN:
SF:/Users/michaelquinlan/Development/informaportal/informaportal/components/News.jsx
FN:1,(anonymous_0)
FN:1,(anonymous_1)
FN:1,_interopRequireDefault
FN:1,_classCallCheck
FN:1,_possibleConstructorReturn
FN:1,_inherits
FN:9,(anonymous_6)
FN:10,News
FN:26,convertTheTimestamp
FN:30,handleSelect
FN:35,render
FN:60,(anonymous_11)
FN:85,mapStateToProps
FN:96,mapDispatchToProps
FNF:14
FNH:0
FNDA:0,(anonymous_0)
FNDA:0,(anonymous_1)
FNDA:0,_interopRequireDefault
FNDA:0,_classCallCheck
FNDA:0,_possibleConstructorReturn
FNDA:0,_inherits
FNDA:0,(anonymous_6)
FNDA:0,News
FNDA:0,convertTheTimestamp
FNDA:0,handleSelect
FNDA:0,render
FNDA:0,(anonymous_11)
FNDA:0,mapStateToProps
FNDA:0,mapDispatchToProps
DA:1,0
DA:9,0
DA:10,0
DA:13,0
DA:15,0
DA:17,0
DA:19,0
DA:22,0
DA:24,0
DA:27,0
DA:28,0
DA:31,0
DA:32,0
DA:35,0
DA:36,0
DA:38,0
DA:39,0
DA:42,0
DA:43,0
DA:44,0
DA:45,0
DA:47,0
DA:60,0
DA:82,0
DA:86,0
DA:88,0
DA:97,0
DA:98,0
LF:28
LH:0
BRDA:1,0,0,0
BRDA:1,0,1,0
BRDA:1,1,0,0
BRDA:1,1,1,0
BRDA:1,2,0,0
BRDA:1,2,1,0
BRDA:1,3,0,0
BRDA:1,3,1,0
BRDA:1,4,0,0
BRDA:1,4,1,0
BRDA:1,5,0,0
BRDA:1,5,1,0
BRDA:1,6,0,0
BRDA:1,6,1,0
BRDA:1,7,0,0
BRDA:1,7,1,0
BRDA:1,8,0,0
BRDA:1,8,1,0
BRDA:1,8,2,0
BRDA:1,9,0,0
BRDA:1,9,1,0
BRDA:1,10,0,0
BRDA:1,10,1,0
BRDA:1,11,0,0
BRDA:1,11,1,0
BRDA:1,12,0,0
BRDA:1,12,1,0
BRDA:1,13,0,0
BRDA:1,13,1,0
BRDA:54,14,0,0
BRDA:54,14,1,0
BRDA:56,15,0,0
BRDA:56,15,1,0
BRF:33
BRH:0
end_of_record
TN:
SF:/Users/michaelquinlan/Development/informaportal/informaportal/components/Signup.jsx
FN:1,(anonymous_0)
FN:1,(anonymous_1)
FN:1,_interopRequireDefault
FN:1,_classCallCheck
FN:1,_possibleConstructorReturn
FN:1,_inherits
FN:4,(anonymous_6)
FN:4,Signup
FN:5,render
FNF:9
FNH:0
FNDA:0,(anonymous_0)
FNDA:0,(anonymous_1)
FNDA:0,_interopRequireDefault
FNDA:0,_classCallCheck
FNDA:0,_possibleConstructorReturn
FNDA:0,_inherits
FNDA:0,(anonymous_6)
FNDA:0,Signup
FNDA:0,render
DA:1,0
DA:4,0
DA:6,0
DA:21,0
LF:4
LH:0
BRDA:1,0,0,0
BRDA:1,0,1,0
BRDA:1,1,0,0
BRDA:1,1,1,0
BRDA:1,2,0,0
BRDA:1,2,1,0
BRDA:1,3,0,0
BRDA:1,3,1,0
BRDA:1,4,0,0
BRDA:1,4,1,0
BRDA:1,5,0,0
BRDA:1,5,1,0
BRDA:1,6,0,0
BRDA:1,6,1,0
BRDA:1,7,0,0
BRDA:1,7,1,0
BRDA:1,8,0,0
BRDA:1,8,1,0
BRDA:1,8,2,0
BRDA:1,9,0,0
BRDA:1,9,1,0
BRDA:1,10,0,0
BRDA:1,10,1,0
BRDA:1,11,0,0
BRDA:1,11,1,0
BRDA:1,12,0,0
BRDA:1,12,1,0
BRDA:1,13,0,0
BRDA:1,13,1,0
BRF:29
BRH:0
end_of_record
TN:
SF:/Users/michaelquinlan/Development/informaportal/informaportal/components/VideoViewport.jsx
FN:1,(anonymous_0)
FN:1,(anonymous_1)
FN:1,_interopRequireDefault
FN:1,_classCallCheck
FN:1,_possibleConstructorReturn
FN:1,_inherits
FN:7,(anonymous_6)
FN:7,VideoViewport
FN:8,render
FNF:9
FNH:0
FNDA:0,(anonymous_0)
FNDA:0,(anonymous_1)
FNDA:0,_interopRequireDefault
FNDA:0,_classCallCheck
FNDA:0,_possibleConstructorReturn
FNDA:0,_inherits
FNDA:0,(anonymous_6)
FNDA:0,VideoViewport
FNDA:0,render
DA:1,0
DA:7,0
DA:9,0
DA:21,0
LF:4
LH:0
BRDA:1,0,0,0
BRDA:1,0,1,0
BRDA:1,1,0,0
BRDA:1,1,1,0
BRDA:1,2,0,0
BRDA:1,2,1,0
BRDA:1,3,0,0
BRDA:1,3,1,0
BRDA:1,4,0,0
BRDA:1,4,1,0
BRDA:1,5,0,0
BRDA:1,5,1,0
BRDA:1,6,0,0
BRDA:1,6,1,0
BRDA:1,7,0,0
BRDA:1,7,1,0
BRDA:1,8,0,0
BRDA:1,8,1,0
BRDA:1,8,2,0
BRDA:1,9,0,0
BRDA:1,9,1,0
BRDA:1,10,0,0
BRDA:1,10,1,0
BRDA:1,11,0,0
BRDA:1,11,1,0
BRDA:1,12,0,0
BRDA:1,12,1,0
BRDA:1,13,0,0
BRDA:1,13,1,0
BRF:29
BRH:0
end_of_record
TN:
SF:/Users/michaelquinlan/Development/informaportal/informaportal/components/YouTube.jsx
FN:5,(anonymous_0)
FN:19,(anonymous_1)
FN:24,(anonymous_2)
FN:30,(anonymous_3)
FN:34,(anonymous_4)
FN:46,(anonymous_5)
FN:52,(anonymous_6)
FN:55,(anonymous_7)
FN:61,(anonymous_8)
FN:101,(anonymous_9)
FNF:10
FNH:0
FNDA:0,(anonymous_0)
FNDA:0,(anonymous_1)
FNDA:0,(anonymous_2)
FNDA:0,(anonymous_3)
FNDA:0,(anonymous_4)
FNDA:0,(anonymous_5)
FNDA:0,(anonymous_6)
FNDA:0,(anonymous_7)
FNDA:0,(anonymous_8)
FNDA:0,(anonymous_9)
DA:6,0
DA:8,0
DA:9,0
DA:10,0
DA:12,0
DA:20,0
DA:21,0
DA:25,0
DA:26,0
DA:27,0
DA:31,0
DA:35,0
DA:41,0
DA:43,0
DA:45,0
DA:47,0
DA:48,0
DA:50,0
DA:53,0
DA:56,0
DA:62,0
DA:71,0
DA:102,0
LF:23
LH:0
BRDA:47,0,0,0
BRDA:47,0,1,0
BRDA:91,1,0,0
BRDA:91,1,1,0
BRDA:93,2,0,0
BRDA:93,2,1,0
BRF:6
BRH:0
end_of_record
TN:
SF:/Users/michaelquinlan/Development/informaportal/informaportal/containers/SearchBar.jsx
FN:1,(anonymous_0)
FN:1,(anonymous_1)
FN:1,_interopRequireDefault
FN:1,_classCallCheck
FN:1,_possibleConstructorReturn
FN:1,_inherits
FN:8,(anonymous_6)
FN:9,SearchBar
FN:18,componentDidMount
FN:22,onInputChange
FN:26,onFormSubmit
FN:32,render
FN:65,mapDispatchToProps
FNF:13
FNH:0
FNDA:0,(anonymous_0)
FNDA:0,(anonymous_1)
FNDA:0,_interopRequireDefault
FNDA:0,_classCallCheck
FNDA:0,_possibleConstructorReturn
FNDA:0,_inherits
FNDA:0,(anonymous_6)
FNDA:0,SearchBar
FNDA:0,componentDidMount
FNDA:0,onInputChange
FNDA:0,onFormSubmit
FNDA:0,render
FNDA:0,mapDispatchToProps
DA:1,0
DA:8,0
DA:9,0
DA:12,0
DA:14,0
DA:15,0
DA:16,0
DA:19,0
DA:20,0
DA:23,0
DA:24,0
DA:27,0
DA:28,0
DA:29,0
DA:30,0
DA:33,0
DA:62,0
DA:66,0
DA:67,0
LF:19
LH:0
BRDA:1,0,0,0
BRDA:1,0,1,0
BRDA:1,1,0,0
BRDA:1,1,1,0
BRDA:1,2,0,0
BRDA:1,2,1,0
BRDA:1,3,0,0
BRDA:1,3,1,0
BRDA:1,4,0,0
BRDA:1,4,1,0
BRDA:1,5,0,0
BRDA:1,5,1,0
BRDA:1,6,0,0
BRDA:1,6,1,0
BRDA:1,7,0,0
BRDA:1,7,1,0
BRDA:1,8,0,0
BRDA:1,8,1,0
BRDA:1,8,2,0
BRDA:1,9,0,0
BRDA:1,9,1,0
BRDA:1,10,0,0
BRDA:1,10,1,0
BRDA:1,11,0,0
BRDA:1,11,1,0
BRDA:1,12,0,0
BRDA:1,12,1,0
BRDA:1,13,0,0
BRDA:1,13,1,0
BRF:29
BRH:0
end_of_record
TN:
SF:/Users/michaelquinlan/Development/informaportal/informaportal/containers/SearchImages.jsx
FN:1,(anonymous_0)
FN:1,(anonymous_1)
FN:1,_interopRequireDefault
FN:1,_classCallCheck
FN:1,_possibleConstructorReturn
FN:1,_inherits
FN:8,(anonymous_6)
FN:9,SearchImages
FN:23,componentDidMount
FN:28,onFormSubmit
FN:34,handleSearchTermChange
FN:38,fetchImages
FN:56,(anonymous_12)
FN:62,(anonymous_13)
FN:65,(anonymous_14)
FN:70,render
FN:96,(anonymous_16)
FNF:17
FNH:0
FNDA:0,(anonymous_0)
FNDA:0,(anonymous_1)
FNDA:0,_interopRequireDefault
FNDA:0,_classCallCheck
FNDA:0,_possibleConstructorReturn
FNDA:0,_inherits
FNDA:0,(anonymous_6)
FNDA:0,SearchImages
FNDA:0,componentDidMount
FNDA:0,onFormSubmit
FNDA:0,handleSearchTermChange
FNDA:0,fetchImages
FNDA:0,(anonymous_12)
FNDA:0,(anonymous_13)
FNDA:0,(anonymous_14)
FNDA:0,render
FNDA:0,(anonymous_16)
DA:1,0
DA:8,0
DA:9,0
DA:12,0
DA:13,0
DA:14,0
DA:16,0
DA:19,0
DA:21,0
DA:24,0
DA:25,0
DA:26,0
DA:29,0
DA:30,0
DA:31,0
DA:32,0
DA:35,0
DA:36,0
DA:38,0
DA:39,0
DA:40,0
DA:44,0
DA:45,0
DA:46,0
DA:53,0
DA:55,0
DA:57,0
DA:58,0
DA:60,0
DA:63,0
DA:66,0
DA:68,0
DA:71,0
DA:96,0
DA:108,0
LF:35
LH:0
BRDA:1,0,0,0
BRDA:1,0,1,0
BRDA:1,1,0,0
BRDA:1,1,1,0
BRDA:1,2,0,0
BRDA:1,2,1,0
BRDA:1,3,0,0
BRDA:1,3,1,0
BRDA:1,4,0,0
BRDA:1,4,1,0
BRDA:1,5,0,0
BRDA:1,5,1,0
BRDA:1,6,0,0
BRDA:1,6,1,0
BRDA:1,7,0,0
BRDA:1,7,1,0
BRDA:1,8,0,0
BRDA:1,8,1,0
BRDA:1,8,2,0
BRDA:1,9,0,0
BRDA:1,9,1,0
BRDA:1,10,0,0
BRDA:1,10,1,0
BRDA:1,11,0,0
BRDA:1,11,1,0
BRDA:1,12,0,0
BRDA:1,12,1,0
BRDA:1,13,0,0
BRDA:1,13,1,0
BRDA:39,14,0,0
BRDA:39,14,1,0
BRDA:57,15,0,0
BRDA:57,15,1,0
BRF:33
BRH:0
end_of_record
TN:
SF:/Users/michaelquinlan/Development/informaportal/informaportal/containers/SearchNews.jsx
FN:1,(anonymous_0)
FN:1,(anonymous_1)
FN:1,_interopRequireDefault
FN:1,_classCallCheck
FN:1,_possibleConstructorReturn
FN:1,_inherits
FN:8,(anonymous_6)
FN:9,SearchNews
FN:24,componentDidMount
FN:44,render
FN:87,mapDispatchToProps
FNF:11
FNH:0
FNDA:0,(anonymous_0)
FNDA:0,(anonymous_1)
FNDA:0,_interopRequireDefault
FNDA:0,_classCallCheck
FNDA:0,_possibleConstructorReturn
FNDA:0,_inherits
FNDA:0,(anonymous_6)
FNDA:0,SearchNews
FNDA:0,componentDidMount
FNDA:0,render
FNDA:0,mapDispatchToProps
DA:1,0
DA:8,0
DA:9,0
DA:12,0
DA:22,0
DA:25,0
DA:26,0
DA:45,0
DA:47,0
DA:50,0
DA:51,0
DA:52,0
DA:53,0
DA:55,0
DA:84,0
DA:88,0
DA:89,0
LF:17
LH:0
BRDA:1,0,0,0
BRDA:1,0,1,0
BRDA:1,1,0,0
BRDA:1,1,1,0
BRDA:1,2,0,0
BRDA:1,2,1,0
BRDA:1,3,0,0
BRDA:1,3,1,0
BRDA:1,4,0,0
BRDA:1,4,1,0
BRDA:1,5,0,0
BRDA:1,5,1,0
BRDA:1,6,0,0
BRDA:1,6,1,0
BRDA:1,7,0,0
BRDA:1,7,1,0
BRDA:1,8,0,0
BRDA:1,8,1,0
BRDA:1,8,2,0
BRDA:1,9,0,0
BRDA:1,9,1,0
BRDA:1,10,0,0
BRDA:1,10,1,0
BRDA:1,11,0,0
BRDA:1,11,1,0
BRDA:1,12,0,0
BRDA:1,12,1,0
BRDA:1,13,0,0
BRDA:1,13,1,0
BRDA:62,14,0,0
BRDA:62,14,1,0
BRDA:64,15,0,0
BRDA:64,15,1,0
BRF:33
BRH:0
end_of_record
TN:
SF:/Users/michaelquinlan/Development/informaportal/informaportal/containers/WeatherList.jsx
FN:1,(anonymous_0)
FN:1,(anonymous_1)
FN:1,_interopRequireDefault
FN:1,_classCallCheck
FN:1,_possibleConstructorReturn
FN:1,_inherits
FN:6,(anonymous_6)
FN:6,WeatherList
FN:8,renderWeather
FN:11,(anonymous_9)
FN:12,(anonymous_10)
FN:24,render
FN:55,mapStateToProps
FNF:13
FNH:0
FNDA:0,(anonymous_0)
FNDA:0,(anonymous_1)
FNDA:0,_interopRequireDefault
FNDA:0,_classCallCheck
FNDA:0,_possibleConstructorReturn
FNDA:0,_inherits
FNDA:0,(anonymous_6)
FNDA:0,WeatherList
FNDA:0,renderWeather
FNDA:0,(anonymous_9)
FNDA:0,(anonymous_10)
FNDA:0,render
FNDA:0,mapStateToProps
DA:1,0
DA:6,0
DA:9,0
DA:10,0
DA:11,0
DA:12,0
DA:13,0
DA:15,0
DA:22,0
DA:25,0
DA:26,0
DA:36,0
DA:52,0
DA:55,0
DA:56,0
DA:57,0
LF:16
LH:0
BRDA:1,0,0,0
BRDA:1,0,1,0
BRDA:1,1,0,0
BRDA:1,1,1,0
BRDA:1,2,0,0
BRDA:1,2,1,0
BRDA:1,3,0,0
BRDA:1,3,1,0
BRDA:1,4,0,0
BRDA:1,4,1,0
BRDA:1,5,0,0
BRDA:1,5,1,0
BRDA:1,6,0,0
BRDA:1,6,1,0
BRDA:1,7,0,0
BRDA:1,7,1,0
BRDA:1,8,0,0
BRDA:1,8,1,0
BRDA:1,8,2,0
BRDA:1,9,0,0
BRDA:1,9,1,0
BRDA:1,10,0,0
BRDA:1,10,1,0
BRDA:1,11,0,0
BRDA:1,11,1,0
BRDA:1,12,0,0
BRDA:1,12,1,0
BRDA:1,13,0,0
BRDA:1,13,1,0
BRF:29
BRH:0
end_of_record
TN:
SF:/Users/michaelquinlan/Development/informaportal/informaportal/coverage/lcov-report/prettify.js
FN:1,(anonymous_0)
FN:1,(anonymous_1)
FN:1,(anonymous_2)
FN:1,k
FN:1,ab
FN:1,T
FN:1,X
FN:1,(anonymous_7)
FN:1,W
FN:1,(anonymous_9)
FN:1,a
FN:1,aa
FN:1,B
FN:1,o
FN:1,g
FN:1,(anonymous_15)
FN:1,W
FN:1,i
FN:1,Q
FN:1,ae
FN:1,ad
FN:1,ai
FN:1,D
FN:1,c
FN:1,q
FN:1,d
FN:1,y
FN:1,b
FN:1,Y
FN:1,now
FN:1,U
FNF:31
FNH:0
FNDA:0,(anonymous_0)
FNDA:0,(anonymous_1)
FNDA:0,(anonymous_2)
FNDA:0,k
FNDA:0,ab
FNDA:0,T
FNDA:0,X
FNDA:0,(anonymous_7)
FNDA:0,W
FNDA:0,(anonymous_9)
FNDA:0,a
FNDA:0,aa
FNDA:0,B
FNDA:0,o
FNDA:0,g
FNDA:0,(anonymous_15)
FNDA:0,W
FNDA:0,i
FNDA:0,Q
FNDA:0,ae
FNDA:0,ad
FNDA:0,ai
FNDA:0,D
FNDA:0,c
FNDA:0,q
FNDA:0,d
FNDA:0,y
FNDA:0,b
FNDA:0,Y
FNDA:0,now
FNDA:0,U
DA:1,0
LF:1
LH:0
BRDA:1,0,0,0
BRDA:1,0,1,0
BRDA:1,1,0,0
BRDA:1,1,1,0
BRDA:1,2,0,0
BRDA:1,2,1,0
BRDA:1,3,0,0
BRDA:1,3,1,0
BRDA:1,4,0,0
BRDA:1,4,1,0
BRDA:1,5,0,0
BRDA:1,5,1,0
BRDA:1,6,0,0
BRDA:1,6,1,0
BRDA:1,7,0,0
BRDA:1,7,1,0
BRDA:1,8,0,0
BRDA:1,8,1,0
BRDA:1,9,0,0
BRDA:1,9,1,0
BRDA:1,10,0,0
BRDA:1,10,1,0
BRDA:1,11,0,0
BRDA:1,11,1,0
BRDA:1,12,0,0
BRDA:1,12,1,0
BRDA:1,13,0,0
BRDA:1,13,1,0
BRDA:1,14,0,0
BRDA:1,14,1,0
BRDA:1,14,2,0
BRDA:1,14,3,0
BRDA:1,15,0,0
BRDA:1,15,1,0
BRDA:1,16,0,0
BRDA:1,16,1,0
BRDA:1,17,0,0
BRDA:1,17,1,0
BRDA:1,18,0,0
BRDA:1,18,1,0
BRDA:1,19,0,0
BRDA:1,19,1,0
BRDA:1,20,0,0
BRDA:1,20,1,0
BRDA:1,21,0,0
BRDA:1,21,1,0
BRDA:1,22,0,0
BRDA:1,22,1,0
BRDA:1,23,0,0
BRDA:1,23,1,0
BRDA:1,24,0,0
BRDA:1,24,1,0
BRDA:1,25,0,0
BRDA:1,25,1,0
BRDA:1,26,0,0
BRDA:1,26,1,0
BRDA:1,27,0,0
BRDA:1,27,1,0
BRDA:1,28,0,0
BRDA:1,28,1,0
BRDA:1,29,0,0
BRDA:1,29,1,0
BRDA:1,30,0,0
BRDA:1,30,1,0
BRDA:1,31,0,0
BRDA:1,31,1,0
BRDA:1,32,0,0
BRDA:1,32,1,0
BRDA:1,33,0,0
BRDA:1,33,1,0
BRDA:1,34,0,0
BRDA:1,34,1,0
BRDA:1,35,0,0
BRDA:1,35,1,0
BRDA:1,36,0,0
BRDA:1,36,1,0
BRDA:1,37,0,0
BRDA:1,37,1,0
BRDA:1,38,0,0
BRDA:1,38,1,0
BRDA:1,39,0,0
BRDA:1,39,1,0
BRDA:1,40,0,0
BRDA:1,40,1,0
BRDA:1,41,0,0
BRDA:1,41,1,0
BRDA:1,42,0,0
BRDA:1,42,1,0
BRDA:1,43,0,0
BRDA:1,43,1,0
BRDA:1,44,0,0
BRDA:1,44,1,0
BRDA:1,45,0,0
BRDA:1,45,1,0
BRDA:1,46,0,0
BRDA:1,46,1,0
BRDA:1,47,0,0
BRDA:1,47,1,0
BRDA:1,48,0,0
BRDA:1,48,1,0
BRDA:1,49,0,0
BRDA:1,49,1,0
BRDA:1,50,0,0
BRDA:1,50,1,0
BRDA:1,51,0,0
BRDA:1,51,1,0
BRDA:1,52,0,0
BRDA:1,52,1,0
BRDA:1,52,2,0
BRDA:1,53,0,0
BRDA:1,53,1,0
BRDA:1,54,0,0
BRDA:1,54,1,0
BRDA:1,55,0,0
BRDA:1,55,1,0
BRDA:1,56,0,0
BRDA:1,56,1,0
BRDA:1,57,0,0
BRDA:1,57,1,0
BRDA:1,58,0,0
BRDA:1,58,1,0
BRDA:1,59,0,0
BRDA:1,59,1,0
BRDA:1,60,0,0
BRDA:1,60,1,0
BRDA:1,61,0,0
BRDA:1,61,1,0
BRDA:1,62,0,0
BRDA:1,62,1,0
BRDA:1,63,0,0
BRDA:1,63,1,0
BRDA:1,64,0,0
BRDA:1,64,1,0
BRDA:1,65,0,0
BRDA:1,65,1,0
BRDA:1,66,0,0
BRDA:1,66,1,0
BRDA:1,67,0,0
BRDA:1,67,1,0
BRDA:1,68,0,0
BRDA:1,68,1,0
BRDA:1,69,0,0
BRDA:1,69,1,0
BRDA:1,70,0,0
BRDA:1,70,1,0
BRDA:1,71,0,0
BRDA:1,71,1,0
BRDA:1,72,0,0
BRDA:1,72,1,0
BRDA:1,73,0,0
BRDA:1,73,1,0
BRDA:1,74,0,0
BRDA:1,74,1,0
BRDA:1,75,0,0
BRDA:1,75,1,0
BRDA:1,76,0,0
BRDA:1,76,1,0
BRDA:1,77,0,0
BRDA:1,77,1,0
BRDA:1,78,0,0
BRDA:1,78,1,0
BRDA:1,79,0,0
BRDA:1,79,1,0
BRDA:1,80,0,0
BRDA:1,80,1,0
BRDA:1,81,0,0
BRDA:1,81,1,0
BRDA:1,82,0,0
BRDA:1,82,1,0
BRDA:1,83,0,0
BRDA:1,83,1,0
BRDA:1,84,0,0
BRDA:1,84,1,0
BRDA:1,85,0,0
BRDA:1,85,1,0
BRDA:1,86,0,0
BRDA:1,86,1,0
BRDA:1,87,0,0
BRDA:1,87,1,0
BRDA:1,88,0,0
BRDA:1,88,1,0
BRDA:1,89,0,0
BRDA:1,89,1,0
BRDA:1,90,0,0
BRDA:1,90,1,0
BRDA:1,91,0,0
BRDA:1,91,1,0
BRDA:1,91,2,0
BRDA:1,92,0,0
BRDA:1,92,1,0
BRDA:1,93,0,0
BRDA:1,93,1,0
BRDA:1,94,0,0
BRDA:1,94,1,0
BRDA:1,95,0,0
BRDA:1,95,1,0
BRDA:1,96,0,0
BRDA:1,96,1,0
BRDA:1,97,0,0
BRDA:1,97,1,0
BRDA:1,98,0,0
BRDA:1,98,1,0
BRDA:1,99,0,0
BRDA:1,99,1,0
BRDA:1,100,0,0
BRDA:1,100,1,0
BRDA:1,101,0,0
BRDA:1,101,1,0
BRDA:1,102,0,0
BRDA:1,102,1,0
BRDA:1,103,0,0
BRDA:1,103,1,0
BRDA:1,104,0,0
BRDA:1,104,1,0
BRDA:1,105,0,0
BRDA:1,105,1,0
BRDA:1,106,0,0
BRDA:1,106,1,0
BRDA:1,107,0,0
BRDA:1,107,1,0
BRDA:1,108,0,0
BRDA:1,108,1,0
BRDA:1,109,0,0
BRDA:1,109,1,0
BRDA:1,110,0,0
BRDA:1,110,1,0
BRDA:1,111,0,0
BRDA:1,111,1,0
BRDA:1,112,0,0
BRDA:1,112,1,0
BRDA:1,113,0,0
BRDA:1,113,1,0
BRDA:1,114,0,0
BRDA:1,114,1,0
BRDA:1,115,0,0
BRDA:1,115,1,0
BRDA:1,116,0,0
BRDA:1,116,1,0
BRDA:1,117,0,0
BRDA:1,117,1,0
BRDA:1,118,0,0
BRDA:1,118,1,0
BRDA:1,119,0,0
BRDA:1,119,1,0
BRDA:1,120,0,0
BRDA:1,120,1,0
BRDA:1,121,0,0
BRDA:1,121,1,0
BRDA:1,122,0,0
BRDA:1,122,1,0
BRDA:1,123,0,0
BRDA:1,123,1,0
BRDA:1,124,0,0
BRDA:1,124,1,0
BRDA:1,125,0,0
BRDA:1,125,1,0
BRDA:1,126,0,0
BRDA:1,126,1,0
BRDA:1,127,0,0
BRDA:1,127,1,0
BRDA:1,128,0,0
BRDA:1,128,1,0
BRDA:1,129,0,0
BRDA:1,129,1,0
BRDA:1,130,0,0
BRDA:1,130,1,0
BRDA:1,130,2,0
BRDA:1,131,0,0
BRDA:1,131,1,0
BRDA:1,132,0,0
BRDA:1,132,1,0
BRDA:1,133,0,0
BRDA:1,133,1,0
BRDA:1,133,2,0
BRDA:1,133,3,0
BRDA:1,133,4,0
BRDA:1,134,0,0
BRDA:1,134,1,0
BRDA:1,135,0,0
BRDA:1,135,1,0
BRDA:1,136,0,0
BRDA:1,136,1,0
BRDA:1,137,0,0
BRDA:1,137,1,0
BRDA:1,138,0,0
BRDA:1,138,1,0
BRDA:1,139,0,0
BRDA:1,139,1,0
BRDA:1,140,0,0
BRDA:1,140,1,0
BRF:290
BRH:0
end_of_record
TN:
SF:/Users/michaelquinlan/Development/informaportal/informaportal/coverage/lcov-report/sorter.js
FN:1,(anonymous_0)
FN:1,(anonymous_1)
FN:1,(anonymous_2)
FN:10,getTable
FN:12,getTableHeader
FN:14,getTableBody
FN:16,getNthColumn
FN:19,loadColumns
FN:43,loadRowData
FN:62,loadData
FN:71,sortByIndex
FN:73,sorter
FN:85,finalSorter
FN:102,removeSortIndicators
FN:110,addSortIndicators
FN:114,enableUI
FN:117,ithSorter
FN:120,(anonymous_17)
FN:147,(anonymous_18)
FNF:19
FNH:0
FNDA:0,(anonymous_0)
FNDA:0,(anonymous_1)
FNDA:0,(anonymous_2)
FNDA:0,getTable
FNDA:0,getTableHeader
FNDA:0,getTableBody
FNDA:0,getNthColumn
FNDA:0,loadColumns
FNDA:0,loadRowData
FNDA:0,loadData
FNDA:0,sortByIndex
FNDA:0,sorter
FNDA:0,finalSorter
FNDA:0,removeSortIndicators
FNDA:0,addSortIndicators
FNDA:0,enableUI
FNDA:0,ithSorter
FNDA:0,(anonymous_17)
FNDA:0,(anonymous_18)
DA:1,0
DA:4,0
DA:10,0
DA:12,0
DA:14,0
DA:16,0
DA:20,0
DA:22,0
DA:26,0
DA:27,0
DA:28,0
DA:33,0
DA:34,0
DA:35,0
DA:36,0
DA:39,0
DA:44,0
DA:47,0
DA:50,0
DA:51,0
DA:52,0
DA:53,0
DA:54,0
DA:55,0
DA:57,0
DA:59,0
DA:63,0
DA:66,0
DA:67,0
DA:72,0
DA:73,0
DA:74,0
DA:75,0
DA:76,0
DA:78,0
DA:79,0
DA:80,0
DA:81,0
DA:84,0
DA:85,0
DA:86,0
DA:90,0
DA:91,0
DA:92,0
DA:95,0
DA:97,0
DA:98,0
DA:103,0
DA:104,0
DA:106,0
DA:107,0
DA:111,0
DA:117,0
DA:118,0
DA:120,0
DA:121,0
DA:123,0
DA:124,0
DA:126,0
DA:127,0
DA:128,0
DA:129,0
DA:130,0
DA:133,0
DA:134,0
DA:137,0
DA:138,0
DA:139,0
DA:141,0
DA:147,0
DA:148,0
DA:149,0
DA:151,0
DA:152,0
DA:153,0
DA:154,0
DA:158,0
LF:77
LH:0
BRDA:1,0,0,0
BRDA:1,0,1,0
BRDA:1,1,0,0
BRDA:1,1,1,0
BRDA:1,2,0,0
BRDA:1,2,1,0
BRDA:31,3,0,0
BRDA:31,3,1,0
BRDA:34,4,0,0
BRDA:34,4,1,0
BRDA:54,5,0,0
BRDA:54,5,1,0
BRDA:76,6,0,0
BRDA:76,6,1,0
BRDA:76,7,0,0
BRDA:76,7,1,0
BRDA:84,8,0,0
BRDA:84,8,1,0
BRDA:111,9,0,0
BRDA:111,9,1,0
BRDA:123,10,0,0
BRDA:123,10,1,0
BRDA:134,11,0,0
BRDA:134,11,1,0
BRDA:138,12,0,0
BRDA:138,12,1,0
BRDA:148,13,0,0
BRDA:148,13,1,0
BRF:28
BRH:0
end_of_record
TN:
SF:/Users/michaelquinlan/Development/informaportal/informaportal/public/bundle.js
FN:1,(anonymous_0)
FN:1,(anonymous_1)
FN:1,(anonymous_2)
FN:6,__webpack_require__
FN:37,(anonymous_4)
FN:48,(anonymous_5)
FN:50,getDefault
FN:51,getModuleExports
FN:57,(anonymous_8)
FN:68,(anonymous_9)
FN:75,(anonymous_10)
FN:81,(anonymous_11)
FN:87,(anonymous_12)
FN:94,(anonymous_13)
FN:101,(anonymous_14)
FN:108,(anonymous_15)
FN:115,(anonymous_16)
FN:122,(anonymous_17)
FN:128,(anonymous_18)
FN:135,(anonymous_19)
FN:142,(anonymous_20)
FN:149,(anonymous_21)
FN:156,(anonymous_22)
FN:163,(anonymous_23)
FN:170,(anonymous_24)
FN:177,(anonymous_25)
FN:184,(anonymous_26)
FN:191,(anonymous_27)
FN:198,(anonymous_28)
FN:205,(anonymous_29)
FN:212,(anonymous_30)
FN:219,(anonymous_31)
FN:226,(anonymous_32)
FN:233,(anonymous_33)
FN:240,(anonymous_34)
FN:247,(anonymous_35)
FN:254,(anonymous_36)
FN:260,(anonymous_37)
FN:266,(anonymous_38)
FN:273,(anonymous_39)
FN:280,(anonymous_40)
FN:287,(anonymous_41)
FN:293,(anonymous_42)
FN:299,(anonymous_43)
FN:306,(anonymous_44)
FN:313,(anonymous_45)
FN:319,(anonymous_46)
FN:325,(anonymous_47)
FN:331,(anonymous_48)
FN:338,(anonymous_49)
FN:345,(anonymous_50)
FN:352,(anonymous_51)
FN:359,(anonymous_52)
FN:366,(anonymous_53)
FN:373,(anonymous_54)
FN:379,(anonymous_55)
FN:385,(anonymous_56)
FN:391,(anonymous_57)
FN:397,(anonymous_58)
FN:403,(anonymous_59)
FN:410,(anonymous_60)
FN:417,(anonymous_61)
FN:424,(anonymous_62)
FN:431,(anonymous_63)
FN:438,(anonymous_64)
FN:445,(anonymous_65)
FN:452,(anonymous_66)
FN:459,(anonymous_67)
FN:466,(anonymous_68)
FN:473,(anonymous_69)
FN:480,(anonymous_70)
FN:486,(anonymous_71)
FN:492,(anonymous_72)
FN:498,(anonymous_73)
FN:504,(anonymous_74)
FN:510,(anonymous_75)
FN:517,(anonymous_76)
FN:524,(anonymous_77)
FN:531,(anonymous_78)
FN:538,(anonymous_79)
FN:545,(anonymous_80)
FN:552,(anonymous_81)
FN:559,(anonymous_82)
FN:566,(anonymous_83)
FN:573,(anonymous_84)
FN:580,(anonymous_85)
FN:587,(anonymous_86)
FN:593,(anonymous_87)
FN:600,(anonymous_88)
FN:607,(anonymous_89)
FN:614,(anonymous_90)
FN:621,(anonymous_91)
FN:628,(anonymous_92)
FN:635,(anonymous_93)
FN:642,(anonymous_94)
FN:649,(anonymous_95)
FN:656,(anonymous_96)
FN:663,(anonymous_97)
FN:670,(anonymous_98)
FN:677,(anonymous_99)
FN:683,(anonymous_100)
FN:689,(anonymous_101)
FN:696,(anonymous_102)
FN:703,(anonymous_103)
FN:710,(anonymous_104)
FN:717,(anonymous_105)
FN:724,(anonymous_106)
FN:731,(anonymous_107)
FN:738,(anonymous_108)
FN:745,(anonymous_109)
FN:752,(anonymous_110)
FN:759,(anonymous_111)
FN:766,(anonymous_112)
FN:772,(anonymous_113)
FN:779,(anonymous_114)
FN:786,(anonymous_115)
FN:793,(anonymous_116)
FN:800,(anonymous_117)
FN:807,(anonymous_118)
FN:814,(anonymous_119)
FN:821,(anonymous_120)
FN:828,(anonymous_121)
FN:835,(anonymous_122)
FN:842,(anonymous_123)
FN:849,(anonymous_124)
FN:856,(anonymous_125)
FN:863,(anonymous_126)
FN:870,(anonymous_127)
FN:876,(anonymous_128)
FN:882,(anonymous_129)
FN:889,(anonymous_130)
FN:896,(anonymous_131)
FN:902,(anonymous_132)
FN:908,(anonymous_133)
FN:914,(anonymous_134)
FN:920,(anonymous_135)
FN:926,(anonymous_136)
FN:932,(anonymous_137)
FN:938,(anonymous_138)
FN:944,(anonymous_139)
FN:950,(anonymous_140)
FN:956,(anonymous_141)
FN:963,(anonymous_142)
FN:969,(anonymous_143)
FN:975,(anonymous_144)
FN:981,(anonymous_145)
FN:987,(anonymous_146)
FN:993,(anonymous_147)
FN:1000,(anonymous_148)
FN:1007,(anonymous_149)
FN:1014,(anonymous_150)
FN:1021,(anonymous_151)
FN:1027,(anonymous_152)
FN:1034,(anonymous_153)
FN:1041,(anonymous_154)
FN:1048,(anonymous_155)
FN:1055,(anonymous_156)
FN:1062,(anonymous_157)
FN:1069,(anonymous_158)
FN:1076,(anonymous_159)
FN:1083,(anonymous_160)
FN:1090,(anonymous_161)
FN:1097,(anonymous_162)
FN:1104,(anonymous_163)
FN:1111,(anonymous_164)
FN:1118,(anonymous_165)
FN:1125,(anonymous_166)
FN:1132,(anonymous_167)
FN:1139,(anonymous_168)
FN:1146,(anonymous_169)
FN:1153,(anonymous_170)
FN:1160,(anonymous_171)
FN:1167,(anonymous_172)
FN:1174,(anonymous_173)
FN:1181,(anonymous_174)
FN:1188,(anonymous_175)
FN:1195,(anonymous_176)
FN:1202,(anonymous_177)
FN:1209,(anonymous_178)
FN:1216,(anonymous_179)
FN:1223,(anonymous_180)
FN:1230,(anonymous_181)
FN:1237,(anonymous_182)
FN:1244,(anonymous_183)
FN:1251,(anonymous_184)
FN:1258,(anonymous_185)
FN:1265,(anonymous_186)
FN:1272,(anonymous_187)
FN:1279,(anonymous_188)
FN:1286,(anonymous_189)
FN:1293,(anonymous_190)
FN:1300,(anonymous_191)
FN:1307,(anonymous_192)
FN:1314,(anonymous_193)
FN:1321,(anonymous_194)
FN:1328,(anonymous_195)
FN:1335,(anonymous_196)
FN:1342,(anonymous_197)
FN:1349,(anonymous_198)
FN:1356,(anonymous_199)
FN:1363,(anonymous_200)
FN:1370,(anonymous_201)
FN:1377,(anonymous_202)
FN:1383,(anonymous_203)
FN:1390,(anonymous_204)
FN:1397,(anonymous_205)
FN:1404,(anonymous_206)
FN:1411,(anonymous_207)
FN:1418,(anonymous_208)
FN:1424,(anonymous_209)
FN:1430,(anonymous_210)
FN:1436,(anonymous_211)
FN:1442,(anonymous_212)
FN:1448,(anonymous_213)
FN:1454,(anonymous_214)
FN:1461,(anonymous_215)
FN:1468,(anonymous_216)
FN:1474,(anonymous_217)
FN:1480,(anonymous_218)
FN:1486,(anonymous_219)
FN:1493,(anonymous_220)
FN:1499,(anonymous_221)
FN:1505,(anonymous_222)
FN:1512,(anonymous_223)
FN:1519,(anonymous_224)
FN:1526,(anonymous_225)
FN:1533,(anonymous_226)
FN:1540,(anonymous_227)
FN:1547,(anonymous_228)
FN:1554,(anonymous_229)
FN:1561,(anonymous_230)
FN:1568,(anonymous_231)
FN:1575,(anonymous_232)
FN:1582,(anonymous_233)
FN:1589,(anonymous_234)
FN:1596,(anonymous_235)
FN:1603,(anonymous_236)
FN:1610,(anonymous_237)
FN:1617,(anonymous_238)
FN:1624,(anonymous_239)
FN:1631,(anonymous_240)
FN:1638,(anonymous_241)
FN:1645,(anonymous_242)
FN:1652,(anonymous_243)
FN:1659,(anonymous_244)
FN:1666,(anonymous_245)
FN:1673,(anonymous_246)
FN:1680,(anonymous_247)
FN:1687,(anonymous_248)
FN:1694,(anonymous_249)
FN:1701,(anonymous_250)
FN:1708,(anonymous_251)
FN:1715,(anonymous_252)
FN:1721,(anonymous_253)
FN:1727,(anonymous_254)
FN:1733,(anonymous_255)
FN:1739,(anonymous_256)
FN:1745,(anonymous_257)
FN:1751,(anonymous_258)
FN:1757,(anonymous_259)
FN:1763,(anonymous_260)
FN:1769,(anonymous_261)
FN:1775,(anonymous_262)
FN:1781,(anonymous_263)
FN:1787,(anonymous_264)
FN:1793,(anonymous_265)
FN:1799,(anonymous_266)
FN:1805,(anonymous_267)
FN:1811,(anonymous_268)
FN:1817,(anonymous_269)
FN:1823,(anonymous_270)
FN:1829,(anonymous_271)
FN:1835,(anonymous_272)
FN:1841,(anonymous_273)
FN:1847,(anonymous_274)
FN:1853,(anonymous_275)
FN:1859,(anonymous_276)
FN:1865,(anonymous_277)
FN:1871,(anonymous_278)
FN:1877,(anonymous_279)
FN:1883,(anonymous_280)
FN:1889,(anonymous_281)
FN:1895,(anonymous_282)
FN:1901,(anonymous_283)
FN:1907,(anonymous_284)
FN:1913,(anonymous_285)
FN:1919,(anonymous_286)
FN:1925,(anonymous_287)
FN:1931,(anonymous_288)
FN:1937,(anonymous_289)
FN:1943,(anonymous_290)
FN:1949,(anonymous_291)
FN:1955,(anonymous_292)
FN:1961,(anonymous_293)
FN:1967,(anonymous_294)
FN:1973,(anonymous_295)
FN:1979,(anonymous_296)
FN:1985,(anonymous_297)
FN:1991,(anonymous_298)
FN:1997,(anonymous_299)
FN:2003,(anonymous_300)
FN:2009,(anonymous_301)
FN:2015,(anonymous_302)
FN:2021,(anonymous_303)
FN:2027,(anonymous_304)
FN:2033,(anonymous_305)
FN:2039,(anonymous_306)
FN:2045,(anonymous_307)
FN:2051,(anonymous_308)
FN:2057,(anonymous_309)
FN:2063,(anonymous_310)
FN:2069,(anonymous_311)
FN:2075,(anonymous_312)
FN:2081,(anonymous_313)
FN:2087,(anonymous_314)
FN:2093,(anonymous_315)
FN:2099,(anonymous_316)
FN:2105,(anonymous_317)
FN:2111,(anonymous_318)
FN:2117,(anonymous_319)
FN:2123,(anonymous_320)
FN:2129,(anonymous_321)
FN:2135,(anonymous_322)
FN:2141,(anonymous_323)
FN:2147,(anonymous_324)
FN:2153,(anonymous_325)
FN:2159,(anonymous_326)
FN:2165,(anonymous_327)
FN:2171,(anonymous_328)
FN:2177,(anonymous_329)
FN:2183,(anonymous_330)
FN:2189,(anonymous_331)
FN:2195,(anonymous_332)
FN:2201,(anonymous_333)
FN:2207,(anonymous_334)
FN:2213,(anonymous_335)
FN:2219,(anonymous_336)
FN:2225,(anonymous_337)
FN:2231,(anonymous_338)
FN:2237,(anonymous_339)
FN:2243,(anonymous_340)
FN:2249,(anonymous_341)
FN:2255,(anonymous_342)
FN:2261,(anonymous_343)
FN:2267,(anonymous_344)
FN:2273,(anonymous_345)
FN:2279,(anonymous_346)
FN:2285,(anonymous_347)
FN:2291,(anonymous_348)
FN:2297,(anonymous_349)
FN:2303,(anonymous_350)
FN:2309,(anonymous_351)
FN:2315,(anonymous_352)
FN:2321,(anonymous_353)
FN:2327,(anonymous_354)
FN:2333,(anonymous_355)
FN:2339,(anonymous_356)
FN:2345,(anonymous_357)
FN:2351,(anonymous_358)
FN:2357,(anonymous_359)
FN:2363,(anonymous_360)
FN:2369,(anonymous_361)
FN:2375,(anonymous_362)
FN:2381,(anonymous_363)
FN:2387,(anonymous_364)
FN:2393,(anonymous_365)
FN:2399,(anonymous_366)
FN:2405,(anonymous_367)
FN:2411,(anonymous_368)
FN:2417,(anonymous_369)
FN:2423,(anonymous_370)
FN:2429,(anonymous_371)
FN:2436,(anonymous_372)
FN:2443,(anonymous_373)
FN:2450,(anonymous_374)
FN:2457,(anonymous_375)
FN:2464,(anonymous_376)
FN:2471,(anonymous_377)
FN:2478,(anonymous_378)
FN:2485,(anonymous_379)
FN:2492,(anonymous_380)
FN:2499,(anonymous_381)
FN:2506,(anonymous_382)
FN:2513,(anonymous_383)
FN:2520,(anonymous_384)
FN:2527,(anonymous_385)
FN:2534,(anonymous_386)
FN:2541,(anonymous_387)
FN:2548,(anonymous_388)
FN:2555,(anonymous_389)
FN:2562,(anonymous_390)
FN:2569,(anonymous_391)
FN:2576,(anonymous_392)
FN:2583,(anonymous_393)
FN:2590,(anonymous_394)
FN:2597,(anonymous_395)
FN:2604,(anonymous_396)
FN:2611,(anonymous_397)
FN:2618,(anonymous_398)
FN:2625,(anonymous_399)
FN:2632,(anonymous_400)
FN:2639,(anonymous_401)
FN:2646,(anonymous_402)
FN:2653,(anonymous_403)
FN:2660,(anonymous_404)
FN:2667,(anonymous_405)
FN:2674,(anonymous_406)
FN:2681,(anonymous_407)
FN:2688,(anonymous_408)
FN:2695,(anonymous_409)
FN:2702,(anonymous_410)
FN:2709,(anonymous_411)
FN:2716,(anonymous_412)
FN:2723,(anonymous_413)
FN:2730,(anonymous_414)
FN:2737,(anonymous_415)
FN:2744,(anonymous_416)
FN:2751,(anonymous_417)
FN:2758,(anonymous_418)
FN:2765,(anonymous_419)
FN:2772,(anonymous_420)
FN:2779,(anonymous_421)
FN:2786,(anonymous_422)
FN:2793,(anonymous_423)
FN:2800,(anonymous_424)
FN:2807,(anonymous_425)
FN:2814,(anonymous_426)
FN:2821,(anonymous_427)
FN:2828,(anonymous_428)
FN:2835,(anonymous_429)
FN:2842,(anonymous_430)
FN:2849,(anonymous_431)
FN:2856,(anonymous_432)
FN:2863,(anonymous_433)
FN:2870,(anonymous_434)
FN:2877,(anonymous_435)
FN:2884,(anonymous_436)
FN:2891,(anonymous_437)
FN:2898,(anonymous_438)
FN:2905,(anonymous_439)
FN:2912,(anonymous_440)
FN:2919,(anonymous_441)
FN:2926,(anonymous_442)
FN:2933,(anonymous_443)
FN:2940,(anonymous_444)
FN:2947,(anonymous_445)
FN:2954,(anonymous_446)
FN:2961,(anonymous_447)
FN:2968,(anonymous_448)
FN:2975,(anonymous_449)
FN:2982,(anonymous_450)
FN:2989,(anonymous_451)
FN:2996,(anonymous_452)
FN:3003,(anonymous_453)
FN:3010,(anonymous_454)
FN:3017,(anonymous_455)
FN:3024,(anonymous_456)
FN:3031,(anonymous_457)
FN:3038,(anonymous_458)
FN:3045,(anonymous_459)
FN:3052,(anonymous_460)
FN:3059,(anonymous_461)
FN:3066,(anonymous_462)
FN:3073,(anonymous_463)
FN:3080,(anonymous_464)
FN:3087,(anonymous_465)
FN:3094,(anonymous_466)
FN:3101,(anonymous_467)
FN:3108,(anonymous_468)
FN:3115,(anonymous_469)
FN:3122,(anonymous_470)
FN:3128,(anonymous_471)
FN:3134,(anonymous_472)
FN:3141,(anonymous_473)
FN:3148,(anonymous_474)
FN:3155,(anonymous_475)
FN:3162,(anonymous_476)
FN:3169,(anonymous_477)
FN:3176,(anonymous_478)
FN:3183,(anonymous_479)
FN:3190,(anonymous_480)
FN:3197,(anonymous_481)
FN:3204,(anonymous_482)
FN:3211,(anonymous_483)
FN:3218,(anonymous_484)
FN:3225,(anonymous_485)
FN:3232,(anonymous_486)
FN:3239,(anonymous_487)
FN:3246,(anonymous_488)
FN:3253,(anonymous_489)
FN:3260,(anonymous_490)
FN:3267,(anonymous_491)
FN:3274,(anonymous_492)
FN:3281,(anonymous_493)
FN:3288,(anonymous_494)
FN:3295,(anonymous_495)
FN:3302,(anonymous_496)
FN:3309,(anonymous_497)
FN:3316,(anonymous_498)
FN:3323,(anonymous_499)
FN:3330,(anonymous_500)
FN:3336,(anonymous_501)
FN:3343,(anonymous_502)
FN:3350,(anonymous_503)
FN:3357,(anonymous_504)
FN:3364,(anonymous_505)
FN:3371,(anonymous_506)
FN:3378,(anonymous_507)
FN:3385,(anonymous_508)
FN:3392,(anonymous_509)
FN:3399,(anonymous_510)
FN:3406,(anonymous_511)
FN:3413,(anonymous_512)
FN:3420,(anonymous_513)
FN:3426,(anonymous_514)
FN:3432,(anonymous_515)
FN:3438,(anonymous_516)
FN:3444,(anonymous_517)
FN:3451,(anonymous_518)
FN:3458,(anonymous_519)
FN:3464,(anonymous_520)
FN:3471,(anonymous_521)
FN:3478,(anonymous_522)
FN:3485,(anonymous_523)
FN:3492,(anonymous_524)
FN:3499,(anonymous_525)
FN:3506,(anonymous_526)
FN:3513,(anonymous_527)
FN:3520,(anonymous_528)
FN:3527,(anonymous_529)
FN:3534,(anonymous_530)
FN:3541,(anonymous_531)
FN:3548,(anonymous_532)
FN:3555,(anonymous_533)
FN:3562,(anonymous_534)
FN:3569,(anonymous_535)
FN:3576,(anonymous_536)
FN:3583,(anonymous_537)
FN:3590,(anonymous_538)
FN:3596,(anonymous_539)
FN:3602,(anonymous_540)
FN:3608,(anonymous_541)
FN:3615,(anonymous_542)
FN:3621,(anonymous_543)
FN:3627,(anonymous_544)
FN:3633,(anonymous_545)
FN:3640,(anonymous_546)
FN:3646,(anonymous_547)
FN:3652,(anonymous_548)
FN:3658,(anonymous_549)
FN:3664,(anonymous_550)
FN:3670,(anonymous_551)
FN:3677,(anonymous_552)
FN:3683,(anonymous_553)
FN:3689,(anonymous_554)
FN:3695,(anonymous_555)
FN:3701,(anonymous_556)
FN:3708,(anonymous_557)
FN:3714,(anonymous_558)
FN:3720,(anonymous_559)
FN:3726,(anonymous_560)
FN:3732,(anonymous_561)
FN:3739,(anonymous_562)
FN:3745,(anonymous_563)
FN:3751,(anonymous_564)
FN:3757,(anonymous_565)
FN:3763,(anonymous_566)
FN:3769,(anonymous_567)
FN:3775,(anonymous_568)
FN:3781,(anonymous_569)
FN:3787,(anonymous_570)
FN:3793,(anonymous_571)
FN:3799,(anonymous_572)
FN:3805,(anonymous_573)
FN:3811,(anonymous_574)
FN:3817,(anonymous_575)
FN:3823,(anonymous_576)
FN:3829,(anonymous_577)
FN:3835,(anonymous_578)
FN:3842,(anonymous_579)
FN:3848,(anonymous_580)
FN:3854,(anonymous_581)
FN:3861,(anonymous_582)
FN:3868,(anonymous_583)
FN:3875,(anonymous_584)
FN:3882,(anonymous_585)
FN:3889,(anonymous_586)
FN:3896,(anonymous_587)
FN:3903,(anonymous_588)
FN:3910,(anonymous_589)
FN:3917,(anonymous_590)
FN:3924,(anonymous_591)
FN:3931,(anonymous_592)
FN:3938,(anonymous_593)
FN:3945,(anonymous_594)
FN:3952,(anonymous_595)
FN:3959,(anonymous_596)
FN:3966,(anonymous_597)
FN:3973,(anonymous_598)
FN:3980,(anonymous_599)
FN:3987,(anonymous_600)
FN:3993,(anonymous_601)
FN:3999,(anonymous_602)
FN:4006,(anonymous_603)
FN:4012,(anonymous_604)
FN:4018,(anonymous_605)
FN:4025,(anonymous_606)
FN:4031,(anonymous_607)
FN:4037,(anonymous_608)
FN:4043,(anonymous_609)
FN:4050,(anonymous_610)
FN:4057,(anonymous_611)
FN:4064,(anonymous_612)
FN:4071,(anonymous_613)
FN:4078,(anonymous_614)
FN:4085,(anonymous_615)
FN:4092,(anonymous_616)
FN:4099,(anonymous_617)
FN:4106,(anonymous_618)
FN:4113,(anonymous_619)
FN:4120,(anonymous_620)
FN:4127,(anonymous_621)
FN:4134,(anonymous_622)
FN:4141,(anonymous_623)
FN:4148,(anonymous_624)
FN:4155,(anonymous_625)
FN:4162,(anonymous_626)
FN:4169,(anonymous_627)
FN:4176,(anonymous_628)
FN:4183,(anonymous_629)
FN:4190,(anonymous_630)
FN:4197,(anonymous_631)
FN:4204,(anonymous_632)
FN:4211,(anonymous_633)
FN:4218,(anonymous_634)
FN:4225,(anonymous_635)
FN:4232,(anonymous_636)
FN:4239,(anonymous_637)
FN:4246,(anonymous_638)
FN:4253,(anonymous_639)
FN:4260,(anonymous_640)
FN:4267,(anonymous_641)
FN:4274,(anonymous_642)
FN:4281,(anonymous_643)
FN:4288,(anonymous_644)
FN:4295,(anonymous_645)
FN:4302,(anonymous_646)
FN:4309,(anonymous_647)
FN:4316,(anonymous_648)
FN:4323,(anonymous_649)
FN:4330,(anonymous_650)
FN:4337,(anonymous_651)
FN:4344,(anonymous_652)
FN:4351,(anonymous_653)
FN:4358,(anonymous_654)
FN:4365,(anonymous_655)
FN:4372,(anonymous_656)
FN:4379,(anonymous_657)
FN:4386,(anonymous_658)
FN:4393,(anonymous_659)
FN:4400,(anonymous_660)
FN:4407,(anonymous_661)
FN:4414,(anonymous_662)
FN:4421,(anonymous_663)
FN:4428,(anonymous_664)
FN:4435,(anonymous_665)
FN:4442,(anonymous_666)
FN:4449,(anonymous_667)
FN:4456,(anonymous_668)
FN:4463,(anonymous_669)
FN:4470,(anonymous_670)
FN:4477,(anonymous_671)
FN:4484,(anonymous_672)
FN:4491,(anonymous_673)
FN:4498,(anonymous_674)
FN:4505,(anonymous_675)
FN:4512,(anonymous_676)
FN:4519,(anonymous_677)
FN:4526,(anonymous_678)
FN:4533,(anonymous_679)
FN:4540,(anonymous_680)
FN:4546,(anonymous_681)
FN:4552,(anonymous_682)
FN:4558,(anonymous_683)
FN:4564,(anonymous_684)
FN:4570,(anonymous_685)
FN:4576,(anonymous_686)
FN:4582,(anonymous_687)
FN:4589,(anonymous_688)
FN:4596,(anonymous_689)
FN:4602,(anonymous_690)
FN:4608,(anonymous_691)
FN:4614,(anonymous_692)
FN:4620,(anonymous_693)
FN:4626,(anonymous_694)
FN:4632,(anonymous_695)
FN:4638,(anonymous_696)
FN:4644,(anonymous_697)
FN:4650,(anonymous_698)
FN:4656,(anonymous_699)
FN:4662,(anonymous_700)
FN:4668,(anonymous_701)
FNF:702
FNH:0
FNDA:0,(anonymous_0)
FNDA:0,(anonymous_1)
FNDA:0,(anonymous_2)
FNDA:0,__webpack_require__
FNDA:0,(anonymous_4)
FNDA:0,(anonymous_5)
FNDA:0,getDefault
FNDA:0,getModuleExports
FNDA:0,(anonymous_8)
FNDA:0,(anonymous_9)
FNDA:0,(anonymous_10)
FNDA:0,(anonymous_11)
FNDA:0,(anonymous_12)
FNDA:0,(anonymous_13)
FNDA:0,(anonymous_14)
FNDA:0,(anonymous_15)
FNDA:0,(anonymous_16)
FNDA:0,(anonymous_17)
FNDA:0,(anonymous_18)
FNDA:0,(anonymous_19)
FNDA:0,(anonymous_20)
FNDA:0,(anonymous_21)
FNDA:0,(anonymous_22)
FNDA:0,(anonymous_23)
FNDA:0,(anonymous_24)
FNDA:0,(anonymous_25)
FNDA:0,(anonymous_26)
FNDA:0,(anonymous_27)
FNDA:0,(anonymous_28)
FNDA:0,(anonymous_29)
FNDA:0,(anonymous_30)
FNDA:0,(anonymous_31)
FNDA:0,(anonymous_32)
FNDA:0,(anonymous_33)
FNDA:0,(anonymous_34)
FNDA:0,(anonymous_35)
FNDA:0,(anonymous_36)
FNDA:0,(anonymous_37)
FNDA:0,(anonymous_38)
FNDA:0,(anonymous_39)
FNDA:0,(anonymous_40)
FNDA:0,(anonymous_41)
FNDA:0,(anonymous_42)
FNDA:0,(anonymous_43)
FNDA:0,(anonymous_44)
FNDA:0,(anonymous_45)
FNDA:0,(anonymous_46)
FNDA:0,(anonymous_47)
FNDA:0,(anonymous_48)
FNDA:0,(anonymous_49)
FNDA:0,(anonymous_50)
FNDA:0,(anonymous_51)
FNDA:0,(anonymous_52)
FNDA:0,(anonymous_53)
FNDA:0,(anonymous_54)
FNDA:0,(anonymous_55)
FNDA:0,(anonymous_56)
FNDA:0,(anonymous_57)
FNDA:0,(anonymous_58)
FNDA:0,(anonymous_59)
FNDA:0,(anonymous_60)
FNDA:0,(anonymous_61)
FNDA:0,(anonymous_62)
FNDA:0,(anonymous_63)
FNDA:0,(anonymous_64)
FNDA:0,(anonymous_65)
FNDA:0,(anonymous_66)
FNDA:0,(anonymous_67)
FNDA:0,(anonymous_68)
FNDA:0,(anonymous_69)
FNDA:0,(anonymous_70)
FNDA:0,(anonymous_71)
FNDA:0,(anonymous_72)
FNDA:0,(anonymous_73)
FNDA:0,(anonymous_74)
FNDA:0,(anonymous_75)
FNDA:0,(anonymous_76)
FNDA:0,(anonymous_77)
FNDA:0,(anonymous_78)
FNDA:0,(anonymous_79)
FNDA:0,(anonymous_80)
FNDA:0,(anonymous_81)
FNDA:0,(anonymous_82)
FNDA:0,(anonymous_83)
FNDA:0,(anonymous_84)
FNDA:0,(anonymous_85)
FNDA:0,(anonymous_86)
FNDA:0,(anonymous_87)
FNDA:0,(anonymous_88)
FNDA:0,(anonymous_89)
FNDA:0,(anonymous_90)
FNDA:0,(anonymous_91)
FNDA:0,(anonymous_92)
FNDA:0,(anonymous_93)
FNDA:0,(anonymous_94)
FNDA:0,(anonymous_95)
FNDA:0,(anonymous_96)
FNDA:0,(anonymous_97)
FNDA:0,(anonymous_98)
FNDA:0,(anonymous_99)
FNDA:0,(anonymous_100)
FNDA:0,(anonymous_101)
FNDA:0,(anonymous_102)
FNDA:0,(anonymous_103)
FNDA:0,(anonymous_104)
FNDA:0,(anonymous_105)
FNDA:0,(anonymous_106)
FNDA:0,(anonymous_107)
FNDA:0,(anonymous_108)
FNDA:0,(anonymous_109)
FNDA:0,(anonymous_110)
FNDA:0,(anonymous_111)
FNDA:0,(anonymous_112)
FNDA:0,(anonymous_113)
FNDA:0,(anonymous_114)
FNDA:0,(anonymous_115)
FNDA:0,(anonymous_116)
FNDA:0,(anonymous_117)
FNDA:0,(anonymous_118)
FNDA:0,(anonymous_119)
FNDA:0,(anonymous_120)
FNDA:0,(anonymous_121)
FNDA:0,(anonymous_122)
FNDA:0,(anonymous_123)
FNDA:0,(anonymous_124)
FNDA:0,(anonymous_125)
FNDA:0,(anonymous_126)
FNDA:0,(anonymous_127)
FNDA:0,(anonymous_128)
FNDA:0,(anonymous_129)
FNDA:0,(anonymous_130)
FNDA:0,(anonymous_131)
FNDA:0,(anonymous_132)
FNDA:0,(anonymous_133)
FNDA:0,(anonymous_134)
FNDA:0,(anonymous_135)
FNDA:0,(anonymous_136)
FNDA:0,(anonymous_137)
FNDA:0,(anonymous_138)
FNDA:0,(anonymous_139)
FNDA:0,(anonymous_140)
FNDA:0,(anonymous_141)
FNDA:0,(anonymous_142)
FNDA:0,(anonymous_143)
FNDA:0,(anonymous_144)
FNDA:0,(anonymous_145)
FNDA:0,(anonymous_146)
FNDA:0,(anonymous_147)
FNDA:0,(anonymous_148)
FNDA:0,(anonymous_149)
FNDA:0,(anonymous_150)
FNDA:0,(anonymous_151)
FNDA:0,(anonymous_152)
FNDA:0,(anonymous_153)
FNDA:0,(anonymous_154)
FNDA:0,(anonymous_155)
FNDA:0,(anonymous_156)
FNDA:0,(anonymous_157)
FNDA:0,(anonymous_158)
FNDA:0,(anonymous_159)
FNDA:0,(anonymous_160)
FNDA:0,(anonymous_161)
FNDA:0,(anonymous_162)
FNDA:0,(anonymous_163)
FNDA:0,(anonymous_164)
FNDA:0,(anonymous_165)
FNDA:0,(anonymous_166)
FNDA:0,(anonymous_167)
FNDA:0,(anonymous_168)
FNDA:0,(anonymous_169)
FNDA:0,(anonymous_170)
FNDA:0,(anonymous_171)
FNDA:0,(anonymous_172)
FNDA:0,(anonymous_173)
FNDA:0,(anonymous_174)
FNDA:0,(anonymous_175)
FNDA:0,(anonymous_176)
FNDA:0,(anonymous_177)
FNDA:0,(anonymous_178)
FNDA:0,(anonymous_179)
FNDA:0,(anonymous_180)
FNDA:0,(anonymous_181)
FNDA:0,(anonymous_182)
FNDA:0,(anonymous_183)
FNDA:0,(anonymous_184)
FNDA:0,(anonymous_185)
FNDA:0,(anonymous_186)
FNDA:0,(anonymous_187)
FNDA:0,(anonymous_188)
FNDA:0,(anonymous_189)
FNDA:0,(anonymous_190)
FNDA:0,(anonymous_191)
FNDA:0,(anonymous_192)
FNDA:0,(anonymous_193)
FNDA:0,(anonymous_194)
FNDA:0,(anonymous_195)
FNDA:0,(anonymous_196)
FNDA:0,(anonymous_197)
FNDA:0,(anonymous_198)
FNDA:0,(anonymous_199)
FNDA:0,(anonymous_200)
FNDA:0,(anonymous_201)
FNDA:0,(anonymous_202)
FNDA:0,(anonymous_203)
FNDA:0,(anonymous_204)
FNDA:0,(anonymous_205)
FNDA:0,(anonymous_206)
FNDA:0,(anonymous_207)
FNDA:0,(anonymous_208)
FNDA:0,(anonymous_209)
FNDA:0,(anonymous_210)
FNDA:0,(anonymous_211)
FNDA:0,(anonymous_212)
FNDA:0,(anonymous_213)
FNDA:0,(anonymous_214)
FNDA:0,(anonymous_215)
FNDA:0,(anonymous_216)
FNDA:0,(anonymous_217)
FNDA:0,(anonymous_218)
FNDA:0,(anonymous_219)
FNDA:0,(anonymous_220)
FNDA:0,(anonymous_221)
FNDA:0,(anonymous_222)
FNDA:0,(anonymous_223)
FNDA:0,(anonymous_224)
FNDA:0,(anonymous_225)
FNDA:0,(anonymous_226)
FNDA:0,(anonymous_227)
FNDA:0,(anonymous_228)
FNDA:0,(anonymous_229)
FNDA:0,(anonymous_230)
FNDA:0,(anonymous_231)
FNDA:0,(anonymous_232)
FNDA:0,(anonymous_233)
FNDA:0,(anonymous_234)
FNDA:0,(anonymous_235)
FNDA:0,(anonymous_236)
FNDA:0,(anonymous_237)
FNDA:0,(anonymous_238)
FNDA:0,(anonymous_239)
FNDA:0,(anonymous_240)
FNDA:0,(anonymous_241)
FNDA:0,(anonymous_242)
FNDA:0,(anonymous_243)
FNDA:0,(anonymous_244)
FNDA:0,(anonymous_245)
FNDA:0,(anonymous_246)
FNDA:0,(anonymous_247)
FNDA:0,(anonymous_248)
FNDA:0,(anonymous_249)
FNDA:0,(anonymous_250)
FNDA:0,(anonymous_251)
FNDA:0,(anonymous_252)
FNDA:0,(anonymous_253)
FNDA:0,(anonymous_254)
FNDA:0,(anonymous_255)
FNDA:0,(anonymous_256)
FNDA:0,(anonymous_257)
FNDA:0,(anonymous_258)
FNDA:0,(anonymous_259)
FNDA:0,(anonymous_260)
FNDA:0,(anonymous_261)
FNDA:0,(anonymous_262)
FNDA:0,(anonymous_263)
FNDA:0,(anonymous_264)
FNDA:0,(anonymous_265)
FNDA:0,(anonymous_266)
FNDA:0,(anonymous_267)
FNDA:0,(anonymous_268)
FNDA:0,(anonymous_269)
FNDA:0,(anonymous_270)
FNDA:0,(anonymous_271)
FNDA:0,(anonymous_272)
FNDA:0,(anonymous_273)
FNDA:0,(anonymous_274)
FNDA:0,(anonymous_275)
FNDA:0,(anonymous_276)
FNDA:0,(anonymous_277)
FNDA:0,(anonymous_278)
FNDA:0,(anonymous_279)
FNDA:0,(anonymous_280)
FNDA:0,(anonymous_281)
FNDA:0,(anonymous_282)
FNDA:0,(anonymous_283)
FNDA:0,(anonymous_284)
FNDA:0,(anonymous_285)
FNDA:0,(anonymous_286)
FNDA:0,(anonymous_287)
FNDA:0,(anonymous_288)
FNDA:0,(anonymous_289)
FNDA:0,(anonymous_290)
FNDA:0,(anonymous_291)
FNDA:0,(anonymous_292)
FNDA:0,(anonymous_293)
FNDA:0,(anonymous_294)
FNDA:0,(anonymous_295)
FNDA:0,(anonymous_296)
FNDA:0,(anonymous_297)
FNDA:0,(anonymous_298)
FNDA:0,(anonymous_299)
FNDA:0,(anonymous_300)
FNDA:0,(anonymous_301)
FNDA:0,(anonymous_302)
FNDA:0,(anonymous_303)
FNDA:0,(anonymous_304)
FNDA:0,(anonymous_305)
FNDA:0,(anonymous_306)
FNDA:0,(anonymous_307)
FNDA:0,(anonymous_308)
FNDA:0,(anonymous_309)
FNDA:0,(anonymous_310)
FNDA:0,(anonymous_311)
FNDA:0,(anonymous_312)
FNDA:0,(anonymous_313)
FNDA:0,(anonymous_314)
FNDA:0,(anonymous_315)
FNDA:0,(anonymous_316)
FNDA:0,(anonymous_317)
FNDA:0,(anonymous_318)
FNDA:0,(anonymous_319)
FNDA:0,(anonymous_320)
FNDA:0,(anonymous_321)
FNDA:0,(anonymous_322)
FNDA:0,(anonymous_323)
FNDA:0,(anonymous_324)
FNDA:0,(anonymous_325)
FNDA:0,(anonymous_326)
FNDA:0,(anonymous_327)
FNDA:0,(anonymous_328)
FNDA:0,(anonymous_329)
FNDA:0,(anonymous_330)
FNDA:0,(anonymous_331)
FNDA:0,(anonymous_332)
FNDA:0,(anonymous_333)
FNDA:0,(anonymous_334)
FNDA:0,(anonymous_335)
FNDA:0,(anonymous_336)
FNDA:0,(anonymous_337)
FNDA:0,(anonymous_338)
FNDA:0,(anonymous_339)
FNDA:0,(anonymous_340)
FNDA:0,(anonymous_341)
FNDA:0,(anonymous_342)
FNDA:0,(anonymous_343)
FNDA:0,(anonymous_344)
FNDA:0,(anonymous_345)
FNDA:0,(anonymous_346)
FNDA:0,(anonymous_347)
FNDA:0,(anonymous_348)
FNDA:0,(anonymous_349)
FNDA:0,(anonymous_350)
FNDA:0,(anonymous_351)
FNDA:0,(anonymous_352)
FNDA:0,(anonymous_353)
FNDA:0,(anonymous_354)
FNDA:0,(anonymous_355)
FNDA:0,(anonymous_356)
FNDA:0,(anonymous_357)
FNDA:0,(anonymous_358)
FNDA:0,(anonymous_359)
FNDA:0,(anonymous_360)
FNDA:0,(anonymous_361)
FNDA:0,(anonymous_362)
FNDA:0,(anonymous_363)
FNDA:0,(anonymous_364)
FNDA:0,(anonymous_365)
FNDA:0,(anonymous_366)
FNDA:0,(anonymous_367)
FNDA:0,(anonymous_368)
FNDA:0,(anonymous_369)
FNDA:0,(anonymous_370)
FNDA:0,(anonymous_371)
FNDA:0,(anonymous_372)
FNDA:0,(anonymous_373)
FNDA:0,(anonymous_374)
FNDA:0,(anonymous_375)
FNDA:0,(anonymous_376)
FNDA:0,(anonymous_377)
FNDA:0,(anonymous_378)
FNDA:0,(anonymous_379)
FNDA:0,(anonymous_380)
FNDA:0,(anonymous_381)
FNDA:0,(anonymous_382)
FNDA:0,(anonymous_383)
FNDA:0,(anonymous_384)
FNDA:0,(anonymous_385)
FNDA:0,(anonymous_386)
FNDA:0,(anonymous_387)
FNDA:0,(anonymous_388)
FNDA:0,(anonymous_389)
FNDA:0,(anonymous_390)
FNDA:0,(anonymous_391)
FNDA:0,(anonymous_392)
FNDA:0,(anonymous_393)
FNDA:0,(anonymous_394)
FNDA:0,(anonymous_395)
FNDA:0,(anonymous_396)
FNDA:0,(anonymous_397)
FNDA:0,(anonymous_398)
FNDA:0,(anonymous_399)
FNDA:0,(anonymous_400)
FNDA:0,(anonymous_401)
FNDA:0,(anonymous_402)
FNDA:0,(anonymous_403)
FNDA:0,(anonymous_404)
FNDA:0,(anonymous_405)
FNDA:0,(anonymous_406)
FNDA:0,(anonymous_407)
FNDA:0,(anonymous_408)
FNDA:0,(anonymous_409)
FNDA:0,(anonymous_410)
FNDA:0,(anonymous_411)
FNDA:0,(anonymous_412)
FNDA:0,(anonymous_413)
FNDA:0,(anonymous_414)
FNDA:0,(anonymous_415)
FNDA:0,(anonymous_416)
FNDA:0,(anonymous_417)
FNDA:0,(anonymous_418)
FNDA:0,(anonymous_419)
FNDA:0,(anonymous_420)
FNDA:0,(anonymous_421)
FNDA:0,(anonymous_422)
FNDA:0,(anonymous_423)
FNDA:0,(anonymous_424)
FNDA:0,(anonymous_425)
FNDA:0,(anonymous_426)
FNDA:0,(anonymous_427)
FNDA:0,(anonymous_428)
FNDA:0,(anonymous_429)
FNDA:0,(anonymous_430)
FNDA:0,(anonymous_431)
FNDA:0,(anonymous_432)
FNDA:0,(anonymous_433)
FNDA:0,(anonymous_434)
FNDA:0,(anonymous_435)
FNDA:0,(anonymous_436)
FNDA:0,(anonymous_437)
FNDA:0,(anonymous_438)
FNDA:0,(anonymous_439)
FNDA:0,(anonymous_440)
FNDA:0,(anonymous_441)
FNDA:0,(anonymous_442)
FNDA:0,(anonymous_443)
FNDA:0,(anonymous_444)
FNDA:0,(anonymous_445)
FNDA:0,(anonymous_446)
FNDA:0,(anonymous_447)
FNDA:0,(anonymous_448)
FNDA:0,(anonymous_449)
FNDA:0,(anonymous_450)
FNDA:0,(anonymous_451)
FNDA:0,(anonymous_452)
FNDA:0,(anonymous_453)
FNDA:0,(anonymous_454)
FNDA:0,(anonymous_455)
FNDA:0,(anonymous_456)
FNDA:0,(anonymous_457)
FNDA:0,(anonymous_458)
FNDA:0,(anonymous_459)
FNDA:0,(anonymous_460)
FNDA:0,(anonymous_461)
FNDA:0,(anonymous_462)
FNDA:0,(anonymous_463)
FNDA:0,(anonymous_464)
FNDA:0,(anonymous_465)
FNDA:0,(anonymous_466)
FNDA:0,(anonymous_467)
FNDA:0,(anonymous_468)
FNDA:0,(anonymous_469)
FNDA:0,(anonymous_470)
FNDA:0,(anonymous_471)
FNDA:0,(anonymous_472)
FNDA:0,(anonymous_473)
FNDA:0,(anonymous_474)
FNDA:0,(anonymous_475)
FNDA:0,(anonymous_476)
FNDA:0,(anonymous_477)
FNDA:0,(anonymous_478)
FNDA:0,(anonymous_479)
FNDA:0,(anonymous_480)
FNDA:0,(anonymous_481)
FNDA:0,(anonymous_482)
FNDA:0,(anonymous_483)
FNDA:0,(anonymous_484)
FNDA:0,(anonymous_485)
FNDA:0,(anonymous_486)
FNDA:0,(anonymous_487)
FNDA:0,(anonymous_488)
FNDA:0,(anonymous_489)
FNDA:0,(anonymous_490)
FNDA:0,(anonymous_491)
FNDA:0,(anonymous_492)
FNDA:0,(anonymous_493)
FNDA:0,(anonymous_494)
FNDA:0,(anonymous_495)
FNDA:0,(anonymous_496)
FNDA:0,(anonymous_497)
FNDA:0,(anonymous_498)
FNDA:0,(anonymous_499)
FNDA:0,(anonymous_500)
FNDA:0,(anonymous_501)
FNDA:0,(anonymous_502)
FNDA:0,(anonymous_503)
FNDA:0,(anonymous_504)
FNDA:0,(anonymous_505)
FNDA:0,(anonymous_506)
FNDA:0,(anonymous_507)
FNDA:0,(anonymous_508)
FNDA:0,(anonymous_509)
FNDA:0,(anonymous_510)
FNDA:0,(anonymous_511)
FNDA:0,(anonymous_512)
FNDA:0,(anonymous_513)
FNDA:0,(anonymous_514)
FNDA:0,(anonymous_515)
FNDA:0,(anonymous_516)
FNDA:0,(anonymous_517)
FNDA:0,(anonymous_518)
FNDA:0,(anonymous_519)
FNDA:0,(anonymous_520)
FNDA:0,(anonymous_521)
FNDA:0,(anonymous_522)
FNDA:0,(anonymous_523)
FNDA:0,(anonymous_524)
FNDA:0,(anonymous_525)
FNDA:0,(anonymous_526)
FNDA:0,(anonymous_527)
FNDA:0,(anonymous_528)
FNDA:0,(anonymous_529)
FNDA:0,(anonymous_530)
FNDA:0,(anonymous_531)
FNDA:0,(anonymous_532)
FNDA:0,(anonymous_533)
FNDA:0,(anonymous_534)
FNDA:0,(anonymous_535)
FNDA:0,(anonymous_536)
FNDA:0,(anonymous_537)
FNDA:0,(anonymous_538)
FNDA:0,(anonymous_539)
FNDA:0,(anonymous_540)
FNDA:0,(anonymous_541)
FNDA:0,(anonymous_542)
FNDA:0,(anonymous_543)
FNDA:0,(anonymous_544)
FNDA:0,(anonymous_545)
FNDA:0,(anonymous_546)
FNDA:0,(anonymous_547)
FNDA:0,(anonymous_548)
FNDA:0,(anonymous_549)
FNDA:0,(anonymous_550)
FNDA:0,(anonymous_551)
FNDA:0,(anonymous_552)
FNDA:0,(anonymous_553)
FNDA:0,(anonymous_554)
FNDA:0,(anonymous_555)
FNDA:0,(anonymous_556)
FNDA:0,(anonymous_557)
FNDA:0,(anonymous_558)
FNDA:0,(anonymous_559)
FNDA:0,(anonymous_560)
FNDA:0,(anonymous_561)
FNDA:0,(anonymous_562)
FNDA:0,(anonymous_563)
FNDA:0,(anonymous_564)
FNDA:0,(anonymous_565)
FNDA:0,(anonymous_566)
FNDA:0,(anonymous_567)
FNDA:0,(anonymous_568)
FNDA:0,(anonymous_569)
FNDA:0,(anonymous_570)
FNDA:0,(anonymous_571)
FNDA:0,(anonymous_572)
FNDA:0,(anonymous_573)
FNDA:0,(anonymous_574)
FNDA:0,(anonymous_575)
FNDA:0,(anonymous_576)
FNDA:0,(anonymous_577)
FNDA:0,(anonymous_578)
FNDA:0,(anonymous_579)
FNDA:0,(anonymous_580)
FNDA:0,(anonymous_581)
FNDA:0,(anonymous_582)
FNDA:0,(anonymous_583)
FNDA:0,(anonymous_584)
FNDA:0,(anonymous_585)
FNDA:0,(anonymous_586)
FNDA:0,(anonymous_587)
FNDA:0,(anonymous_588)
FNDA:0,(anonymous_589)
FNDA:0,(anonymous_590)
FNDA:0,(anonymous_591)
FNDA:0,(anonymous_592)
FNDA:0,(anonymous_593)
FNDA:0,(anonymous_594)
FNDA:0,(anonymous_595)
FNDA:0,(anonymous_596)
FNDA:0,(anonymous_597)
FNDA:0,(anonymous_598)
FNDA:0,(anonymous_599)
FNDA:0,(anonymous_600)
FNDA:0,(anonymous_601)
FNDA:0,(anonymous_602)
FNDA:0,(anonymous_603)
FNDA:0,(anonymous_604)
FNDA:0,(anonymous_605)
FNDA:0,(anonymous_606)
FNDA:0,(anonymous_607)
FNDA:0,(anonymous_608)
FNDA:0,(anonymous_609)
FNDA:0,(anonymous_610)
FNDA:0,(anonymous_611)
FNDA:0,(anonymous_612)
FNDA:0,(anonymous_613)
FNDA:0,(anonymous_614)
FNDA:0,(anonymous_615)
FNDA:0,(anonymous_616)
FNDA:0,(anonymous_617)
FNDA:0,(anonymous_618)
FNDA:0,(anonymous_619)
FNDA:0,(anonymous_620)
FNDA:0,(anonymous_621)
FNDA:0,(anonymous_622)
FNDA:0,(anonymous_623)
FNDA:0,(anonymous_624)
FNDA:0,(anonymous_625)
FNDA:0,(anonymous_626)
FNDA:0,(anonymous_627)
FNDA:0,(anonymous_628)
FNDA:0,(anonymous_629)
FNDA:0,(anonymous_630)
FNDA:0,(anonymous_631)
FNDA:0,(anonymous_632)
FNDA:0,(anonymous_633)
FNDA:0,(anonymous_634)
FNDA:0,(anonymous_635)
FNDA:0,(anonymous_636)
FNDA:0,(anonymous_637)
FNDA:0,(anonymous_638)
FNDA:0,(anonymous_639)
FNDA:0,(anonymous_640)
FNDA:0,(anonymous_641)
FNDA:0,(anonymous_642)
FNDA:0,(anonymous_643)
FNDA:0,(anonymous_644)
FNDA:0,(anonymous_645)
FNDA:0,(anonymous_646)
FNDA:0,(anonymous_647)
FNDA:0,(anonymous_648)
FNDA:0,(anonymous_649)
FNDA:0,(anonymous_650)
FNDA:0,(anonymous_651)
FNDA:0,(anonymous_652)
FNDA:0,(anonymous_653)
FNDA:0,(anonymous_654)
FNDA:0,(anonymous_655)
FNDA:0,(anonymous_656)
FNDA:0,(anonymous_657)
FNDA:0,(anonymous_658)
FNDA:0,(anonymous_659)
FNDA:0,(anonymous_660)
FNDA:0,(anonymous_661)
FNDA:0,(anonymous_662)
FNDA:0,(anonymous_663)
FNDA:0,(anonymous_664)
FNDA:0,(anonymous_665)
FNDA:0,(anonymous_666)
FNDA:0,(anonymous_667)
FNDA:0,(anonymous_668)
FNDA:0,(anonymous_669)
FNDA:0,(anonymous_670)
FNDA:0,(anonymous_671)
FNDA:0,(anonymous_672)
FNDA:0,(anonymous_673)
FNDA:0,(anonymous_674)
FNDA:0,(anonymous_675)
FNDA:0,(anonymous_676)
FNDA:0,(anonymous_677)
FNDA:0,(anonymous_678)
FNDA:0,(anonymous_679)
FNDA:0,(anonymous_680)
FNDA:0,(anonymous_681)
FNDA:0,(anonymous_682)
FNDA:0,(anonymous_683)
FNDA:0,(anonymous_684)
FNDA:0,(anonymous_685)
FNDA:0,(anonymous_686)
FNDA:0,(anonymous_687)
FNDA:0,(anonymous_688)
FNDA:0,(anonymous_689)
FNDA:0,(anonymous_690)
FNDA:0,(anonymous_691)
FNDA:0,(anonymous_692)
FNDA:0,(anonymous_693)
FNDA:0,(anonymous_694)
FNDA:0,(anonymous_695)
FNDA:0,(anonymous_696)
FNDA:0,(anonymous_697)
FNDA:0,(anonymous_698)
FNDA:0,(anonymous_699)
FNDA:0,(anonymous_700)
FNDA:0,(anonymous_701)
DA:1,0
DA:3,0
DA:9,0
DA:10,0
DA:13,0
DA:20,0
DA:23,0
DA:26,0
DA:31,0
DA:34,0
DA:37,0
DA:38,0
DA:39,0
DA:48,0
DA:49,0
DA:50,0
DA:51,0
DA:52,0
DA:53,0
DA:57,0
DA:60,0
DA:63,0
DA:71,0
DA:77,0
DA:83,0
DA:90,0
DA:97,0
DA:104,0
DA:111,0
DA:118,0
DA:124,0
DA:131,0
DA:138,0
DA:145,0
DA:152,0
DA:159,0
DA:166,0
DA:173,0
DA:180,0
DA:187,0
DA:194,0
DA:201,0
DA:208,0
DA:215,0
DA:222,0
DA:229,0
DA:236,0
DA:243,0
DA:250,0
DA:256,0
DA:262,0
DA:269,0
DA:276,0
DA:283,0
DA:289,0
DA:295,0
DA:302,0
DA:309,0
DA:315,0
DA:321,0
DA:327,0
DA:334,0
DA:341,0
DA:348,0
DA:355,0
DA:362,0
DA:369,0
DA:375,0
DA:381,0
DA:387,0
DA:393,0
DA:399,0
DA:406,0
DA:413,0
DA:420,0
DA:427,0
DA:434,0
DA:441,0
DA:448,0
DA:455,0
DA:462,0
DA:469,0
DA:476,0
DA:482,0
DA:488,0
DA:494,0
DA:500,0
DA:506,0
DA:513,0
DA:520,0
DA:527,0
DA:534,0
DA:541,0
DA:548,0
DA:555,0
DA:562,0
DA:569,0
DA:576,0
DA:583,0
DA:589,0
DA:596,0
DA:603,0
DA:610,0
DA:617,0
DA:624,0
DA:631,0
DA:638,0
DA:645,0
DA:652,0
DA:659,0
DA:666,0
DA:673,0
DA:679,0
DA:685,0
DA:692,0
DA:699,0
DA:706,0
DA:713,0
DA:720,0
DA:727,0
DA:734,0
DA:741,0
DA:748,0
DA:755,0
DA:762,0
DA:768,0
DA:775,0
DA:782,0
DA:789,0
DA:796,0
DA:803,0
DA:810,0
DA:817,0
DA:824,0
DA:831,0
DA:838,0
DA:845,0
DA:852,0
DA:859,0
DA:866,0
DA:872,0
DA:878,0
DA:885,0
DA:892,0
DA:898,0
DA:904,0
DA:910,0
DA:916,0
DA:922,0
DA:928,0
DA:934,0
DA:940,0
DA:946,0
DA:952,0
DA:959,0
DA:965,0
DA:971,0
DA:977,0
DA:983,0
DA:989,0
DA:996,0
DA:1003,0
DA:1010,0
DA:1017,0
DA:1023,0
DA:1030,0
DA:1037,0
DA:1044,0
DA:1051,0
DA:1058,0
DA:1065,0
DA:1072,0
DA:1079,0
DA:1086,0
DA:1093,0
DA:1100,0
DA:1107,0
DA:1114,0
DA:1121,0
DA:1128,0
DA:1135,0
DA:1142,0
DA:1149,0
DA:1156,0
DA:1163,0
DA:1170,0
DA:1177,0
DA:1184,0
DA:1191,0
DA:1198,0
DA:1205,0
DA:1212,0
DA:1219,0
DA:1226,0
DA:1233,0
DA:1240,0
DA:1247,0
DA:1254,0
DA:1261,0
DA:1268,0
DA:1275,0
DA:1282,0
DA:1289,0
DA:1296,0
DA:1303,0
DA:1310,0
DA:1317,0
DA:1324,0
DA:1331,0
DA:1338,0
DA:1345,0
DA:1352,0
DA:1359,0
DA:1366,0
DA:1373,0
DA:1379,0
DA:1386,0
DA:1393,0
DA:1400,0
DA:1407,0
DA:1414,0
DA:1420,0
DA:1426,0
DA:1432,0
DA:1438,0
DA:1444,0
DA:1450,0
DA:1457,0
DA:1464,0
DA:1470,0
DA:1476,0
DA:1482,0
DA:1489,0
DA:1495,0
DA:1501,0
DA:1508,0
DA:1515,0
DA:1522,0
DA:1529,0
DA:1536,0
DA:1543,0
DA:1550,0
DA:1557,0
DA:1564,0
DA:1571,0
DA:1578,0
DA:1585,0
DA:1592,0
DA:1599,0
DA:1606,0
DA:1613,0
DA:1620,0
DA:1627,0
DA:1634,0
DA:1641,0
DA:1648,0
DA:1655,0
DA:1662,0
DA:1669,0
DA:1676,0
DA:1683,0
DA:1690,0
DA:1697,0
DA:1704,0
DA:1711,0
DA:1717,0
DA:1723,0
DA:1729,0
DA:1735,0
DA:1741,0
DA:1747,0
DA:1753,0
DA:1759,0
DA:1765,0
DA:1771,0
DA:1777,0
DA:1783,0
DA:1789,0
DA:1795,0
DA:1801,0
DA:1807,0
DA:1813,0
DA:1819,0
DA:1825,0
DA:1831,0
DA:1837,0
DA:1843,0
DA:1849,0
DA:1855,0
DA:1861,0
DA:1867,0
DA:1873,0
DA:1879,0
DA:1885,0
DA:1891,0
DA:1897,0
DA:1903,0
DA:1909,0
DA:1915,0
DA:1921,0
DA:1927,0
DA:1933,0
DA:1939,0
DA:1945,0
DA:1951,0
DA:1957,0
DA:1963,0
DA:1969,0
DA:1975,0
DA:1981,0
DA:1987,0
DA:1993,0
DA:1999,0
DA:2005,0
DA:2011,0
DA:2017,0
DA:2023,0
DA:2029,0
DA:2035,0
DA:2041,0
DA:2047,0
DA:2053,0
DA:2059,0
DA:2065,0
DA:2071,0
DA:2077,0
DA:2083,0
DA:2089,0
DA:2095,0
DA:2101,0
DA:2107,0
DA:2113,0
DA:2119,0
DA:2125,0
DA:2131,0
DA:2137,0
DA:2143,0
DA:2149,0
DA:2155,0
DA:2161,0
DA:2167,0
DA:2173,0
DA:2179,0
DA:2185,0
DA:2191,0
DA:2197,0
DA:2203,0
DA:2209,0
DA:2215,0
DA:2221,0
DA:2227,0
DA:2233,0
DA:2239,0
DA:2245,0
DA:2251,0
DA:2257,0
DA:2263,0
DA:2269,0
DA:2275,0
DA:2281,0
DA:2287,0
DA:2293,0
DA:2299,0
DA:2305,0
DA:2311,0
DA:2317,0
DA:2323,0
DA:2329,0
DA:2335,0
DA:2341,0
DA:2347,0
DA:2353,0
DA:2359,0
DA:2365,0
DA:2371,0
DA:2377,0
DA:2383,0
DA:2389,0
DA:2395,0
DA:2401,0
DA:2407,0
DA:2413,0
DA:2419,0
DA:2425,0
DA:2432,0
DA:2439,0
DA:2446,0
DA:2453,0
DA:2460,0
DA:2467,0
DA:2474,0
DA:2481,0
DA:2488,0
DA:2495,0
DA:2502,0
DA:2509,0
DA:2516,0
DA:2523,0
DA:2530,0
DA:2537,0
DA:2544,0
DA:2551,0
DA:2558,0
DA:2565,0
DA:2572,0
DA:2579,0
DA:2586,0
DA:2593,0
DA:2600,0
DA:2607,0
DA:2614,0
DA:2621,0
DA:2628,0
DA:2635,0
DA:2642,0
DA:2649,0
DA:2656,0
DA:2663,0
DA:2670,0
DA:2677,0
DA:2684,0
DA:2691,0
DA:2698,0
DA:2705,0
DA:2712,0
DA:2719,0
DA:2726,0
DA:2733,0
DA:2740,0
DA:2747,0
DA:2754,0
DA:2761,0
DA:2768,0
DA:2775,0
DA:2782,0
DA:2789,0
DA:2796,0
DA:2803,0
DA:2810,0
DA:2817,0
DA:2824,0
DA:2831,0
DA:2838,0
DA:2845,0
DA:2852,0
DA:2859,0
DA:2866,0
DA:2873,0
DA:2880,0
DA:2887,0
DA:2894,0
DA:2901,0
DA:2908,0
DA:2915,0
DA:2922,0
DA:2929,0
DA:2936,0
DA:2943,0
DA:2950,0
DA:2957,0
DA:2964,0
DA:2971,0
DA:2978,0
DA:2985,0
DA:2992,0
DA:2999,0
DA:3006,0
DA:3013,0
DA:3020,0
DA:3027,0
DA:3034,0
DA:3041,0
DA:3048,0
DA:3055,0
DA:3062,0
DA:3069,0
DA:3076,0
DA:3083,0
DA:3090,0
DA:3097,0
DA:3104,0
DA:3111,0
DA:3118,0
DA:3124,0
DA:3130,0
DA:3137,0
DA:3144,0
DA:3151,0
DA:3158,0
DA:3165,0
DA:3172,0
DA:3179,0
DA:3186,0
DA:3193,0
DA:3200,0
DA:3207,0
DA:3214,0
DA:3221,0
DA:3228,0
DA:3235,0
DA:3242,0
DA:3249,0
DA:3256,0
DA:3263,0
DA:3270,0
DA:3277,0
DA:3284,0
DA:3291,0
DA:3298,0
DA:3305,0
DA:3312,0
DA:3319,0
DA:3326,0
DA:3332,0
DA:3339,0
DA:3346,0
DA:3353,0
DA:3360,0
DA:3367,0
DA:3374,0
DA:3381,0
DA:3388,0
DA:3395,0
DA:3402,0
DA:3409,0
DA:3416,0
DA:3422,0
DA:3428,0
DA:3434,0
DA:3440,0
DA:3447,0
DA:3454,0
DA:3460,0
DA:3467,0
DA:3474,0
DA:3481,0
DA:3488,0
DA:3495,0
DA:3502,0
DA:3509,0
DA:3516,0
DA:3523,0
DA:3530,0
DA:3537,0
DA:3544,0
DA:3551,0
DA:3558,0
DA:3565,0
DA:3572,0
DA:3579,0
DA:3586,0
DA:3592,0
DA:3598,0
DA:3604,0
DA:3611,0
DA:3617,0
DA:3623,0
DA:3629,0
DA:3636,0
DA:3642,0
DA:3648,0
DA:3654,0
DA:3660,0
DA:3666,0
DA:3673,0
DA:3679,0
DA:3685,0
DA:3691,0
DA:3697,0
DA:3704,0
DA:3710,0
DA:3716,0
DA:3722,0
DA:3728,0
DA:3735,0
DA:3741,0
DA:3747,0
DA:3753,0
DA:3759,0
DA:3765,0
DA:3771,0
DA:3777,0
DA:3783,0
DA:3789,0
DA:3795,0
DA:3801,0
DA:3807,0
DA:3813,0
DA:3819,0
DA:3825,0
DA:3831,0
DA:3838,0
DA:3844,0
DA:3850,0
DA:3857,0
DA:3864,0
DA:3871,0
DA:3878,0
DA:3885,0
DA:3892,0
DA:3899,0
DA:3906,0
DA:3913,0
DA:3920,0
DA:3927,0
DA:3934,0
DA:3941,0
DA:3948,0
DA:3955,0
DA:3962,0
DA:3969,0
DA:3976,0
DA:3983,0
DA:3989,0
DA:3995,0
DA:4002,0
DA:4008,0
DA:4014,0
DA:4021,0
DA:4027,0
DA:4033,0
DA:4039,0
DA:4046,0
DA:4053,0
DA:4060,0
DA:4067,0
DA:4074,0
DA:4081,0
DA:4088,0
DA:4095,0
DA:4102,0
DA:4109,0
DA:4116,0
DA:4123,0
DA:4130,0
DA:4137,0
DA:4144,0
DA:4151,0
DA:4158,0
DA:4165,0
DA:4172,0
DA:4179,0
DA:4186,0
DA:4193,0
DA:4200,0
DA:4207,0
DA:4214,0
DA:4221,0
DA:4228,0
DA:4235,0
DA:4242,0
DA:4249,0
DA:4256,0
DA:4263,0
DA:4270,0
DA:4277,0
DA:4284,0
DA:4291,0
DA:4298,0
DA:4305,0
DA:4312,0
DA:4319,0
DA:4326,0
DA:4333,0
DA:4340,0
DA:4347,0
DA:4354,0
DA:4361,0
DA:4368,0
DA:4375,0
DA:4382,0
DA:4389,0
DA:4396,0
DA:4403,0
DA:4410,0
DA:4417,0
DA:4424,0
DA:4431,0
DA:4438,0
DA:4445,0
DA:4452,0
DA:4459,0
DA:4466,0
DA:4473,0
DA:4480,0
DA:4487,0
DA:4494,0
DA:4501,0
DA:4508,0
DA:4515,0
DA:4522,0
DA:4529,0
DA:4536,0
DA:4542,0
DA:4548,0
DA:4554,0
DA:4560,0
DA:4566,0
DA:4572,0
DA:4578,0
DA:4585,0
DA:4592,0
DA:4598,0
DA:4604,0
DA:4610,0
DA:4616,0
DA:4622,0
DA:4628,0
DA:4634,0
DA:4640,0
DA:4646,0
DA:4652,0
DA:4658,0
DA:4664,0
DA:4670,0
LF:715
LH:0
BRDA:1,0,0,0
BRDA:1,0,1,0
BRDA:1,1,0,0
BRDA:1,1,1,0
BRDA:1,2,0,0
BRDA:1,2,1,0
BRDA:9,3,0,0
BRDA:9,3,1,0
BRDA:38,4,0,0
BRDA:38,4,1,0
BRDA:49,5,0,0
BRDA:49,5,1,0
BRDA:49,6,0,0
BRDA:49,6,1,0
BRF:14
BRH:0
end_of_record
TN:
SF:/Users/michaelquinlan/Development/informaportal/informaportal/reducers/reducer_index.js
FN:1,(anonymous_0)
FN:1,(anonymous_1)
FN:1,_interopRequireDefault
FNF:3
FNH:0
FNDA:0,(anonymous_0)
FNDA:0,(anonymous_1)
FNDA:0,_interopRequireDefault
DA:1,0
DA:6,0
DA:11,0
LF:3
LH:0
BRDA:1,0,0,0
BRDA:1,0,1,0
BRDA:1,1,0,0
BRDA:1,1,1,0
BRDA:1,2,0,0
BRDA:1,2,1,0
BRDA:1,3,0,0
BRDA:1,3,1,0
BRDA:1,4,0,0
BRDA:1,4,1,0
BRF:10
BRH:0
end_of_record
TN:
SF:/Users/michaelquinlan/Development/informaportal/informaportal/reducers/reducer_news.js
FN:1,(anonymous_0)
FN:1,(anonymous_1)
FN:3,(anonymous_2)
FNF:3
FNH:0
FNDA:0,(anonymous_0)
FNDA:0,(anonymous_1)
FNDA:0,(anonymous_2)
DA:1,0
DA:3,0
DA:4,0
DA:5,0
DA:7,0
DA:8,0
DA:12,0
LF:7
LH:0
BRDA:1,0,0,0
BRDA:1,0,1,0
BRDA:1,1,0,0
BRDA:1,1,1,0
BRDA:1,2,0,0
BRDA:1,2,1,0
BRDA:3,3,0,0
BRDA:3,3,1,0
BRDA:3,4,0,0
BRDA:3,4,1,0
BRDA:5,5,0,0
BRDA:5,5,1,0
BRDA:7,6,0,0
BRDA:7,6,1,0
BRF:14
BRH:0
end_of_record
TN:
SF:/Users/michaelquinlan/Development/informaportal/informaportal/reducers/reducer_weather.js
FN:1,(anonymous_0)
FN:1,(anonymous_1)
FN:3,(anonymous_2)
FNF:3
FNH:0
FNDA:0,(anonymous_0)
FNDA:0,(anonymous_1)
FNDA:0,(anonymous_2)
DA:1,0
DA:3,0
DA:4,0
DA:5,0
DA:7,0
DA:8,0
DA:9,0
DA:10,0
DA:13,0
DA:14,0
DA:15,0
DA:17,0
DA:20,0
LF:13
LH:0
BRDA:1,0,0,0
BRDA:1,0,1,0
BRDA:1,1,0,0
BRDA:1,1,1,0
BRDA:1,2,0,0
BRDA:1,2,1,0
BRDA:3,3,0,0
BRDA:3,3,1,0
BRDA:3,4,0,0
BRDA:3,4,1,0
BRDA:5,5,0,0
BRDA:5,5,1,0
BRDA:7,6,0,0
BRDA:7,6,1,0
BRDA:13,7,0,0
BRDA:13,7,1,0
BRF:16
BRH:0
end_of_record
